2021-10-29 10:58:14.090 [main-51] INFO  CeshirenPOCodeSearchPageTest.init - 项目模块{ CeshirenPOCodeSearchPageTest }测试用例开始执行
2021-10-29 10:58:14.108 [main-71] INFO  com.framework.basepage.BaseBrowser.<init> - 开始加载浏览器配置信息
2021-10-29 10:58:14.110 [main-80] INFO  com.framework.basepage.BaseBrowser.<init> - browserName=chrome
2021-10-29 10:58:14.110 [main-81] INFO  com.framework.basepage.BaseBrowser.<init> - terminal=pc
2021-10-29 10:58:14.110 [main-82] INFO  com.framework.basepage.BaseBrowser.<init> - deviceName=desktop
2021-10-29 10:58:14.110 [main-83] INFO  com.framework.basepage.BaseBrowser.<init> - remotePort=4444
2021-10-29 10:58:14.111 [main-84] INFO  com.framework.basepage.BaseBrowser.<init> - remoteIP=
2021-10-29 10:58:14.111 [main-85] INFO  com.framework.basepage.BaseBrowser.<init> - browserVersion=
2021-10-29 10:58:16.082 [main-110] INFO  com.framework.basedriver.BaseDriver.startBrowser - 浏览器：chrome 成功启动！
2021-10-29 10:58:16.083 [main-89] INFO  com.framework.basepage.BaseBrowser.<init> - BBBrowser=ChromeDriver: chrome on MAC (6dd6dd8e79e9e9bcf1620b38aa00592f)
2021-10-29 10:58:16.083 [main-90] INFO  com.framework.basepage.BaseBrowser.<init> - BBBbaseDriver=com.framework.basedriver.BaseDriver@6d511b5f
2021-10-29 10:58:16.083 [main-91] INFO  com.framework.basepage.BaseBrowser.<init> - 加载配置信息结束
2021-10-29 10:58:26.309 [main-126] INFO  CeshirenPOCodeSearchPageTest.startMethod - 当前用例测试执行方法为{ get_first_title }
2021-10-29 10:58:26.311 [main-132] INFO  CeshirenPOCodeSearchPageTest.lambda$null$0 - 第{ 1 }条测试用例开始执行
2021-10-29 10:58:26.416 [main-83] INFO  CeshirenPOCodeSearchPageTest.tearDown - 项目模块{ CeshirenPOCodeSearchPageTest }共执行{ 2 }条用例，测试用例开始统一断言
2021-10-29 10:58:26.421 [main-85] INFO  CeshirenPOCodeSearchPageTest.tearDown - 统一断言结束
2021-10-29 10:58:26.422 [main-86] INFO  CeshirenPOCodeSearchPageTest.tearDown - 开始释放资源
2021-10-29 10:58:29.564 [main-146] INFO  com.framework.basedriver.BaseDriver.closeBrowser - chrome浏览器已成功关闭！
2021-10-29 10:58:29.565 [main-90] INFO  CeshirenPOCodeSearchPageTest.tearDown - 释放资源结束
2021-10-29 11:03:16.867 [main-51] INFO  com.pageobject.testcase.CeshirenPOCodeSearchPageTest2.init - 项目模块{ CeshirenPOCodeSearchPageTest2 }测试用例开始执行
2021-10-29 11:03:16.871 [main-71] INFO  com.framework.basepage.BaseBrowser.<init> - 开始加载浏览器配置信息
2021-10-29 11:03:16.873 [main-80] INFO  com.framework.basepage.BaseBrowser.<init> - browserName=chrome
2021-10-29 11:03:16.873 [main-81] INFO  com.framework.basepage.BaseBrowser.<init> - terminal=pc
2021-10-29 11:03:16.873 [main-82] INFO  com.framework.basepage.BaseBrowser.<init> - deviceName=desktop
2021-10-29 11:03:16.874 [main-83] INFO  com.framework.basepage.BaseBrowser.<init> - remotePort=4444
2021-10-29 11:03:16.874 [main-84] INFO  com.framework.basepage.BaseBrowser.<init> - remoteIP=
2021-10-29 11:03:16.874 [main-85] INFO  com.framework.basepage.BaseBrowser.<init> - browserVersion=
2021-10-29 11:03:18.629 [main-110] INFO  com.framework.basedriver.BaseDriver.startBrowser - 浏览器：chrome 成功启动！
2021-10-29 11:03:18.632 [main-89] INFO  com.framework.basepage.BaseBrowser.<init> - BBBrowser=ChromeDriver: chrome on MAC (fba94a7cae80dcf823cba149d575d95f)
2021-10-29 11:03:18.633 [main-90] INFO  com.framework.basepage.BaseBrowser.<init> - BBBbaseDriver=com.framework.basedriver.BaseDriver@7249dadf
2021-10-29 11:03:18.633 [main-91] INFO  com.framework.basepage.BaseBrowser.<init> - 加载配置信息结束
2021-10-29 11:03:28.883 [main-120] INFO  com.pageobject.testcase.CeshirenPOCodeSearchPageTest2.startMethod - 当前用例测试执行方法为{ get_first_title }
2021-10-29 11:03:28.884 [main-126] INFO  com.pageobject.testcase.CeshirenPOCodeSearchPageTest2.lambda$null$0 - 第{ 1 }条测试用例开始执行
2021-10-29 11:03:31.509 [main-83] INFO  com.framework.basetest.BaseTestCaseExcutor.lambda$null$5 - 测试用例执行结果为{ 中高级测试开发「名企定向」培养计划，内推 BAT 大厂，还有万元奖学金等你拿！ }
2021-10-29 11:03:31.510 [main-110] INFO  com.framework.basetest.BaseTestCaseExcutor.lambda$null$4 - 用例开始添加断言内容
2021-10-29 11:03:31.511 [main-111] INFO  com.framework.basetest.BaseTestCaseExcutor.lambda$null$4 - 实际结果为{ 中高级测试开发「名企定向」培养计划，内推 BAT 大厂，还有万元奖学金等你拿！ }
2021-10-29 11:03:31.511 [main-112] INFO  com.framework.basetest.BaseTestCaseExcutor.lambda$null$4 - 期望结果包含字段{ 名企 }
2021-10-29 11:03:31.513 [main-114] INFO  com.framework.basetest.BaseTestCaseExcutor.lambda$null$4 - 添加断言结束
2021-10-29 11:03:31.514 [main-126] INFO  com.pageobject.testcase.CeshirenPOCodeSearchPageTest2.lambda$null$0 - 第{ 2 }条测试用例开始执行
2021-10-29 11:03:33.435 [main-83] INFO  com.framework.basetest.BaseTestCaseExcutor.lambda$null$5 - 测试用例执行结果为{ 中高级测试开发「名企定向」培养计划，内推 BAT 大厂，还有万元奖学金等你拿！ }
2021-10-29 11:03:33.451 [main-110] INFO  com.framework.basetest.BaseTestCaseExcutor.lambda$null$4 - 用例开始添加断言内容
2021-10-29 11:03:33.452 [main-111] INFO  com.framework.basetest.BaseTestCaseExcutor.lambda$null$4 - 实际结果为{ 中高级测试开发「名企定向」培养计划，内推 BAT 大厂，还有万元奖学金等你拿！ }
2021-10-29 11:03:33.473 [main-112] INFO  com.framework.basetest.BaseTestCaseExcutor.lambda$null$4 - 期望结果包含字段{ 名企 }
2021-10-29 11:03:33.474 [main-114] INFO  com.framework.basetest.BaseTestCaseExcutor.lambda$null$4 - 添加断言结束
2021-10-29 11:03:33.475 [main-131] INFO  com.pageobject.testcase.CeshirenPOCodeSearchPageTest2.startMethod - 方法{ get_first_title }测试用例执行结束
2021-10-29 11:03:38.633 [main-120] INFO  com.pageobject.testcase.CeshirenPOCodeSearchPageTest2.startMethod - 当前用例测试执行方法为{ get_title2 }
2021-10-29 11:03:38.633 [main-126] INFO  com.pageobject.testcase.CeshirenPOCodeSearchPageTest2.lambda$null$0 - 第{ 1 }条测试用例开始执行
2021-10-29 11:03:39.185 [main-83] INFO  com.framework.basetest.BaseTestCaseExcutor.lambda$null$5 - 测试用例执行结果为{ 新闻 }
2021-10-29 11:03:39.186 [main-116] INFO  com.framework.basetest.BaseTestCaseExcutor.lambda$null$4 - 用例开始添加断言内容
2021-10-29 11:03:39.186 [main-117] INFO  com.framework.basetest.BaseTestCaseExcutor.lambda$null$4 - 实际结果为{ 新闻 }
2021-10-29 11:03:39.187 [main-118] INFO  com.framework.basetest.BaseTestCaseExcutor.lambda$null$4 - 期望结果为{ 新闻 }
2021-10-29 11:03:39.187 [main-120] INFO  com.framework.basetest.BaseTestCaseExcutor.lambda$null$4 - 添加断言结束
2021-10-29 11:03:39.188 [main-131] INFO  com.pageobject.testcase.CeshirenPOCodeSearchPageTest2.startMethod - 方法{ get_title2 }测试用例执行结束
2021-10-29 11:03:39.193 [main-77] INFO  com.pageobject.testcase.CeshirenPOCodeSearchPageTest2.tearDown - 项目模块{ CeshirenPOCodeSearchPageTest2 }共执行{ 3 }条用例，测试用例开始统一断言
2021-10-29 11:03:39.202 [main-79] INFO  com.pageobject.testcase.CeshirenPOCodeSearchPageTest2.tearDown - 统一断言结束
2021-10-29 11:03:39.203 [main-80] INFO  com.pageobject.testcase.CeshirenPOCodeSearchPageTest2.tearDown - 开始释放资源
2021-10-29 11:03:42.402 [main-146] INFO  com.framework.basedriver.BaseDriver.closeBrowser - chrome浏览器已成功关闭！
2021-10-29 11:03:42.403 [main-84] INFO  com.pageobject.testcase.CeshirenPOCodeSearchPageTest2.tearDown - 释放资源结束
2021-10-29 11:03:42.409 [main-51] INFO  com.pageobject.testcase.CeshirenPOCodeSearchPageTest.init - 项目模块{ CeshirenPOCodeSearchPageTest }测试用例开始执行
2021-10-29 11:03:42.409 [main-71] INFO  com.framework.basepage.BaseBrowser.<init> - 开始加载浏览器配置信息
2021-10-29 11:03:42.409 [main-80] INFO  com.framework.basepage.BaseBrowser.<init> - browserName=chrome
2021-10-29 11:03:42.410 [main-81] INFO  com.framework.basepage.BaseBrowser.<init> - terminal=pc
2021-10-29 11:03:42.410 [main-82] INFO  com.framework.basepage.BaseBrowser.<init> - deviceName=desktop
2021-10-29 11:03:42.410 [main-83] INFO  com.framework.basepage.BaseBrowser.<init> - remotePort=4444
2021-10-29 11:03:42.411 [main-84] INFO  com.framework.basepage.BaseBrowser.<init> - remoteIP=
2021-10-29 11:03:42.411 [main-85] INFO  com.framework.basepage.BaseBrowser.<init> - browserVersion=
2021-10-29 11:03:44.024 [main-110] INFO  com.framework.basedriver.BaseDriver.startBrowser - 浏览器：chrome 成功启动！
2021-10-29 11:03:44.026 [main-89] INFO  com.framework.basepage.BaseBrowser.<init> - BBBrowser=ChromeDriver: chrome on MAC (1fc185ec364e4426d49abf065883a18b)
2021-10-29 11:03:44.027 [main-90] INFO  com.framework.basepage.BaseBrowser.<init> - BBBbaseDriver=com.framework.basedriver.BaseDriver@325bb9a6
2021-10-29 11:03:44.028 [main-91] INFO  com.framework.basepage.BaseBrowser.<init> - 加载配置信息结束
2021-10-29 11:03:49.061 [main-126] INFO  com.pageobject.testcase.CeshirenPOCodeSearchPageTest.startMethod - 当前用例测试执行方法为{ get_first_title }
2021-10-29 11:03:49.062 [main-132] INFO  com.pageobject.testcase.CeshirenPOCodeSearchPageTest.lambda$null$0 - 第{ 1 }条测试用例开始执行
2021-10-29 11:03:51.119 [main-83] INFO  com.framework.basetest.BaseTestCaseExcutor.lambda$null$5 - 测试用例执行结果为{ 中高级测试开发「名企定向」培养计划，内推 BAT 大厂，还有万元奖学金等你拿！ }
2021-10-29 11:03:51.120 [main-110] INFO  com.framework.basetest.BaseTestCaseExcutor.lambda$null$4 - 用例开始添加断言内容
2021-10-29 11:03:51.120 [main-111] INFO  com.framework.basetest.BaseTestCaseExcutor.lambda$null$4 - 实际结果为{ 中高级测试开发「名企定向」培养计划，内推 BAT 大厂，还有万元奖学金等你拿！ }
2021-10-29 11:03:51.120 [main-112] INFO  com.framework.basetest.BaseTestCaseExcutor.lambda$null$4 - 期望结果包含字段{ 名企 }
2021-10-29 11:03:51.121 [main-114] INFO  com.framework.basetest.BaseTestCaseExcutor.lambda$null$4 - 添加断言结束
2021-10-29 11:03:51.121 [main-132] INFO  com.pageobject.testcase.CeshirenPOCodeSearchPageTest.lambda$null$0 - 第{ 2 }条测试用例开始执行
2021-10-29 11:03:52.865 [main-83] INFO  com.framework.basetest.BaseTestCaseExcutor.lambda$null$5 - 测试用例执行结果为{ 中高级测试开发「名企定向」培养计划，内推 BAT 大厂，还有万元奖学金等你拿！ }
2021-10-29 11:03:52.872 [main-110] INFO  com.framework.basetest.BaseTestCaseExcutor.lambda$null$4 - 用例开始添加断言内容
2021-10-29 11:03:52.872 [main-111] INFO  com.framework.basetest.BaseTestCaseExcutor.lambda$null$4 - 实际结果为{ 中高级测试开发「名企定向」培养计划，内推 BAT 大厂，还有万元奖学金等你拿！ }
2021-10-29 11:03:52.882 [main-112] INFO  com.framework.basetest.BaseTestCaseExcutor.lambda$null$4 - 期望结果包含字段{ 名企 }
2021-10-29 11:03:52.883 [main-114] INFO  com.framework.basetest.BaseTestCaseExcutor.lambda$null$4 - 添加断言结束
2021-10-29 11:03:52.884 [main-137] INFO  com.pageobject.testcase.CeshirenPOCodeSearchPageTest.startMethod - 方法{ get_first_title }测试用例执行结束
2021-10-29 11:03:57.938 [main-126] INFO  com.pageobject.testcase.CeshirenPOCodeSearchPageTest.startMethod - 当前用例测试执行方法为{ get_title2 }
2021-10-29 11:03:57.941 [main-132] INFO  com.pageobject.testcase.CeshirenPOCodeSearchPageTest.lambda$null$0 - 第{ 1 }条测试用例开始执行
2021-10-29 11:03:58.510 [main-83] INFO  com.framework.basetest.BaseTestCaseExcutor.lambda$null$5 - 测试用例执行结果为{ 新闻 }
2021-10-29 11:03:58.510 [main-116] INFO  com.framework.basetest.BaseTestCaseExcutor.lambda$null$4 - 用例开始添加断言内容
2021-10-29 11:03:58.511 [main-117] INFO  com.framework.basetest.BaseTestCaseExcutor.lambda$null$4 - 实际结果为{ 新闻 }
2021-10-29 11:03:58.511 [main-118] INFO  com.framework.basetest.BaseTestCaseExcutor.lambda$null$4 - 期望结果为{ 新闻 }
2021-10-29 11:03:58.512 [main-120] INFO  com.framework.basetest.BaseTestCaseExcutor.lambda$null$4 - 添加断言结束
2021-10-29 11:03:58.512 [main-137] INFO  com.pageobject.testcase.CeshirenPOCodeSearchPageTest.startMethod - 方法{ get_title2 }测试用例执行结束
2021-10-29 11:03:58.516 [main-83] INFO  com.pageobject.testcase.CeshirenPOCodeSearchPageTest.tearDown - 项目模块{ CeshirenPOCodeSearchPageTest }共执行{ 3 }条用例，测试用例开始统一断言
2021-10-29 11:03:58.516 [main-85] INFO  com.pageobject.testcase.CeshirenPOCodeSearchPageTest.tearDown - 统一断言结束
2021-10-29 11:03:58.516 [main-86] INFO  com.pageobject.testcase.CeshirenPOCodeSearchPageTest.tearDown - 开始释放资源
2021-10-29 11:04:01.670 [main-146] INFO  com.framework.basedriver.BaseDriver.closeBrowser - chrome浏览器已成功关闭！
2021-10-29 11:04:01.671 [main-90] INFO  com.pageobject.testcase.CeshirenPOCodeSearchPageTest.tearDown - 释放资源结束
2021-10-29 11:05:06.113 [main-51] INFO  com.pageobject.testcase.CeshirenPOCodeSearchPageTest.init - 项目模块{ CeshirenPOCodeSearchPageTest }测试用例开始执行
2021-10-29 11:05:06.117 [main-71] INFO  com.framework.basepage.BaseBrowser.<init> - 开始加载浏览器配置信息
2021-10-29 11:05:06.118 [main-80] INFO  com.framework.basepage.BaseBrowser.<init> - browserName=chrome
2021-10-29 11:05:06.118 [main-81] INFO  com.framework.basepage.BaseBrowser.<init> - terminal=pc
2021-10-29 11:05:06.119 [main-82] INFO  com.framework.basepage.BaseBrowser.<init> - deviceName=desktop
2021-10-29 11:05:06.119 [main-83] INFO  com.framework.basepage.BaseBrowser.<init> - remotePort=4444
2021-10-29 11:05:06.119 [main-84] INFO  com.framework.basepage.BaseBrowser.<init> - remoteIP=
2021-10-29 11:05:06.119 [main-85] INFO  com.framework.basepage.BaseBrowser.<init> - browserVersion=
2021-10-29 11:05:07.835 [main-83] INFO  com.pageobject.testcase.CeshirenPOCodeSearchPageTest.tearDown - 项目模块{ CeshirenPOCodeSearchPageTest }共执行{ 0 }条用例，测试用例开始统一断言
2021-10-29 11:05:07.839 [main-85] INFO  com.pageobject.testcase.CeshirenPOCodeSearchPageTest.tearDown - 统一断言结束
2021-10-29 11:05:07.839 [main-86] INFO  com.pageobject.testcase.CeshirenPOCodeSearchPageTest.tearDown - 开始释放资源
2021-10-29 11:32:31.622 [main-51] INFO  com.pageobject.testcase.CeshirenPOCodeSearchPageTest.init - 项目模块{ CeshirenPOCodeSearchPageTest }测试用例开始执行
2021-10-29 11:32:31.626 [main-71] INFO  com.framework.basepage.BaseBrowser.<init> - 开始加载浏览器配置信息
2021-10-29 11:32:31.630 [main-80] INFO  com.framework.basepage.BaseBrowser.<init> - browserName=chrome
2021-10-29 11:32:31.630 [main-81] INFO  com.framework.basepage.BaseBrowser.<init> - terminal=pc
2021-10-29 11:32:31.630 [main-82] INFO  com.framework.basepage.BaseBrowser.<init> - deviceName=desktop
2021-10-29 11:32:31.631 [main-83] INFO  com.framework.basepage.BaseBrowser.<init> - remotePort=4444
2021-10-29 11:32:31.631 [main-84] INFO  com.framework.basepage.BaseBrowser.<init> - remoteIP=
2021-10-29 11:32:31.631 [main-85] INFO  com.framework.basepage.BaseBrowser.<init> - browserVersion=
2021-10-29 11:32:33.486 [main-83] INFO  com.pageobject.testcase.CeshirenPOCodeSearchPageTest.tearDown - 项目模块{ CeshirenPOCodeSearchPageTest }共执行{ 0 }条用例，测试用例开始统一断言
2021-10-29 11:32:33.490 [main-85] INFO  com.pageobject.testcase.CeshirenPOCodeSearchPageTest.tearDown - 统一断言结束
2021-10-29 11:32:33.490 [main-86] INFO  com.pageobject.testcase.CeshirenPOCodeSearchPageTest.tearDown - 开始释放资源
2021-10-29 11:33:11.521 [main-51] INFO  com.pageobject.testcase.CeshirenPOCodeSearchPageTest.init - 项目模块{ CeshirenPOCodeSearchPageTest }测试用例开始执行
2021-10-29 11:33:11.525 [main-71] INFO  com.framework.basepage.BaseBrowser.<init> - 开始加载浏览器配置信息
2021-10-29 11:33:11.527 [main-80] INFO  com.framework.basepage.BaseBrowser.<init> - browserName=chrome
2021-10-29 11:33:11.527 [main-81] INFO  com.framework.basepage.BaseBrowser.<init> - terminal=pc
2021-10-29 11:33:11.527 [main-82] INFO  com.framework.basepage.BaseBrowser.<init> - deviceName=desktop
2021-10-29 11:33:11.528 [main-83] INFO  com.framework.basepage.BaseBrowser.<init> - remotePort=4444
2021-10-29 11:33:11.528 [main-84] INFO  com.framework.basepage.BaseBrowser.<init> - remoteIP=
2021-10-29 11:33:11.528 [main-85] INFO  com.framework.basepage.BaseBrowser.<init> - browserVersion=
2021-10-29 11:33:13.331 [main-110] INFO  com.framework.basedriver.BaseDriver.startBrowser - 浏览器：chrome 成功启动！
2021-10-29 11:33:13.332 [main-89] INFO  com.framework.basepage.BaseBrowser.<init> - BBBrowser=ChromeDriver: chrome on MAC (9626816e9d737044f52fa956d4ec61be)
2021-10-29 11:33:13.332 [main-90] INFO  com.framework.basepage.BaseBrowser.<init> - BBBbaseDriver=com.framework.basedriver.BaseDriver@5707c1cb
2021-10-29 11:33:13.333 [main-91] INFO  com.framework.basepage.BaseBrowser.<init> - 加载配置信息结束
2021-10-29 11:33:23.545 [main-126] INFO  com.pageobject.testcase.CeshirenPOCodeSearchPageTest.startMethod - 当前用例测试执行方法为{ get_first_title }
2021-10-29 11:33:23.546 [main-132] INFO  com.pageobject.testcase.CeshirenPOCodeSearchPageTest.lambda$null$0 - 第{ 1 }条测试用例开始执行
2021-10-29 11:33:26.147 [main-83] INFO  com.framework.basetest.BaseTestCaseExcutor.lambda$null$5 - 测试用例执行结果为{ 中高级测试开发「名企定向」培养计划，内推 BAT 大厂，还有万元奖学金等你拿！ }
2021-10-29 11:33:26.149 [main-110] INFO  com.framework.basetest.BaseTestCaseExcutor.lambda$null$4 - 用例开始添加断言内容
2021-10-29 11:33:26.149 [main-111] INFO  com.framework.basetest.BaseTestCaseExcutor.lambda$null$4 - 实际结果为{ 中高级测试开发「名企定向」培养计划，内推 BAT 大厂，还有万元奖学金等你拿！ }
2021-10-29 11:33:26.150 [main-112] INFO  com.framework.basetest.BaseTestCaseExcutor.lambda$null$4 - 期望结果包含字段{ 名企 }
2021-10-29 11:33:26.152 [main-114] INFO  com.framework.basetest.BaseTestCaseExcutor.lambda$null$4 - 添加断言结束
2021-10-29 11:33:26.153 [main-132] INFO  com.pageobject.testcase.CeshirenPOCodeSearchPageTest.lambda$null$0 - 第{ 2 }条测试用例开始执行
2021-10-29 11:33:28.070 [main-83] INFO  com.framework.basetest.BaseTestCaseExcutor.lambda$null$5 - 测试用例执行结果为{ 中高级测试开发「名企定向」培养计划，内推 BAT 大厂，还有万元奖学金等你拿！ }
2021-10-29 11:33:28.073 [main-110] INFO  com.framework.basetest.BaseTestCaseExcutor.lambda$null$4 - 用例开始添加断言内容
2021-10-29 11:33:28.073 [main-111] INFO  com.framework.basetest.BaseTestCaseExcutor.lambda$null$4 - 实际结果为{ 中高级测试开发「名企定向」培养计划，内推 BAT 大厂，还有万元奖学金等你拿！ }
2021-10-29 11:33:28.085 [main-112] INFO  com.framework.basetest.BaseTestCaseExcutor.lambda$null$4 - 期望结果包含字段{ 名企 }
2021-10-29 11:33:28.087 [main-114] INFO  com.framework.basetest.BaseTestCaseExcutor.lambda$null$4 - 添加断言结束
2021-10-29 11:33:28.100 [main-137] INFO  com.pageobject.testcase.CeshirenPOCodeSearchPageTest.startMethod - 方法{ get_first_title }测试用例执行结束
2021-10-29 11:33:28.214 [main-83] INFO  com.pageobject.testcase.CeshirenPOCodeSearchPageTest.tearDown - 项目模块{ CeshirenPOCodeSearchPageTest }共执行{ 2 }条用例，测试用例开始统一断言
2021-10-29 11:33:28.223 [main-85] INFO  com.pageobject.testcase.CeshirenPOCodeSearchPageTest.tearDown - 统一断言结束
2021-10-29 11:33:28.230 [main-86] INFO  com.pageobject.testcase.CeshirenPOCodeSearchPageTest.tearDown - 开始释放资源
2021-10-29 11:33:31.409 [main-146] INFO  com.framework.basedriver.BaseDriver.closeBrowser - chrome浏览器已成功关闭！
2021-10-29 11:33:31.409 [main-90] INFO  com.pageobject.testcase.CeshirenPOCodeSearchPageTest.tearDown - 释放资源结束
2021-10-29 12:00:04.866 [main-51] INFO  com.pageobject.testcase.CeshirenPOCodeSearchPageTest2.init - 项目模块{ CeshirenPOCodeSearchPageTest2 }测试用例开始执行
2021-10-29 12:00:04.871 [main-71] INFO  com.framework.basepage.BaseBrowser.<init> - 开始加载浏览器配置信息
2021-10-29 12:00:04.873 [main-80] INFO  com.framework.basepage.BaseBrowser.<init> - browserName=chrome
2021-10-29 12:00:04.873 [main-81] INFO  com.framework.basepage.BaseBrowser.<init> - terminal=pc
2021-10-29 12:00:04.873 [main-82] INFO  com.framework.basepage.BaseBrowser.<init> - deviceName=desktop
2021-10-29 12:00:04.874 [main-83] INFO  com.framework.basepage.BaseBrowser.<init> - remotePort=4444
2021-10-29 12:00:04.874 [main-84] INFO  com.framework.basepage.BaseBrowser.<init> - remoteIP=
2021-10-29 12:00:04.874 [main-85] INFO  com.framework.basepage.BaseBrowser.<init> - browserVersion=
2021-10-29 12:00:06.911 [main-110] INFO  com.framework.basedriver.BaseDriver.startBrowser - 浏览器：chrome 成功启动！
2021-10-29 12:00:06.927 [main-89] INFO  com.framework.basepage.BaseBrowser.<init> - BBBrowser=ChromeDriver: chrome on MAC (4b218a7e901d425e27edaa8e8c074bcc)
2021-10-29 12:00:06.928 [main-90] INFO  com.framework.basepage.BaseBrowser.<init> - BBBbaseDriver=com.framework.basedriver.BaseDriver@2ef8a8c3
2021-10-29 12:00:06.928 [main-91] INFO  com.framework.basepage.BaseBrowser.<init> - 加载配置信息结束
2021-10-29 12:00:17.294 [main-120] INFO  com.pageobject.testcase.CeshirenPOCodeSearchPageTest2.startMethod - 当前用例测试执行方法为{ get_first_title }
2021-10-29 12:00:17.295 [main-126] INFO  com.pageobject.testcase.CeshirenPOCodeSearchPageTest2.lambda$null$0 - 第{ 1 }条测试用例开始执行
2021-10-29 12:00:19.660 [main-83] INFO  com.framework.basetest.BaseTestCaseExcutor.lambda$null$5 - 测试用例执行结果为{ 中高级测试开发「名企定向」培养计划，内推 BAT 大厂，还有万元奖学金等你拿！ }
2021-10-29 12:00:19.661 [main-110] INFO  com.framework.basetest.BaseTestCaseExcutor.lambda$null$4 - 用例开始添加断言内容
2021-10-29 12:00:19.662 [main-111] INFO  com.framework.basetest.BaseTestCaseExcutor.lambda$null$4 - 实际结果为{ 中高级测试开发「名企定向」培养计划，内推 BAT 大厂，还有万元奖学金等你拿！ }
2021-10-29 12:00:19.662 [main-112] INFO  com.framework.basetest.BaseTestCaseExcutor.lambda$null$4 - 期望结果包含字段{ 名企 }
2021-10-29 12:00:19.663 [main-114] INFO  com.framework.basetest.BaseTestCaseExcutor.lambda$null$4 - 添加断言结束
2021-10-29 12:00:19.664 [main-126] INFO  com.pageobject.testcase.CeshirenPOCodeSearchPageTest2.lambda$null$0 - 第{ 2 }条测试用例开始执行
2021-10-29 12:00:21.569 [main-83] INFO  com.framework.basetest.BaseTestCaseExcutor.lambda$null$5 - 测试用例执行结果为{ 中高级测试开发「名企定向」培养计划，内推 BAT 大厂，还有万元奖学金等你拿！ }
2021-10-29 12:00:21.572 [main-110] INFO  com.framework.basetest.BaseTestCaseExcutor.lambda$null$4 - 用例开始添加断言内容
2021-10-29 12:00:21.573 [main-111] INFO  com.framework.basetest.BaseTestCaseExcutor.lambda$null$4 - 实际结果为{ 中高级测试开发「名企定向」培养计划，内推 BAT 大厂，还有万元奖学金等你拿！ }
2021-10-29 12:00:21.585 [main-112] INFO  com.framework.basetest.BaseTestCaseExcutor.lambda$null$4 - 期望结果包含字段{ 名企 }
2021-10-29 12:00:21.585 [main-114] INFO  com.framework.basetest.BaseTestCaseExcutor.lambda$null$4 - 添加断言结束
2021-10-29 12:00:21.586 [main-131] INFO  com.pageobject.testcase.CeshirenPOCodeSearchPageTest2.startMethod - 方法{ get_first_title }测试用例执行结束
2021-10-29 12:00:26.726 [main-120] INFO  com.pageobject.testcase.CeshirenPOCodeSearchPageTest2.startMethod - 当前用例测试执行方法为{ get_title2 }
2021-10-29 12:00:26.727 [main-126] INFO  com.pageobject.testcase.CeshirenPOCodeSearchPageTest2.lambda$null$0 - 第{ 1 }条测试用例开始执行
2021-10-29 12:00:27.355 [main-83] INFO  com.framework.basetest.BaseTestCaseExcutor.lambda$null$5 - 测试用例执行结果为{ 新闻 }
2021-10-29 12:00:27.356 [main-116] INFO  com.framework.basetest.BaseTestCaseExcutor.lambda$null$4 - 用例开始添加断言内容
2021-10-29 12:00:27.356 [main-117] INFO  com.framework.basetest.BaseTestCaseExcutor.lambda$null$4 - 实际结果为{ 新闻 }
2021-10-29 12:00:27.357 [main-118] INFO  com.framework.basetest.BaseTestCaseExcutor.lambda$null$4 - 期望结果为{ 新闻 }
2021-10-29 12:00:27.358 [main-120] INFO  com.framework.basetest.BaseTestCaseExcutor.lambda$null$4 - 添加断言结束
2021-10-29 12:00:27.359 [main-131] INFO  com.pageobject.testcase.CeshirenPOCodeSearchPageTest2.startMethod - 方法{ get_title2 }测试用例执行结束
2021-10-29 12:00:27.365 [main-77] INFO  com.pageobject.testcase.CeshirenPOCodeSearchPageTest2.tearDown - 项目模块{ CeshirenPOCodeSearchPageTest2 }共执行{ 3 }条用例，测试用例开始统一断言
2021-10-29 12:00:27.375 [main-79] INFO  com.pageobject.testcase.CeshirenPOCodeSearchPageTest2.tearDown - 统一断言结束
2021-10-29 12:00:27.376 [main-80] INFO  com.pageobject.testcase.CeshirenPOCodeSearchPageTest2.tearDown - 开始释放资源
2021-10-29 12:00:30.609 [main-146] INFO  com.framework.basedriver.BaseDriver.closeBrowser - chrome浏览器已成功关闭！
2021-10-29 12:00:30.609 [main-84] INFO  com.pageobject.testcase.CeshirenPOCodeSearchPageTest2.tearDown - 释放资源结束
2021-10-29 12:00:30.620 [main-51] INFO  com.pageobject.testcase.CeshirenPOCodeSearchPageTest.init - 项目模块{ CeshirenPOCodeSearchPageTest }测试用例开始执行
2021-10-29 12:00:30.620 [main-71] INFO  com.framework.basepage.BaseBrowser.<init> - 开始加载浏览器配置信息
2021-10-29 12:00:30.621 [main-80] INFO  com.framework.basepage.BaseBrowser.<init> - browserName=chrome
2021-10-29 12:00:30.621 [main-81] INFO  com.framework.basepage.BaseBrowser.<init> - terminal=pc
2021-10-29 12:00:30.622 [main-82] INFO  com.framework.basepage.BaseBrowser.<init> - deviceName=desktop
2021-10-29 12:00:30.623 [main-83] INFO  com.framework.basepage.BaseBrowser.<init> - remotePort=4444
2021-10-29 12:00:30.623 [main-84] INFO  com.framework.basepage.BaseBrowser.<init> - remoteIP=
2021-10-29 12:00:30.624 [main-85] INFO  com.framework.basepage.BaseBrowser.<init> - browserVersion=
2021-10-29 12:00:32.388 [main-110] INFO  com.framework.basedriver.BaseDriver.startBrowser - 浏览器：chrome 成功启动！
2021-10-29 12:00:32.388 [main-89] INFO  com.framework.basepage.BaseBrowser.<init> - BBBrowser=ChromeDriver: chrome on MAC (a0eeae0868f48ee965c43509e55b2217)
2021-10-29 12:00:32.388 [main-90] INFO  com.framework.basepage.BaseBrowser.<init> - BBBbaseDriver=com.framework.basedriver.BaseDriver@51ec2df1
2021-10-29 12:00:32.389 [main-91] INFO  com.framework.basepage.BaseBrowser.<init> - 加载配置信息结束
2021-10-29 12:00:37.407 [main-126] INFO  com.pageobject.testcase.CeshirenPOCodeSearchPageTest.startMethod - 当前用例测试执行方法为{ get_first_title }
2021-10-29 12:00:37.409 [main-132] INFO  com.pageobject.testcase.CeshirenPOCodeSearchPageTest.lambda$null$0 - 第{ 1 }条测试用例开始执行
2021-10-29 12:00:39.407 [main-83] INFO  com.framework.basetest.BaseTestCaseExcutor.lambda$null$5 - 测试用例执行结果为{ 中高级测试开发「名企定向」培养计划，内推 BAT 大厂，还有万元奖学金等你拿！ }
2021-10-29 12:00:39.407 [main-110] INFO  com.framework.basetest.BaseTestCaseExcutor.lambda$null$4 - 用例开始添加断言内容
2021-10-29 12:00:39.408 [main-111] INFO  com.framework.basetest.BaseTestCaseExcutor.lambda$null$4 - 实际结果为{ 中高级测试开发「名企定向」培养计划，内推 BAT 大厂，还有万元奖学金等你拿！ }
2021-10-29 12:00:39.408 [main-112] INFO  com.framework.basetest.BaseTestCaseExcutor.lambda$null$4 - 期望结果包含字段{ 名企 }
2021-10-29 12:00:39.408 [main-114] INFO  com.framework.basetest.BaseTestCaseExcutor.lambda$null$4 - 添加断言结束
2021-10-29 12:00:39.409 [main-132] INFO  com.pageobject.testcase.CeshirenPOCodeSearchPageTest.lambda$null$0 - 第{ 2 }条测试用例开始执行
2021-10-29 12:00:41.253 [main-83] INFO  com.framework.basetest.BaseTestCaseExcutor.lambda$null$5 - 测试用例执行结果为{ 中高级测试开发「名企定向」培养计划，内推 BAT 大厂，还有万元奖学金等你拿！ }
2021-10-29 12:00:41.257 [main-110] INFO  com.framework.basetest.BaseTestCaseExcutor.lambda$null$4 - 用例开始添加断言内容
2021-10-29 12:00:41.257 [main-111] INFO  com.framework.basetest.BaseTestCaseExcutor.lambda$null$4 - 实际结果为{ 中高级测试开发「名企定向」培养计划，内推 BAT 大厂，还有万元奖学金等你拿！ }
2021-10-29 12:00:41.272 [main-112] INFO  com.framework.basetest.BaseTestCaseExcutor.lambda$null$4 - 期望结果包含字段{ 名企 }
2021-10-29 12:00:41.272 [main-114] INFO  com.framework.basetest.BaseTestCaseExcutor.lambda$null$4 - 添加断言结束
2021-10-29 12:00:41.282 [main-137] INFO  com.pageobject.testcase.CeshirenPOCodeSearchPageTest.startMethod - 方法{ get_first_title }测试用例执行结束
2021-10-29 12:00:46.342 [main-126] INFO  com.pageobject.testcase.CeshirenPOCodeSearchPageTest.startMethod - 当前用例测试执行方法为{ get_title2 }
2021-10-29 12:00:46.343 [main-132] INFO  com.pageobject.testcase.CeshirenPOCodeSearchPageTest.lambda$null$0 - 第{ 1 }条测试用例开始执行
2021-10-29 12:00:46.930 [main-83] INFO  com.framework.basetest.BaseTestCaseExcutor.lambda$null$5 - 测试用例执行结果为{ 新闻 }
2021-10-29 12:00:46.930 [main-116] INFO  com.framework.basetest.BaseTestCaseExcutor.lambda$null$4 - 用例开始添加断言内容
2021-10-29 12:00:46.931 [main-117] INFO  com.framework.basetest.BaseTestCaseExcutor.lambda$null$4 - 实际结果为{ 新闻 }
2021-10-29 12:00:46.932 [main-118] INFO  com.framework.basetest.BaseTestCaseExcutor.lambda$null$4 - 期望结果为{ 新闻 }
2021-10-29 12:00:46.932 [main-120] INFO  com.framework.basetest.BaseTestCaseExcutor.lambda$null$4 - 添加断言结束
2021-10-29 12:00:46.933 [main-137] INFO  com.pageobject.testcase.CeshirenPOCodeSearchPageTest.startMethod - 方法{ get_title2 }测试用例执行结束
2021-10-29 12:00:46.936 [main-83] INFO  com.pageobject.testcase.CeshirenPOCodeSearchPageTest.tearDown - 项目模块{ CeshirenPOCodeSearchPageTest }共执行{ 3 }条用例，测试用例开始统一断言
2021-10-29 12:00:46.936 [main-85] INFO  com.pageobject.testcase.CeshirenPOCodeSearchPageTest.tearDown - 统一断言结束
2021-10-29 12:00:46.937 [main-86] INFO  com.pageobject.testcase.CeshirenPOCodeSearchPageTest.tearDown - 开始释放资源
2021-10-29 12:00:50.212 [main-146] INFO  com.framework.basedriver.BaseDriver.closeBrowser - chrome浏览器已成功关闭！
2021-10-29 12:00:50.213 [main-90] INFO  com.pageobject.testcase.CeshirenPOCodeSearchPageTest.tearDown - 释放资源结束
2021-10-29 17:49:46.841 [main-51] INFO  com.pageobject.testcase.CeshirenPOCodeSearchPageTest.init - 项目模块{ CeshirenPOCodeSearchPageTest }测试用例开始执行
2021-10-29 17:49:46.846 [main-70] INFO  com.framework.basepage.BaseBrowser.<init> - 开始加载浏览器配置信息
2021-10-29 17:49:46.847 [main-76] INFO  com.framework.basepage.BaseBrowser.<init> - browserName=chrome
2021-10-29 17:49:46.848 [main-77] INFO  com.framework.basepage.BaseBrowser.<init> - terminal=pc
2021-10-29 17:49:46.848 [main-78] INFO  com.framework.basepage.BaseBrowser.<init> - deviceName=desktop
2021-10-29 17:49:47.877 [main-83] INFO  com.pageobject.testcase.CeshirenPOCodeSearchPageTest.tearDown - 项目模块{ CeshirenPOCodeSearchPageTest }共执行{ 0 }条用例，测试用例开始统一断言
2021-10-29 17:49:47.882 [main-85] INFO  com.pageobject.testcase.CeshirenPOCodeSearchPageTest.tearDown - 统一断言结束
2021-10-29 17:49:47.882 [main-86] INFO  com.pageobject.testcase.CeshirenPOCodeSearchPageTest.tearDown - 开始释放资源
2021-10-29 18:02:21.879 [main-51] INFO  com.pageobject.testcase.CeshirenPOCodeSearchPageTest.init - 项目模块{ CeshirenPOCodeSearchPageTest }测试用例开始执行
2021-10-29 18:02:21.884 [main-70] INFO  com.framework.basepage.BaseBrowser.<init> - 开始加载浏览器配置信息
2021-10-29 18:02:21.886 [main-76] INFO  com.framework.basepage.BaseBrowser.<init> - browserName=chrome
2021-10-29 18:02:21.886 [main-77] INFO  com.framework.basepage.BaseBrowser.<init> - terminal=pc
2021-10-29 18:02:21.886 [main-78] INFO  com.framework.basepage.BaseBrowser.<init> - deviceName=desktop
2021-10-29 18:02:23.242 [main-103] INFO  com.framework.basedriver.BaseDriver.startBrowser - 浏览器：chrome 成功启动！
2021-10-29 18:02:23.243 [main-83] INFO  com.framework.basepage.BaseBrowser.<init> - BBBrowser=ChromeDriver: chrome on MAC (794cf05ea2f31f7bd0d9bad6563707f0)
2021-10-29 18:02:23.244 [main-84] INFO  com.framework.basepage.BaseBrowser.<init> - BBBbaseDriver=com.framework.basedriver.BaseDriver@35038141
2021-10-29 18:02:23.244 [main-85] INFO  com.framework.basepage.BaseBrowser.<init> - 加载配置信息结束
2021-10-29 18:02:33.457 [main-126] INFO  com.pageobject.testcase.CeshirenPOCodeSearchPageTest.startMethod - 当前用例测试执行方法为{ get_first_title }
2021-10-29 18:02:33.458 [main-132] INFO  com.pageobject.testcase.CeshirenPOCodeSearchPageTest.lambda$null$0 - 第{ 1 }条测试用例开始执行
2021-10-29 18:02:48.748 [main-83] INFO  com.pageobject.testcase.CeshirenPOCodeSearchPageTest.tearDown - 项目模块{ CeshirenPOCodeSearchPageTest }共执行{ 2 }条用例，测试用例开始统一断言
2021-10-29 18:02:48.754 [main-85] INFO  com.pageobject.testcase.CeshirenPOCodeSearchPageTest.tearDown - 统一断言结束
2021-10-29 18:02:48.755 [main-86] INFO  com.pageobject.testcase.CeshirenPOCodeSearchPageTest.tearDown - 开始释放资源
2021-10-29 18:02:51.838 [main-139] INFO  com.framework.basedriver.BaseDriver.closeBrowser - chrome浏览器已成功关闭！
2021-10-29 18:02:51.839 [main-90] INFO  com.pageobject.testcase.CeshirenPOCodeSearchPageTest.tearDown - 释放资源结束
2021-10-29 18:06:41.880 [main-51] INFO  com.pageobject.testcase.CeshirenPOCodeSearchPageTest.init - 项目模块{ CeshirenPOCodeSearchPageTest }测试用例开始执行
2021-10-29 18:06:41.889 [main-70] INFO  com.framework.basepage.BaseBrowser.<init> - 开始加载浏览器配置信息
2021-10-29 18:06:41.890 [main-76] INFO  com.framework.basepage.BaseBrowser.<init> - browserName=chrome
2021-10-29 18:06:41.890 [main-77] INFO  com.framework.basepage.BaseBrowser.<init> - terminal=pc
2021-10-29 18:06:41.891 [main-78] INFO  com.framework.basepage.BaseBrowser.<init> - deviceName=desktop
2021-10-29 18:06:43.973 [main-103] INFO  com.framework.basedriver.BaseDriver.startBrowser - 浏览器：chrome 成功启动！
2021-10-29 18:06:43.973 [main-83] INFO  com.framework.basepage.BaseBrowser.<init> - BBBrowser=ChromeDriver: chrome on MAC (da550154433f72e0a1374cf51ffb7655)
2021-10-29 18:06:43.974 [main-84] INFO  com.framework.basepage.BaseBrowser.<init> - BBBbaseDriver=com.framework.basedriver.BaseDriver@5707c1cb
2021-10-29 18:06:43.974 [main-85] INFO  com.framework.basepage.BaseBrowser.<init> - 加载配置信息结束
2021-10-29 18:06:54.171 [main-126] INFO  com.pageobject.testcase.CeshirenPOCodeSearchPageTest.startMethod - 当前用例测试执行方法为{ get_first_title }
2021-10-29 18:06:54.172 [main-132] INFO  com.pageobject.testcase.CeshirenPOCodeSearchPageTest.lambda$null$0 - 第{ 1 }条测试用例开始执行
2021-10-29 18:06:57.415 [main-83] INFO  com.framework.basetest.BaseTestCaseExcutor.lambda$null$5 - 测试用例执行结果为{ 中高级测试开发「名企定向」培养计划，内推 BAT 大厂，还有万元奖学金等你拿！ }
2021-10-29 18:06:57.417 [main-110] INFO  com.framework.basetest.BaseTestCaseExcutor.lambda$null$4 - 用例开始添加断言内容
2021-10-29 18:06:57.418 [main-111] INFO  com.framework.basetest.BaseTestCaseExcutor.lambda$null$4 - 实际结果为{ 中高级测试开发「名企定向」培养计划，内推 BAT 大厂，还有万元奖学金等你拿！ }
2021-10-29 18:06:57.418 [main-112] INFO  com.framework.basetest.BaseTestCaseExcutor.lambda$null$4 - 期望结果包含字段{ 名企 }
2021-10-29 18:06:57.419 [main-114] INFO  com.framework.basetest.BaseTestCaseExcutor.lambda$null$4 - 添加断言结束
2021-10-29 18:06:57.420 [main-132] INFO  com.pageobject.testcase.CeshirenPOCodeSearchPageTest.lambda$null$0 - 第{ 2 }条测试用例开始执行
2021-10-29 18:06:59.481 [main-83] INFO  com.framework.basetest.BaseTestCaseExcutor.lambda$null$5 - 测试用例执行结果为{ 中高级测试开发「名企定向」培养计划，内推 BAT 大厂，还有万元奖学金等你拿！ }
2021-10-29 18:06:59.493 [main-110] INFO  com.framework.basetest.BaseTestCaseExcutor.lambda$null$4 - 用例开始添加断言内容
2021-10-29 18:06:59.493 [main-111] INFO  com.framework.basetest.BaseTestCaseExcutor.lambda$null$4 - 实际结果为{ 中高级测试开发「名企定向」培养计划，内推 BAT 大厂，还有万元奖学金等你拿！ }
2021-10-29 18:06:59.505 [main-112] INFO  com.framework.basetest.BaseTestCaseExcutor.lambda$null$4 - 期望结果包含字段{ 名企 }
2021-10-29 18:06:59.506 [main-114] INFO  com.framework.basetest.BaseTestCaseExcutor.lambda$null$4 - 添加断言结束
2021-10-29 18:06:59.519 [main-137] INFO  com.pageobject.testcase.CeshirenPOCodeSearchPageTest.startMethod - 方法{ get_first_title }测试用例执行结束
2021-10-29 18:06:59.621 [main-83] INFO  com.pageobject.testcase.CeshirenPOCodeSearchPageTest.tearDown - 项目模块{ CeshirenPOCodeSearchPageTest }共执行{ 2 }条用例，测试用例开始统一断言
2021-10-29 18:06:59.652 [main-85] INFO  com.pageobject.testcase.CeshirenPOCodeSearchPageTest.tearDown - 统一断言结束
2021-10-29 18:06:59.655 [main-86] INFO  com.pageobject.testcase.CeshirenPOCodeSearchPageTest.tearDown - 开始释放资源
2021-10-29 18:07:02.801 [main-139] INFO  com.framework.basedriver.BaseDriver.closeBrowser - chrome浏览器已成功关闭！
2021-10-29 18:07:02.802 [main-90] INFO  com.pageobject.testcase.CeshirenPOCodeSearchPageTest.tearDown - 释放资源结束
2021-10-29 18:17:22.794 [main-51] INFO  com.pageobject.testcase.CeshirenPOCodeSearchPageTest.init - 项目模块{ CeshirenPOCodeSearchPageTest }测试用例开始执行
2021-10-29 18:17:22.800 [main-70] INFO  com.framework.basepage.BaseBrowser.<init> - 开始加载浏览器配置信息
2021-10-29 18:17:22.801 [main-76] INFO  com.framework.basepage.BaseBrowser.<init> - browserName=chrome
2021-10-29 18:17:22.802 [main-77] INFO  com.framework.basepage.BaseBrowser.<init> - terminal=pc
2021-10-29 18:17:22.802 [main-78] INFO  com.framework.basepage.BaseBrowser.<init> - deviceName=desktop
2021-10-29 18:17:23.823 [main-103] INFO  com.framework.basedriver.BaseDriver.startBrowser - 浏览器：chrome 成功启动！
2021-10-29 18:17:23.823 [main-83] INFO  com.framework.basepage.BaseBrowser.<init> - BBBrowser=ChromeDriver: chrome on MAC (07fd9a101c7c53a37330d756a118b868)
2021-10-29 18:17:23.824 [main-84] INFO  com.framework.basepage.BaseBrowser.<init> - BBBbaseDriver=com.framework.basedriver.BaseDriver@35038141
2021-10-29 18:17:23.824 [main-85] INFO  com.framework.basepage.BaseBrowser.<init> - 加载配置信息结束
2021-10-29 18:17:34.019 [main-126] INFO  com.pageobject.testcase.CeshirenPOCodeSearchPageTest.startMethod - 当前用例测试执行方法为{ get_first_title }
2021-10-29 18:17:34.020 [main-132] INFO  com.pageobject.testcase.CeshirenPOCodeSearchPageTest.lambda$null$0 - 第{ 1 }条测试用例开始执行
2021-10-29 18:17:49.314 [main-83] INFO  com.pageobject.testcase.CeshirenPOCodeSearchPageTest.tearDown - 项目模块{ CeshirenPOCodeSearchPageTest }共执行{ 2 }条用例，测试用例开始统一断言
2021-10-29 18:17:49.320 [main-85] INFO  com.pageobject.testcase.CeshirenPOCodeSearchPageTest.tearDown - 统一断言结束
2021-10-29 18:17:49.321 [main-86] INFO  com.pageobject.testcase.CeshirenPOCodeSearchPageTest.tearDown - 开始释放资源
2021-10-29 18:17:52.412 [main-139] INFO  com.framework.basedriver.BaseDriver.closeBrowser - chrome浏览器已成功关闭！
2021-10-29 18:17:52.412 [main-90] INFO  com.pageobject.testcase.CeshirenPOCodeSearchPageTest.tearDown - 释放资源结束
2021-10-29 18:18:47.773 [main-51] INFO  com.pageobject.testcase.CeshirenPOCodeSearchPageTest.init - 项目模块{ CeshirenPOCodeSearchPageTest }测试用例开始执行
2021-10-29 18:18:47.778 [main-70] INFO  com.framework.basepage.BaseBrowser.<init> - 开始加载浏览器配置信息
2021-10-29 18:18:47.779 [main-76] INFO  com.framework.basepage.BaseBrowser.<init> - browserName=chrome
2021-10-29 18:18:47.780 [main-77] INFO  com.framework.basepage.BaseBrowser.<init> - terminal=pc
2021-10-29 18:18:47.780 [main-78] INFO  com.framework.basepage.BaseBrowser.<init> - deviceName=desktop
2021-10-29 18:18:49.599 [main-103] INFO  com.framework.basedriver.BaseDriver.startBrowser - 浏览器：chrome 成功启动！
2021-10-29 18:18:49.599 [main-83] INFO  com.framework.basepage.BaseBrowser.<init> - BBBrowser=ChromeDriver: chrome on MAC (59d3a7d3c7d43ab3a48ed9d4e1b89479)
2021-10-29 18:18:49.600 [main-84] INFO  com.framework.basepage.BaseBrowser.<init> - BBBbaseDriver=com.framework.basedriver.BaseDriver@35038141
2021-10-29 18:18:49.600 [main-85] INFO  com.framework.basepage.BaseBrowser.<init> - 加载配置信息结束
2021-10-29 18:18:59.791 [main-126] INFO  com.pageobject.testcase.CeshirenPOCodeSearchPageTest.startMethod - 当前用例测试执行方法为{ get_first_title }
2021-10-29 18:18:59.792 [main-132] INFO  com.pageobject.testcase.CeshirenPOCodeSearchPageTest.lambda$null$0 - 第{ 1 }条测试用例开始执行
2021-10-29 18:19:02.148 [main-83] INFO  com.framework.basetest.BaseTestCaseExcutor.lambda$null$5 - 测试用例执行结果为{ 中高级测试开发「名企定向」培养计划，内推 BAT 大厂，还有万元奖学金等你拿！ }
2021-10-29 18:19:02.150 [main-110] INFO  com.framework.basetest.BaseTestCaseExcutor.lambda$null$4 - 用例开始添加断言内容
2021-10-29 18:19:02.151 [main-111] INFO  com.framework.basetest.BaseTestCaseExcutor.lambda$null$4 - 实际结果为{ 中高级测试开发「名企定向」培养计划，内推 BAT 大厂，还有万元奖学金等你拿！ }
2021-10-29 18:19:02.151 [main-112] INFO  com.framework.basetest.BaseTestCaseExcutor.lambda$null$4 - 期望结果包含字段{ 名企 }
2021-10-29 18:19:02.153 [main-114] INFO  com.framework.basetest.BaseTestCaseExcutor.lambda$null$4 - 添加断言结束
2021-10-29 18:19:02.153 [main-132] INFO  com.pageobject.testcase.CeshirenPOCodeSearchPageTest.lambda$null$0 - 第{ 2 }条测试用例开始执行
2021-10-29 18:19:04.193 [main-83] INFO  com.framework.basetest.BaseTestCaseExcutor.lambda$null$5 - 测试用例执行结果为{ 中高级测试开发「名企定向」培养计划，内推 BAT 大厂，还有万元奖学金等你拿！ }
2021-10-29 18:19:04.194 [main-110] INFO  com.framework.basetest.BaseTestCaseExcutor.lambda$null$4 - 用例开始添加断言内容
2021-10-29 18:19:04.194 [main-111] INFO  com.framework.basetest.BaseTestCaseExcutor.lambda$null$4 - 实际结果为{ 中高级测试开发「名企定向」培养计划，内推 BAT 大厂，还有万元奖学金等你拿！ }
2021-10-29 18:19:04.194 [main-112] INFO  com.framework.basetest.BaseTestCaseExcutor.lambda$null$4 - 期望结果包含字段{ 名企 }
2021-10-29 18:19:04.195 [main-114] INFO  com.framework.basetest.BaseTestCaseExcutor.lambda$null$4 - 添加断言结束
2021-10-29 18:19:04.195 [main-137] INFO  com.pageobject.testcase.CeshirenPOCodeSearchPageTest.startMethod - 方法{ get_first_title }测试用例执行结束
2021-10-29 18:19:04.253 [main-83] INFO  com.pageobject.testcase.CeshirenPOCodeSearchPageTest.tearDown - 项目模块{ CeshirenPOCodeSearchPageTest }共执行{ 2 }条用例，测试用例开始统一断言
2021-10-29 18:19:04.261 [main-85] INFO  com.pageobject.testcase.CeshirenPOCodeSearchPageTest.tearDown - 统一断言结束
2021-10-29 18:19:04.261 [main-86] INFO  com.pageobject.testcase.CeshirenPOCodeSearchPageTest.tearDown - 开始释放资源
2021-10-29 18:19:07.401 [main-139] INFO  com.framework.basedriver.BaseDriver.closeBrowser - chrome浏览器已成功关闭！
2021-10-29 18:19:07.401 [main-90] INFO  com.pageobject.testcase.CeshirenPOCodeSearchPageTest.tearDown - 释放资源结束
2021-10-29 18:21:13.381 [main-51] INFO  com.pageobject.testcase.CeshirenPOCodeSearchPageTest.init - 项目模块{ CeshirenPOCodeSearchPageTest }测试用例开始执行
2021-10-29 18:21:13.386 [main-70] INFO  com.framework.basepage.BaseBrowser.<init> - 开始加载浏览器配置信息
2021-10-29 18:21:13.387 [main-76] INFO  com.framework.basepage.BaseBrowser.<init> - browserName=chrome
2021-10-29 18:21:13.388 [main-77] INFO  com.framework.basepage.BaseBrowser.<init> - terminal=pc
2021-10-29 18:21:13.388 [main-78] INFO  com.framework.basepage.BaseBrowser.<init> - deviceName=desktop
2021-10-29 18:21:14.489 [main-103] INFO  com.framework.basedriver.BaseDriver.startBrowser - 浏览器：chrome 成功启动！
2021-10-29 18:21:14.490 [main-83] INFO  com.framework.basepage.BaseBrowser.<init> - BBBrowser=ChromeDriver: chrome on MAC (5d8875cfab2aff4e120952c6e59086ed)
2021-10-29 18:21:14.490 [main-84] INFO  com.framework.basepage.BaseBrowser.<init> - BBBbaseDriver=com.framework.basedriver.BaseDriver@35038141
2021-10-29 18:21:14.490 [main-85] INFO  com.framework.basepage.BaseBrowser.<init> - 加载配置信息结束
2021-10-29 18:21:24.688 [main-126] INFO  com.pageobject.testcase.CeshirenPOCodeSearchPageTest.startMethod - 当前用例测试执行方法为{ get_first_title }
2021-10-29 18:21:24.689 [main-132] INFO  com.pageobject.testcase.CeshirenPOCodeSearchPageTest.lambda$null$0 - 第{ 1 }条测试用例开始执行
2021-10-29 18:21:39.989 [main-83] INFO  com.pageobject.testcase.CeshirenPOCodeSearchPageTest.tearDown - 项目模块{ CeshirenPOCodeSearchPageTest }共执行{ 2 }条用例，测试用例开始统一断言
2021-10-29 18:21:39.995 [main-85] INFO  com.pageobject.testcase.CeshirenPOCodeSearchPageTest.tearDown - 统一断言结束
2021-10-29 18:21:39.996 [main-86] INFO  com.pageobject.testcase.CeshirenPOCodeSearchPageTest.tearDown - 开始释放资源
2021-10-29 18:21:43.079 [main-139] INFO  com.framework.basedriver.BaseDriver.closeBrowser - chrome浏览器已成功关闭！
2021-10-29 18:21:43.080 [main-90] INFO  com.pageobject.testcase.CeshirenPOCodeSearchPageTest.tearDown - 释放资源结束
2021-10-29 19:05:39.605 [main-51] INFO  com.pageobject.testcase.CeshirenPOCodeSearchPageTest.init - 项目模块{ CeshirenPOCodeSearchPageTest }测试用例开始执行
2021-10-29 19:05:39.610 [main-70] INFO  com.framework.basepage.BaseBrowser.<init> - 开始加载浏览器配置信息
2021-10-29 19:05:39.612 [main-76] INFO  com.framework.basepage.BaseBrowser.<init> - browserName=chrome
2021-10-29 19:05:39.612 [main-77] INFO  com.framework.basepage.BaseBrowser.<init> - terminal=pc
2021-10-29 19:05:39.612 [main-78] INFO  com.framework.basepage.BaseBrowser.<init> - deviceName=desktop
2021-10-29 19:05:40.734 [main-103] INFO  com.framework.basedriver.BaseDriver.startBrowser - 浏览器：chrome 成功启动！
2021-10-29 19:05:40.735 [main-83] INFO  com.framework.basepage.BaseBrowser.<init> - BBBrowser=ChromeDriver: chrome on MAC (159b36a2c82a36db4ea6c9e3e686f377)
2021-10-29 19:05:40.735 [main-84] INFO  com.framework.basepage.BaseBrowser.<init> - BBBbaseDriver=com.framework.basedriver.BaseDriver@5707c1cb
2021-10-29 19:05:40.736 [main-85] INFO  com.framework.basepage.BaseBrowser.<init> - 加载配置信息结束
2021-10-29 19:05:50.951 [main-126] INFO  com.pageobject.testcase.CeshirenPOCodeSearchPageTest.startMethod - 当前用例测试执行方法为{ get_first_title }
2021-10-29 19:05:50.952 [main-132] INFO  com.pageobject.testcase.CeshirenPOCodeSearchPageTest.lambda$null$0 - 第{ 1 }条测试用例开始执行
2021-10-29 19:06:06.247 [main-83] INFO  com.pageobject.testcase.CeshirenPOCodeSearchPageTest.tearDown - 项目模块{ CeshirenPOCodeSearchPageTest }共执行{ 2 }条用例，测试用例开始统一断言
2021-10-29 19:06:06.252 [main-85] INFO  com.pageobject.testcase.CeshirenPOCodeSearchPageTest.tearDown - 统一断言结束
2021-10-29 19:06:06.252 [main-86] INFO  com.pageobject.testcase.CeshirenPOCodeSearchPageTest.tearDown - 开始释放资源
2021-10-29 19:06:09.332 [main-139] INFO  com.framework.basedriver.BaseDriver.closeBrowser - chrome浏览器已成功关闭！
2021-10-29 19:06:09.333 [main-90] INFO  com.pageobject.testcase.CeshirenPOCodeSearchPageTest.tearDown - 释放资源结束
2021-10-29 19:10:33.749 [main-51] INFO  com.pageobject.testcase.CeshirenPOCodeSearchPageTest.init - 项目模块{ CeshirenPOCodeSearchPageTest }测试用例开始执行
2021-10-29 19:10:33.754 [main-70] INFO  com.framework.basepage.BaseBrowser.<init> - 开始加载浏览器配置信息
2021-10-29 19:10:33.755 [main-76] INFO  com.framework.basepage.BaseBrowser.<init> - browserName=chrome
2021-10-29 19:10:33.755 [main-77] INFO  com.framework.basepage.BaseBrowser.<init> - terminal=pc
2021-10-29 19:10:33.756 [main-78] INFO  com.framework.basepage.BaseBrowser.<init> - deviceName=desktop
2021-10-29 19:10:34.799 [main-103] INFO  com.framework.basedriver.BaseDriver.startBrowser - 浏览器：chrome 成功启动！
2021-10-29 19:10:34.800 [main-83] INFO  com.framework.basepage.BaseBrowser.<init> - BBBrowser=ChromeDriver: chrome on MAC (1d054f523484cc17804c581258233e8f)
2021-10-29 19:10:34.800 [main-84] INFO  com.framework.basepage.BaseBrowser.<init> - BBBbaseDriver=com.framework.basedriver.BaseDriver@5707c1cb
2021-10-29 19:10:34.801 [main-85] INFO  com.framework.basepage.BaseBrowser.<init> - 加载配置信息结束
2021-10-29 19:10:45.009 [main-126] INFO  com.pageobject.testcase.CeshirenPOCodeSearchPageTest.startMethod - 当前用例测试执行方法为{ get_first_title }
2021-10-29 19:10:45.010 [main-132] INFO  com.pageobject.testcase.CeshirenPOCodeSearchPageTest.lambda$null$0 - 第{ 1 }条测试用例开始执行
2021-10-29 19:11:00.428 [main-83] INFO  com.pageobject.testcase.CeshirenPOCodeSearchPageTest.tearDown - 项目模块{ CeshirenPOCodeSearchPageTest }共执行{ 2 }条用例，测试用例开始统一断言
2021-10-29 19:11:00.434 [main-85] INFO  com.pageobject.testcase.CeshirenPOCodeSearchPageTest.tearDown - 统一断言结束
2021-10-29 19:11:00.435 [main-86] INFO  com.pageobject.testcase.CeshirenPOCodeSearchPageTest.tearDown - 开始释放资源
2021-10-29 19:11:03.519 [main-139] INFO  com.framework.basedriver.BaseDriver.closeBrowser - chrome浏览器已成功关闭！
2021-10-29 19:11:03.520 [main-90] INFO  com.pageobject.testcase.CeshirenPOCodeSearchPageTest.tearDown - 释放资源结束
2021-10-29 19:11:59.297 [main-51] INFO  com.pageobject.testcase.CeshirenPOCodeSearchPageTest.init - 项目模块{ CeshirenPOCodeSearchPageTest }测试用例开始执行
2021-10-29 19:11:59.303 [main-70] INFO  com.framework.basepage.BaseBrowser.<init> - 开始加载浏览器配置信息
2021-10-29 19:11:59.304 [main-76] INFO  com.framework.basepage.BaseBrowser.<init> - browserName=chrome
2021-10-29 19:11:59.304 [main-77] INFO  com.framework.basepage.BaseBrowser.<init> - terminal=pc
2021-10-29 19:11:59.304 [main-78] INFO  com.framework.basepage.BaseBrowser.<init> - deviceName=desktop
2021-10-29 19:12:00.345 [main-103] INFO  com.framework.basedriver.BaseDriver.startBrowser - 浏览器：chrome 成功启动！
2021-10-29 19:12:00.345 [main-83] INFO  com.framework.basepage.BaseBrowser.<init> - BBBrowser=ChromeDriver: chrome on MAC (de414c3b4a69bcfce64fb44e077230ee)
2021-10-29 19:12:00.346 [main-84] INFO  com.framework.basepage.BaseBrowser.<init> - BBBbaseDriver=com.framework.basedriver.BaseDriver@5707c1cb
2021-10-29 19:12:00.346 [main-85] INFO  com.framework.basepage.BaseBrowser.<init> - 加载配置信息结束
2021-10-29 19:12:10.571 [main-126] INFO  com.pageobject.testcase.CeshirenPOCodeSearchPageTest.startMethod - 当前用例测试执行方法为{ get_first_title }
2021-10-29 19:12:10.572 [main-132] INFO  com.pageobject.testcase.CeshirenPOCodeSearchPageTest.lambda$null$0 - 第{ 1 }条测试用例开始执行
2021-10-29 19:12:25.937 [main-83] INFO  com.pageobject.testcase.CeshirenPOCodeSearchPageTest.tearDown - 项目模块{ CeshirenPOCodeSearchPageTest }共执行{ 2 }条用例，测试用例开始统一断言
2021-10-29 19:12:25.943 [main-85] INFO  com.pageobject.testcase.CeshirenPOCodeSearchPageTest.tearDown - 统一断言结束
2021-10-29 19:12:25.944 [main-86] INFO  com.pageobject.testcase.CeshirenPOCodeSearchPageTest.tearDown - 开始释放资源
2021-10-29 19:12:29.031 [main-139] INFO  com.framework.basedriver.BaseDriver.closeBrowser - chrome浏览器已成功关闭！
2021-10-29 19:12:29.032 [main-90] INFO  com.pageobject.testcase.CeshirenPOCodeSearchPageTest.tearDown - 释放资源结束
2021-10-29 19:18:47.333 [main-51] INFO  com.pageobject.testcase.CeshirenPOCodeSearchPageTest.init - 项目模块{ CeshirenPOCodeSearchPageTest }测试用例开始执行
2021-10-29 19:18:47.338 [main-70] INFO  com.framework.basepage.BaseBrowser.<init> - 开始加载浏览器配置信息
2021-10-29 19:18:47.340 [main-76] INFO  com.framework.basepage.BaseBrowser.<init> - browserName=chrome
2021-10-29 19:18:47.341 [main-77] INFO  com.framework.basepage.BaseBrowser.<init> - terminal=pc
2021-10-29 19:18:47.341 [main-78] INFO  com.framework.basepage.BaseBrowser.<init> - deviceName=desktop
2021-10-29 19:18:48.804 [main-103] INFO  com.framework.basedriver.BaseDriver.startBrowser - 浏览器：chrome 成功启动！
2021-10-29 19:18:48.804 [main-83] INFO  com.framework.basepage.BaseBrowser.<init> - BBBrowser=ChromeDriver: chrome on MAC (fde0e1b180f579e83f05e319137bd498)
2021-10-29 19:18:48.805 [main-84] INFO  com.framework.basepage.BaseBrowser.<init> - BBBbaseDriver=com.framework.basedriver.BaseDriver@35038141
2021-10-29 19:18:48.805 [main-85] INFO  com.framework.basepage.BaseBrowser.<init> - 加载配置信息结束
2021-10-29 19:18:59.073 [main-126] INFO  com.pageobject.testcase.CeshirenPOCodeSearchPageTest.startMethod - 当前用例测试执行方法为{ get_title2 }
2021-10-29 19:18:59.076 [main-132] INFO  com.pageobject.testcase.CeshirenPOCodeSearchPageTest.lambda$null$0 - 第{ 1 }条测试用例开始执行
2021-10-29 19:18:59.685 [main-83] INFO  com.framework.basetest.BaseTestCaseExcutor.lambda$null$5 - 测试用例执行结果为{ 新闻 }
2021-10-29 19:18:59.686 [main-116] INFO  com.framework.basetest.BaseTestCaseExcutor.lambda$null$4 - 用例开始添加断言内容
2021-10-29 19:18:59.687 [main-117] INFO  com.framework.basetest.BaseTestCaseExcutor.lambda$null$4 - 实际结果为{ 新闻 }
2021-10-29 19:18:59.687 [main-118] INFO  com.framework.basetest.BaseTestCaseExcutor.lambda$null$4 - 期望结果为{ 新闻 }
2021-10-29 19:18:59.688 [main-120] INFO  com.framework.basetest.BaseTestCaseExcutor.lambda$null$4 - 添加断言结束
2021-10-29 19:18:59.688 [main-137] INFO  com.pageobject.testcase.CeshirenPOCodeSearchPageTest.startMethod - 方法{ get_title2 }测试用例执行结束
2021-10-29 19:18:59.759 [main-83] INFO  com.pageobject.testcase.CeshirenPOCodeSearchPageTest.tearDown - 项目模块{ CeshirenPOCodeSearchPageTest }共执行{ 1 }条用例，测试用例开始统一断言
2021-10-29 19:18:59.766 [main-85] INFO  com.pageobject.testcase.CeshirenPOCodeSearchPageTest.tearDown - 统一断言结束
2021-10-29 19:18:59.767 [main-86] INFO  com.pageobject.testcase.CeshirenPOCodeSearchPageTest.tearDown - 开始释放资源
2021-10-29 19:19:02.854 [main-139] INFO  com.framework.basedriver.BaseDriver.closeBrowser - chrome浏览器已成功关闭！
2021-10-29 19:19:02.855 [main-90] INFO  com.pageobject.testcase.CeshirenPOCodeSearchPageTest.tearDown - 释放资源结束
2021-10-29 19:24:40.109 [main-51] INFO  com.pageobject.testcase.CeshirenPOCodeSearchPageTest.init - 项目模块{ CeshirenPOCodeSearchPageTest }测试用例开始执行
2021-10-29 19:24:40.114 [main-70] INFO  com.framework.basepage.BaseBrowser.<init> - 开始加载浏览器配置信息
2021-10-29 19:24:40.117 [main-76] INFO  com.framework.basepage.BaseBrowser.<init> - browserName=chrome
2021-10-29 19:24:40.118 [main-77] INFO  com.framework.basepage.BaseBrowser.<init> - terminal=pc
2021-10-29 19:24:40.118 [main-78] INFO  com.framework.basepage.BaseBrowser.<init> - deviceName=desktop
2021-10-29 19:24:41.141 [main-103] INFO  com.framework.basedriver.BaseDriver.startBrowser - 浏览器：chrome 成功启动！
2021-10-29 19:24:41.142 [main-83] INFO  com.framework.basepage.BaseBrowser.<init> - BBBrowser=ChromeDriver: chrome on MAC (3e83894e1f5b5a1b42c79b13027cb19a)
2021-10-29 19:24:41.142 [main-84] INFO  com.framework.basepage.BaseBrowser.<init> - BBBbaseDriver=com.framework.basedriver.BaseDriver@5707c1cb
2021-10-29 19:24:41.143 [main-85] INFO  com.framework.basepage.BaseBrowser.<init> - 加载配置信息结束
2021-10-29 19:24:51.340 [main-126] INFO  com.pageobject.testcase.CeshirenPOCodeSearchPageTest.startMethod - 当前用例测试执行方法为{ get_first_title }
2021-10-29 19:24:51.341 [main-132] INFO  com.pageobject.testcase.CeshirenPOCodeSearchPageTest.lambda$null$0 - 第{ 1 }条测试用例开始执行
2021-10-29 19:25:06.620 [main-83] INFO  com.pageobject.testcase.CeshirenPOCodeSearchPageTest.tearDown - 项目模块{ CeshirenPOCodeSearchPageTest }共执行{ 2 }条用例，测试用例开始统一断言
2021-10-29 19:25:06.624 [main-85] INFO  com.pageobject.testcase.CeshirenPOCodeSearchPageTest.tearDown - 统一断言结束
2021-10-29 19:25:06.625 [main-86] INFO  com.pageobject.testcase.CeshirenPOCodeSearchPageTest.tearDown - 开始释放资源
2021-10-29 19:25:09.703 [main-139] INFO  com.framework.basedriver.BaseDriver.closeBrowser - chrome浏览器已成功关闭！
2021-10-29 19:25:09.704 [main-90] INFO  com.pageobject.testcase.CeshirenPOCodeSearchPageTest.tearDown - 释放资源结束
2021-10-29 19:34:50.056 [main-51] INFO  com.pageobject.testcase.CeshirenPOCodeSearchPageTest.init - 项目模块{ CeshirenPOCodeSearchPageTest }测试用例开始执行
2021-10-29 19:34:50.061 [main-70] INFO  com.framework.basepage.BaseBrowser.<init> - 开始加载浏览器配置信息
2021-10-29 19:34:50.062 [main-76] INFO  com.framework.basepage.BaseBrowser.<init> - browserName=chrome
2021-10-29 19:34:50.063 [main-77] INFO  com.framework.basepage.BaseBrowser.<init> - terminal=pc
2021-10-29 19:34:50.063 [main-78] INFO  com.framework.basepage.BaseBrowser.<init> - deviceName=desktop
2021-10-29 19:34:51.059 [main-103] INFO  com.framework.basedriver.BaseDriver.startBrowser - 浏览器：chrome 成功启动！
2021-10-29 19:34:51.060 [main-83] INFO  com.framework.basepage.BaseBrowser.<init> - BBBrowser=ChromeDriver: chrome on MAC (4bb71ba557aee0702a7e54fbbf132e9a)
2021-10-29 19:34:51.061 [main-84] INFO  com.framework.basepage.BaseBrowser.<init> - BBBbaseDriver=com.framework.basedriver.BaseDriver@5707c1cb
2021-10-29 19:34:51.061 [main-85] INFO  com.framework.basepage.BaseBrowser.<init> - 加载配置信息结束
2021-10-29 19:35:01.247 [main-126] INFO  com.pageobject.testcase.CeshirenPOCodeSearchPageTest.startMethod - 当前用例测试执行方法为{ get_first_title }
2021-10-29 19:35:01.249 [main-132] INFO  com.pageobject.testcase.CeshirenPOCodeSearchPageTest.lambda$null$0 - 第{ 1 }条测试用例开始执行
2021-10-29 19:35:16.525 [main-83] INFO  com.pageobject.testcase.CeshirenPOCodeSearchPageTest.tearDown - 项目模块{ CeshirenPOCodeSearchPageTest }共执行{ 2 }条用例，测试用例开始统一断言
2021-10-29 19:35:16.530 [main-85] INFO  com.pageobject.testcase.CeshirenPOCodeSearchPageTest.tearDown - 统一断言结束
2021-10-29 19:35:16.530 [main-86] INFO  com.pageobject.testcase.CeshirenPOCodeSearchPageTest.tearDown - 开始释放资源
2021-10-29 19:35:19.611 [main-139] INFO  com.framework.basedriver.BaseDriver.closeBrowser - chrome浏览器已成功关闭！
2021-10-29 19:35:19.611 [main-90] INFO  com.pageobject.testcase.CeshirenPOCodeSearchPageTest.tearDown - 释放资源结束
2021-10-29 19:37:08.634 [main-51] INFO  com.pageobject.testcase.CeshirenPOCodeSearchPageTest.init - 项目模块{ CeshirenPOCodeSearchPageTest }测试用例开始执行
2021-10-29 19:37:08.638 [main-70] INFO  com.framework.basepage.BaseBrowser.<init> - 开始加载浏览器配置信息
2021-10-29 19:37:08.639 [main-76] INFO  com.framework.basepage.BaseBrowser.<init> - browserName=chrome
2021-10-29 19:37:08.640 [main-77] INFO  com.framework.basepage.BaseBrowser.<init> - terminal=pc
2021-10-29 19:37:08.640 [main-78] INFO  com.framework.basepage.BaseBrowser.<init> - deviceName=desktop
2021-10-29 19:37:09.621 [main-103] INFO  com.framework.basedriver.BaseDriver.startBrowser - 浏览器：chrome 成功启动！
2021-10-29 19:37:09.623 [main-83] INFO  com.framework.basepage.BaseBrowser.<init> - BBBrowser=ChromeDriver: chrome on MAC (9b68c971367022fcc34ea1abcae1cb43)
2021-10-29 19:37:09.623 [main-84] INFO  com.framework.basepage.BaseBrowser.<init> - BBBbaseDriver=com.framework.basedriver.BaseDriver@5707c1cb
2021-10-29 19:37:09.625 [main-85] INFO  com.framework.basepage.BaseBrowser.<init> - 加载配置信息结束
2021-10-29 19:37:19.810 [main-126] INFO  com.pageobject.testcase.CeshirenPOCodeSearchPageTest.startMethod - 当前用例测试执行方法为{ get_first_title }
2021-10-29 19:37:19.811 [main-132] INFO  com.pageobject.testcase.CeshirenPOCodeSearchPageTest.lambda$null$0 - 第{ 1 }条测试用例开始执行
2021-10-29 19:37:35.076 [main-83] INFO  com.pageobject.testcase.CeshirenPOCodeSearchPageTest.tearDown - 项目模块{ CeshirenPOCodeSearchPageTest }共执行{ 2 }条用例，测试用例开始统一断言
2021-10-29 19:37:35.079 [main-85] INFO  com.pageobject.testcase.CeshirenPOCodeSearchPageTest.tearDown - 统一断言结束
2021-10-29 19:37:35.079 [main-86] INFO  com.pageobject.testcase.CeshirenPOCodeSearchPageTest.tearDown - 开始释放资源
2021-10-29 19:37:38.161 [main-139] INFO  com.framework.basedriver.BaseDriver.closeBrowser - chrome浏览器已成功关闭！
2021-10-29 19:37:38.162 [main-90] INFO  com.pageobject.testcase.CeshirenPOCodeSearchPageTest.tearDown - 释放资源结束
2021-10-29 19:39:22.440 [main-51] INFO  com.pageobject.testcase.CeshirenPOCodeSearchPageTest.init - 项目模块{ CeshirenPOCodeSearchPageTest }测试用例开始执行
2021-10-29 19:39:22.445 [main-70] INFO  com.framework.basepage.BaseBrowser.<init> - 开始加载浏览器配置信息
2021-10-29 19:39:22.447 [main-76] INFO  com.framework.basepage.BaseBrowser.<init> - browserName=chrome
2021-10-29 19:39:22.447 [main-77] INFO  com.framework.basepage.BaseBrowser.<init> - terminal=pc
2021-10-29 19:39:22.448 [main-78] INFO  com.framework.basepage.BaseBrowser.<init> - deviceName=desktop
2021-10-29 19:39:23.459 [main-103] INFO  com.framework.basedriver.BaseDriver.startBrowser - 浏览器：chrome 成功启动！
2021-10-29 19:39:23.460 [main-83] INFO  com.framework.basepage.BaseBrowser.<init> - BBBrowser=ChromeDriver: chrome on MAC (5305024ddfbb1983d5d4a994a89aa346)
2021-10-29 19:39:23.460 [main-84] INFO  com.framework.basepage.BaseBrowser.<init> - BBBbaseDriver=com.framework.basedriver.BaseDriver@5707c1cb
2021-10-29 19:39:23.460 [main-85] INFO  com.framework.basepage.BaseBrowser.<init> - 加载配置信息结束
2021-10-29 19:39:33.652 [main-126] INFO  com.pageobject.testcase.CeshirenPOCodeSearchPageTest.startMethod - 当前用例测试执行方法为{ get_first_title }
2021-10-29 19:39:33.653 [main-132] INFO  com.pageobject.testcase.CeshirenPOCodeSearchPageTest.lambda$null$0 - 第{ 1 }条测试用例开始执行
2021-10-29 19:39:43.762 [main-83] INFO  com.pageobject.testcase.CeshirenPOCodeSearchPageTest.tearDown - 项目模块{ CeshirenPOCodeSearchPageTest }共执行{ 2 }条用例，测试用例开始统一断言
2021-10-29 19:39:43.768 [main-85] INFO  com.pageobject.testcase.CeshirenPOCodeSearchPageTest.tearDown - 统一断言结束
2021-10-29 19:39:43.769 [main-86] INFO  com.pageobject.testcase.CeshirenPOCodeSearchPageTest.tearDown - 开始释放资源
2021-10-29 19:39:46.852 [main-139] INFO  com.framework.basedriver.BaseDriver.closeBrowser - chrome浏览器已成功关闭！
2021-10-29 19:39:46.854 [main-90] INFO  com.pageobject.testcase.CeshirenPOCodeSearchPageTest.tearDown - 释放资源结束
2021-10-29 19:40:07.946 [main-51] INFO  com.pageobject.testcase.CeshirenPOCodeSearchPageTest.init - 项目模块{ CeshirenPOCodeSearchPageTest }测试用例开始执行
2021-10-29 19:40:07.950 [main-70] INFO  com.framework.basepage.BaseBrowser.<init> - 开始加载浏览器配置信息
2021-10-29 19:40:07.951 [main-76] INFO  com.framework.basepage.BaseBrowser.<init> - browserName=chrome
2021-10-29 19:40:07.952 [main-77] INFO  com.framework.basepage.BaseBrowser.<init> - terminal=pc
2021-10-29 19:40:07.952 [main-78] INFO  com.framework.basepage.BaseBrowser.<init> - deviceName=desktop
2021-10-29 19:40:08.950 [main-103] INFO  com.framework.basedriver.BaseDriver.startBrowser - 浏览器：chrome 成功启动！
2021-10-29 19:40:08.950 [main-83] INFO  com.framework.basepage.BaseBrowser.<init> - BBBrowser=ChromeDriver: chrome on MAC (be6e037b7883d223a7aa10ed52f97c8a)
2021-10-29 19:40:08.951 [main-84] INFO  com.framework.basepage.BaseBrowser.<init> - BBBbaseDriver=com.framework.basedriver.BaseDriver@5707c1cb
2021-10-29 19:40:08.951 [main-85] INFO  com.framework.basepage.BaseBrowser.<init> - 加载配置信息结束
2021-10-29 19:40:19.134 [main-126] INFO  com.pageobject.testcase.CeshirenPOCodeSearchPageTest.startMethod - 当前用例测试执行方法为{ get_first_title }
2021-10-29 19:40:19.135 [main-132] INFO  com.pageobject.testcase.CeshirenPOCodeSearchPageTest.lambda$null$0 - 第{ 1 }条测试用例开始执行
2021-10-29 19:40:34.394 [main-83] INFO  com.pageobject.testcase.CeshirenPOCodeSearchPageTest.tearDown - 项目模块{ CeshirenPOCodeSearchPageTest }共执行{ 2 }条用例，测试用例开始统一断言
2021-10-29 19:40:34.398 [main-85] INFO  com.pageobject.testcase.CeshirenPOCodeSearchPageTest.tearDown - 统一断言结束
2021-10-29 19:40:34.398 [main-86] INFO  com.pageobject.testcase.CeshirenPOCodeSearchPageTest.tearDown - 开始释放资源
2021-10-29 19:40:37.480 [main-139] INFO  com.framework.basedriver.BaseDriver.closeBrowser - chrome浏览器已成功关闭！
2021-10-29 19:40:37.481 [main-90] INFO  com.pageobject.testcase.CeshirenPOCodeSearchPageTest.tearDown - 释放资源结束
2021-10-29 19:42:12.548 [main-51] INFO  com.pageobject.testcase.CeshirenPOCodeSearchPageTest.init - 项目模块{ CeshirenPOCodeSearchPageTest }测试用例开始执行
2021-10-29 19:42:12.552 [main-70] INFO  com.framework.basepage.BaseBrowser.<init> - 开始加载浏览器配置信息
2021-10-29 19:42:12.554 [main-76] INFO  com.framework.basepage.BaseBrowser.<init> - browserName=chrome
2021-10-29 19:42:12.554 [main-77] INFO  com.framework.basepage.BaseBrowser.<init> - terminal=pc
2021-10-29 19:42:12.555 [main-78] INFO  com.framework.basepage.BaseBrowser.<init> - deviceName=desktop
2021-10-29 19:42:13.582 [main-103] INFO  com.framework.basedriver.BaseDriver.startBrowser - 浏览器：chrome 成功启动！
2021-10-29 19:42:13.582 [main-83] INFO  com.framework.basepage.BaseBrowser.<init> - BBBrowser=ChromeDriver: chrome on MAC (0bafc61b1a8238bd9d3d8b83ec8990de)
2021-10-29 19:42:13.583 [main-84] INFO  com.framework.basepage.BaseBrowser.<init> - BBBbaseDriver=com.framework.basedriver.BaseDriver@35038141
2021-10-29 19:42:13.584 [main-85] INFO  com.framework.basepage.BaseBrowser.<init> - 加载配置信息结束
2021-10-29 19:42:23.779 [main-126] INFO  com.pageobject.testcase.CeshirenPOCodeSearchPageTest.startMethod - 当前用例测试执行方法为{ get_first_title }
2021-10-29 19:42:23.780 [main-132] INFO  com.pageobject.testcase.CeshirenPOCodeSearchPageTest.lambda$null$0 - 第{ 1 }条测试用例开始执行
2021-10-29 19:42:39.037 [main-83] INFO  com.pageobject.testcase.CeshirenPOCodeSearchPageTest.tearDown - 项目模块{ CeshirenPOCodeSearchPageTest }共执行{ 2 }条用例，测试用例开始统一断言
2021-10-29 19:42:39.041 [main-85] INFO  com.pageobject.testcase.CeshirenPOCodeSearchPageTest.tearDown - 统一断言结束
2021-10-29 19:42:39.041 [main-86] INFO  com.pageobject.testcase.CeshirenPOCodeSearchPageTest.tearDown - 开始释放资源
2021-10-29 19:42:42.123 [main-139] INFO  com.framework.basedriver.BaseDriver.closeBrowser - chrome浏览器已成功关闭！
2021-10-29 19:42:42.124 [main-90] INFO  com.pageobject.testcase.CeshirenPOCodeSearchPageTest.tearDown - 释放资源结束
2021-10-29 19:43:50.230 [main-51] INFO  com.pageobject.testcase.CeshirenPOCodeSearchPageTest.init - 项目模块{ CeshirenPOCodeSearchPageTest }测试用例开始执行
2021-10-29 19:43:50.235 [main-70] INFO  com.framework.basepage.BaseBrowser.<init> - 开始加载浏览器配置信息
2021-10-29 19:43:50.236 [main-76] INFO  com.framework.basepage.BaseBrowser.<init> - browserName=chrome
2021-10-29 19:43:50.237 [main-77] INFO  com.framework.basepage.BaseBrowser.<init> - terminal=pc
2021-10-29 19:43:50.237 [main-78] INFO  com.framework.basepage.BaseBrowser.<init> - deviceName=desktop
2021-10-29 19:43:51.284 [main-103] INFO  com.framework.basedriver.BaseDriver.startBrowser - 浏览器：chrome 成功启动！
2021-10-29 19:43:51.284 [main-83] INFO  com.framework.basepage.BaseBrowser.<init> - BBBrowser=ChromeDriver: chrome on MAC (6eb27169cecfc5b673f22aa2e07491c7)
2021-10-29 19:43:51.285 [main-84] INFO  com.framework.basepage.BaseBrowser.<init> - BBBbaseDriver=com.framework.basedriver.BaseDriver@5707c1cb
2021-10-29 19:43:51.285 [main-85] INFO  com.framework.basepage.BaseBrowser.<init> - 加载配置信息结束
2021-10-29 19:44:01.472 [main-126] INFO  com.pageobject.testcase.CeshirenPOCodeSearchPageTest.startMethod - 当前用例测试执行方法为{ get_first_title }
2021-10-29 19:44:01.473 [main-132] INFO  com.pageobject.testcase.CeshirenPOCodeSearchPageTest.lambda$null$0 - 第{ 1 }条测试用例开始执行
2021-10-29 19:44:16.700 [main-83] INFO  com.pageobject.testcase.CeshirenPOCodeSearchPageTest.tearDown - 项目模块{ CeshirenPOCodeSearchPageTest }共执行{ 2 }条用例，测试用例开始统一断言
2021-10-29 19:44:16.704 [main-85] INFO  com.pageobject.testcase.CeshirenPOCodeSearchPageTest.tearDown - 统一断言结束
2021-10-29 19:44:16.704 [main-86] INFO  com.pageobject.testcase.CeshirenPOCodeSearchPageTest.tearDown - 开始释放资源
2021-10-29 19:44:19.785 [main-139] INFO  com.framework.basedriver.BaseDriver.closeBrowser - chrome浏览器已成功关闭！
2021-10-29 19:44:19.786 [main-90] INFO  com.pageobject.testcase.CeshirenPOCodeSearchPageTest.tearDown - 释放资源结束
2021-10-29 19:48:27.866 [main-51] INFO  com.pageobject.testcase.CeshirenPOCodeSearchPageTest.init - 项目模块{ CeshirenPOCodeSearchPageTest }测试用例开始执行
2021-10-29 19:48:27.873 [main-70] INFO  com.framework.basepage.BaseBrowser.<init> - 开始加载浏览器配置信息
2021-10-29 19:48:27.875 [main-76] INFO  com.framework.basepage.BaseBrowser.<init> - browserName=chrome
2021-10-29 19:48:27.875 [main-77] INFO  com.framework.basepage.BaseBrowser.<init> - terminal=pc
2021-10-29 19:48:27.875 [main-78] INFO  com.framework.basepage.BaseBrowser.<init> - deviceName=desktop
2021-10-29 19:48:28.901 [main-103] INFO  com.framework.basedriver.BaseDriver.startBrowser - 浏览器：chrome 成功启动！
2021-10-29 19:48:28.901 [main-83] INFO  com.framework.basepage.BaseBrowser.<init> - BBBrowser=ChromeDriver: chrome on MAC (ec079a2e0eb00776a3bf9514d2c7471a)
2021-10-29 19:48:28.902 [main-84] INFO  com.framework.basepage.BaseBrowser.<init> - BBBbaseDriver=com.framework.basedriver.BaseDriver@35038141
2021-10-29 19:48:28.902 [main-85] INFO  com.framework.basepage.BaseBrowser.<init> - 加载配置信息结束
2021-10-29 19:48:39.088 [main-126] INFO  com.pageobject.testcase.CeshirenPOCodeSearchPageTest.startMethod - 当前用例测试执行方法为{ get_first_title }
2021-10-29 19:48:39.090 [main-132] INFO  com.pageobject.testcase.CeshirenPOCodeSearchPageTest.lambda$null$0 - 第{ 1 }条测试用例开始执行
2021-10-29 19:48:54.434 [main-83] INFO  com.pageobject.testcase.CeshirenPOCodeSearchPageTest.tearDown - 项目模块{ CeshirenPOCodeSearchPageTest }共执行{ 2 }条用例，测试用例开始统一断言
2021-10-29 19:48:54.440 [main-85] INFO  com.pageobject.testcase.CeshirenPOCodeSearchPageTest.tearDown - 统一断言结束
2021-10-29 19:48:54.440 [main-86] INFO  com.pageobject.testcase.CeshirenPOCodeSearchPageTest.tearDown - 开始释放资源
2021-10-29 19:48:57.526 [main-139] INFO  com.framework.basedriver.BaseDriver.closeBrowser - chrome浏览器已成功关闭！
2021-10-29 19:48:57.526 [main-90] INFO  com.pageobject.testcase.CeshirenPOCodeSearchPageTest.tearDown - 释放资源结束
2021-10-29 19:50:48.439 [main-51] INFO  com.pageobject.testcase.CeshirenPOCodeSearchPageTest.init - 项目模块{ CeshirenPOCodeSearchPageTest }测试用例开始执行
2021-10-29 19:50:48.443 [main-70] INFO  com.framework.basepage.BaseBrowser.<init> - 开始加载浏览器配置信息
2021-10-29 19:50:48.445 [main-76] INFO  com.framework.basepage.BaseBrowser.<init> - browserName=chrome
2021-10-29 19:50:48.445 [main-77] INFO  com.framework.basepage.BaseBrowser.<init> - terminal=pc
2021-10-29 19:50:48.445 [main-78] INFO  com.framework.basepage.BaseBrowser.<init> - deviceName=desktop
2021-10-29 19:50:49.425 [main-103] INFO  com.framework.basedriver.BaseDriver.startBrowser - 浏览器：chrome 成功启动！
2021-10-29 19:50:49.426 [main-83] INFO  com.framework.basepage.BaseBrowser.<init> - BBBrowser=ChromeDriver: chrome on MAC (b7db847ae063852ac78e7e0c1ded712a)
2021-10-29 19:50:49.426 [main-84] INFO  com.framework.basepage.BaseBrowser.<init> - BBBbaseDriver=com.framework.basedriver.BaseDriver@35038141
2021-10-29 19:50:49.427 [main-85] INFO  com.framework.basepage.BaseBrowser.<init> - 加载配置信息结束
2021-10-29 19:50:59.624 [main-126] INFO  com.pageobject.testcase.CeshirenPOCodeSearchPageTest.startMethod - 当前用例测试执行方法为{ get_first_title }
2021-10-29 19:50:59.625 [main-132] INFO  com.pageobject.testcase.CeshirenPOCodeSearchPageTest.lambda$null$0 - 第{ 1 }条测试用例开始执行
2021-10-29 19:51:14.866 [main-83] INFO  com.pageobject.testcase.CeshirenPOCodeSearchPageTest.tearDown - 项目模块{ CeshirenPOCodeSearchPageTest }共执行{ 2 }条用例，测试用例开始统一断言
2021-10-29 19:51:14.870 [main-85] INFO  com.pageobject.testcase.CeshirenPOCodeSearchPageTest.tearDown - 统一断言结束
2021-10-29 19:51:14.871 [main-86] INFO  com.pageobject.testcase.CeshirenPOCodeSearchPageTest.tearDown - 开始释放资源
2021-10-29 19:51:17.952 [main-139] INFO  com.framework.basedriver.BaseDriver.closeBrowser - chrome浏览器已成功关闭！
2021-10-29 19:51:17.953 [main-90] INFO  com.pageobject.testcase.CeshirenPOCodeSearchPageTest.tearDown - 释放资源结束
2021-10-29 19:53:30.437 [main-51] INFO  com.pageobject.testcase.CeshirenPOCodeSearchPageTest.init - 项目模块{ CeshirenPOCodeSearchPageTest }测试用例开始执行
2021-10-29 19:53:30.445 [main-70] INFO  com.framework.basepage.BaseBrowser.<init> - 开始加载浏览器配置信息
2021-10-29 19:53:30.446 [main-76] INFO  com.framework.basepage.BaseBrowser.<init> - browserName=chrome
2021-10-29 19:53:30.447 [main-77] INFO  com.framework.basepage.BaseBrowser.<init> - terminal=pc
2021-10-29 19:53:30.447 [main-78] INFO  com.framework.basepage.BaseBrowser.<init> - deviceName=desktop
2021-10-29 19:53:31.436 [main-103] INFO  com.framework.basedriver.BaseDriver.startBrowser - 浏览器：chrome 成功启动！
2021-10-29 19:53:31.436 [main-83] INFO  com.framework.basepage.BaseBrowser.<init> - BBBrowser=ChromeDriver: chrome on MAC (057c83c3c03451ac7f45effa92ad3ebc)
2021-10-29 19:53:31.437 [main-84] INFO  com.framework.basepage.BaseBrowser.<init> - BBBbaseDriver=com.framework.basedriver.BaseDriver@35038141
2021-10-29 19:53:31.437 [main-85] INFO  com.framework.basepage.BaseBrowser.<init> - 加载配置信息结束
2021-10-29 19:53:41.624 [main-126] INFO  com.pageobject.testcase.CeshirenPOCodeSearchPageTest.startMethod - 当前用例测试执行方法为{ get_first_title }
2021-10-29 19:53:41.633 [main-132] INFO  com.pageobject.testcase.CeshirenPOCodeSearchPageTest.lambda$null$0 - 第{ 1 }条测试用例开始执行
2021-10-29 19:53:56.937 [main-83] INFO  com.pageobject.testcase.CeshirenPOCodeSearchPageTest.tearDown - 项目模块{ CeshirenPOCodeSearchPageTest }共执行{ 2 }条用例，测试用例开始统一断言
2021-10-29 19:53:56.944 [main-85] INFO  com.pageobject.testcase.CeshirenPOCodeSearchPageTest.tearDown - 统一断言结束
2021-10-29 19:53:56.945 [main-86] INFO  com.pageobject.testcase.CeshirenPOCodeSearchPageTest.tearDown - 开始释放资源
2021-10-29 19:54:00.034 [main-139] INFO  com.framework.basedriver.BaseDriver.closeBrowser - chrome浏览器已成功关闭！
2021-10-29 19:54:00.034 [main-90] INFO  com.pageobject.testcase.CeshirenPOCodeSearchPageTest.tearDown - 释放资源结束
2021-10-29 20:06:36.304 [main-51] INFO  com.pageobject.testcase.CeshirenPOCodeSearchPageTest.init - 项目模块{ CeshirenPOCodeSearchPageTest }测试用例开始执行
2021-10-29 20:06:36.309 [main-70] INFO  com.framework.basepage.BaseBrowser.<init> - 开始加载浏览器配置信息
2021-10-29 20:06:36.311 [main-76] INFO  com.framework.basepage.BaseBrowser.<init> - browserName=chrome
2021-10-29 20:06:36.311 [main-77] INFO  com.framework.basepage.BaseBrowser.<init> - terminal=pc
2021-10-29 20:06:36.311 [main-78] INFO  com.framework.basepage.BaseBrowser.<init> - deviceName=desktop
2021-10-29 20:06:37.515 [main-103] INFO  com.framework.basedriver.BaseDriver.startBrowser - 浏览器：chrome 成功启动！
2021-10-29 20:06:37.516 [main-83] INFO  com.framework.basepage.BaseBrowser.<init> - 加载配置信息结束
2021-10-29 20:06:47.726 [main-126] INFO  com.pageobject.testcase.CeshirenPOCodeSearchPageTest.startMethod - 当前用例测试执行方法为{ get_first_title }
2021-10-29 20:06:47.727 [main-132] INFO  com.pageobject.testcase.CeshirenPOCodeSearchPageTest.lambda$null$0 - 第{ 1 }条测试用例开始执行
2021-10-29 20:07:02.986 [main-83] INFO  com.pageobject.testcase.CeshirenPOCodeSearchPageTest.tearDown - 项目模块{ CeshirenPOCodeSearchPageTest }共执行{ 2 }条用例，测试用例开始统一断言
2021-10-29 20:07:02.991 [main-85] INFO  com.pageobject.testcase.CeshirenPOCodeSearchPageTest.tearDown - 统一断言结束
2021-10-29 20:07:02.992 [main-86] INFO  com.pageobject.testcase.CeshirenPOCodeSearchPageTest.tearDown - 开始释放资源
2021-10-29 20:07:06.075 [main-139] INFO  com.framework.basedriver.BaseDriver.closeBrowser - chrome浏览器已成功关闭！
2021-10-29 20:07:06.076 [main-90] INFO  com.pageobject.testcase.CeshirenPOCodeSearchPageTest.tearDown - 释放资源结束
2021-10-29 20:12:30.008 [main-51] INFO  com.pageobject.testcase.CeshirenPOCodeSearchPageTest.init - 项目模块{ CeshirenPOCodeSearchPageTest }测试用例开始执行
2021-10-29 20:12:30.012 [main-70] INFO  com.framework.basepage.BaseBrowser.<init> - 开始加载浏览器配置信息
2021-10-29 20:12:30.014 [main-76] INFO  com.framework.basepage.BaseBrowser.<init> - browserName=chrome
2021-10-29 20:12:30.014 [main-77] INFO  com.framework.basepage.BaseBrowser.<init> - terminal=pc
2021-10-29 20:12:30.014 [main-78] INFO  com.framework.basepage.BaseBrowser.<init> - deviceName=desktop
2021-10-29 20:12:31.000 [main-103] INFO  com.framework.basedriver.BaseDriver.startBrowser - 浏览器：chrome 成功启动！
2021-10-29 20:12:31.000 [main-83] INFO  com.framework.basepage.BaseBrowser.<init> - 加载配置信息结束
2021-10-29 20:12:41.196 [main-126] INFO  com.pageobject.testcase.CeshirenPOCodeSearchPageTest.startMethod - 当前用例测试执行方法为{ get_first_title }
2021-10-29 20:12:41.197 [main-132] INFO  com.pageobject.testcase.CeshirenPOCodeSearchPageTest.lambda$null$0 - 第{ 1 }条测试用例开始执行
2021-10-29 20:12:56.567 [main-83] INFO  com.pageobject.testcase.CeshirenPOCodeSearchPageTest.tearDown - 项目模块{ CeshirenPOCodeSearchPageTest }共执行{ 2 }条用例，测试用例开始统一断言
2021-10-29 20:12:56.571 [main-85] INFO  com.pageobject.testcase.CeshirenPOCodeSearchPageTest.tearDown - 统一断言结束
2021-10-29 20:12:56.572 [main-86] INFO  com.pageobject.testcase.CeshirenPOCodeSearchPageTest.tearDown - 开始释放资源
2021-10-29 20:12:59.653 [main-139] INFO  com.framework.basedriver.BaseDriver.closeBrowser - chrome浏览器已成功关闭！
2021-10-29 20:12:59.654 [main-90] INFO  com.pageobject.testcase.CeshirenPOCodeSearchPageTest.tearDown - 释放资源结束
2021-10-29 20:13:28.311 [main-51] INFO  com.pageobject.testcase.CeshirenPOCodeSearchPageTest.init - 项目模块{ CeshirenPOCodeSearchPageTest }测试用例开始执行
2021-10-29 20:13:28.317 [main-70] INFO  com.framework.basepage.BaseBrowser.<init> - 开始加载浏览器配置信息
2021-10-29 20:13:28.318 [main-76] INFO  com.framework.basepage.BaseBrowser.<init> - browserName=chrome
2021-10-29 20:13:28.319 [main-77] INFO  com.framework.basepage.BaseBrowser.<init> - terminal=pc
2021-10-29 20:13:28.319 [main-78] INFO  com.framework.basepage.BaseBrowser.<init> - deviceName=desktop
2021-10-29 20:13:30.125 [main-103] INFO  com.framework.basedriver.BaseDriver.startBrowser - 浏览器：chrome 成功启动！
2021-10-29 20:13:30.126 [main-83] INFO  com.framework.basepage.BaseBrowser.<init> - 加载配置信息结束
2021-10-29 20:13:40.312 [main-126] INFO  com.pageobject.testcase.CeshirenPOCodeSearchPageTest.startMethod - 当前用例测试执行方法为{ get_first_title }
2021-10-29 20:13:40.313 [main-132] INFO  com.pageobject.testcase.CeshirenPOCodeSearchPageTest.lambda$null$0 - 第{ 1 }条测试用例开始执行
2021-10-29 20:13:42.799 [main-83] INFO  com.framework.basetest.BaseTestCaseExcutor.lambda$null$5 - 测试用例执行结果为{ 中高级测试开发「名企定向」培养计划，内推 BAT 大厂，还有万元奖学金等你拿！ }
2021-10-29 20:13:42.802 [main-110] INFO  com.framework.basetest.BaseTestCaseExcutor.lambda$null$4 - 用例开始添加断言内容
2021-10-29 20:13:42.803 [main-111] INFO  com.framework.basetest.BaseTestCaseExcutor.lambda$null$4 - 实际结果为{ 中高级测试开发「名企定向」培养计划，内推 BAT 大厂，还有万元奖学金等你拿！ }
2021-10-29 20:13:42.803 [main-112] INFO  com.framework.basetest.BaseTestCaseExcutor.lambda$null$4 - 期望结果包含字段{ 名企 }
2021-10-29 20:13:42.804 [main-114] INFO  com.framework.basetest.BaseTestCaseExcutor.lambda$null$4 - 添加断言结束
2021-10-29 20:13:42.805 [main-132] INFO  com.pageobject.testcase.CeshirenPOCodeSearchPageTest.lambda$null$0 - 第{ 2 }条测试用例开始执行
2021-10-29 20:13:44.918 [main-83] INFO  com.framework.basetest.BaseTestCaseExcutor.lambda$null$5 - 测试用例执行结果为{ 中高级测试开发「名企定向」培养计划，内推 BAT 大厂，还有万元奖学金等你拿！ }
2021-10-29 20:13:44.919 [main-110] INFO  com.framework.basetest.BaseTestCaseExcutor.lambda$null$4 - 用例开始添加断言内容
2021-10-29 20:13:44.920 [main-111] INFO  com.framework.basetest.BaseTestCaseExcutor.lambda$null$4 - 实际结果为{ 中高级测试开发「名企定向」培养计划，内推 BAT 大厂，还有万元奖学金等你拿！ }
2021-10-29 20:13:44.921 [main-112] INFO  com.framework.basetest.BaseTestCaseExcutor.lambda$null$4 - 期望结果包含字段{ 名企 }
2021-10-29 20:13:44.921 [main-114] INFO  com.framework.basetest.BaseTestCaseExcutor.lambda$null$4 - 添加断言结束
2021-10-29 20:13:44.922 [main-137] INFO  com.pageobject.testcase.CeshirenPOCodeSearchPageTest.startMethod - 方法{ get_first_title }测试用例执行结束
2021-10-29 20:13:45.025 [main-83] INFO  com.pageobject.testcase.CeshirenPOCodeSearchPageTest.tearDown - 项目模块{ CeshirenPOCodeSearchPageTest }共执行{ 2 }条用例，测试用例开始统一断言
2021-10-29 20:13:45.041 [main-85] INFO  com.pageobject.testcase.CeshirenPOCodeSearchPageTest.tearDown - 统一断言结束
2021-10-29 20:13:45.042 [main-86] INFO  com.pageobject.testcase.CeshirenPOCodeSearchPageTest.tearDown - 开始释放资源
2021-10-29 20:13:48.255 [main-139] INFO  com.framework.basedriver.BaseDriver.closeBrowser - chrome浏览器已成功关闭！
2021-10-29 20:13:48.256 [main-90] INFO  com.pageobject.testcase.CeshirenPOCodeSearchPageTest.tearDown - 释放资源结束
2021-10-29 20:14:19.457 [main-51] INFO  com.pageobject.testcase.CeshirenPOCodeSearchPageTest.init - 项目模块{ CeshirenPOCodeSearchPageTest }测试用例开始执行
2021-10-29 20:14:19.464 [main-70] INFO  com.framework.basepage.BaseBrowser.<init> - 开始加载浏览器配置信息
2021-10-29 20:14:19.466 [main-76] INFO  com.framework.basepage.BaseBrowser.<init> - browserName=chrome
2021-10-29 20:14:19.466 [main-77] INFO  com.framework.basepage.BaseBrowser.<init> - terminal=pc
2021-10-29 20:14:19.467 [main-78] INFO  com.framework.basepage.BaseBrowser.<init> - deviceName=desktop
2021-10-29 20:14:20.702 [main-103] INFO  com.framework.basedriver.BaseDriver.startBrowser - 浏览器：chrome 成功启动！
2021-10-29 20:14:20.703 [main-83] INFO  com.framework.basepage.BaseBrowser.<init> - 加载配置信息结束
2021-10-29 20:14:30.893 [main-126] INFO  com.pageobject.testcase.CeshirenPOCodeSearchPageTest.startMethod - 当前用例测试执行方法为{ get_first_title }
2021-10-29 20:14:30.894 [main-132] INFO  com.pageobject.testcase.CeshirenPOCodeSearchPageTest.lambda$null$0 - 第{ 1 }条测试用例开始执行
2021-10-29 20:14:46.173 [main-83] INFO  com.pageobject.testcase.CeshirenPOCodeSearchPageTest.tearDown - 项目模块{ CeshirenPOCodeSearchPageTest }共执行{ 2 }条用例，测试用例开始统一断言
2021-10-29 20:14:46.177 [main-85] INFO  com.pageobject.testcase.CeshirenPOCodeSearchPageTest.tearDown - 统一断言结束
2021-10-29 20:14:46.178 [main-86] INFO  com.pageobject.testcase.CeshirenPOCodeSearchPageTest.tearDown - 开始释放资源
2021-10-29 20:14:49.263 [main-139] INFO  com.framework.basedriver.BaseDriver.closeBrowser - chrome浏览器已成功关闭！
2021-10-29 20:14:49.264 [main-90] INFO  com.pageobject.testcase.CeshirenPOCodeSearchPageTest.tearDown - 释放资源结束
2021-10-29 20:28:09.805 [main-51] INFO  com.pageobject.testcase.CeshirenPOCodeSearchPageTest.init - 项目模块{ CeshirenPOCodeSearchPageTest }测试用例开始执行
2021-10-29 20:28:09.812 [main-70] INFO  com.framework.basepage.BaseBrowser.<init> - 开始加载浏览器配置信息
2021-10-29 20:28:09.813 [main-76] INFO  com.framework.basepage.BaseBrowser.<init> - browserName=chrome
2021-10-29 20:28:09.814 [main-77] INFO  com.framework.basepage.BaseBrowser.<init> - terminal=pc
2021-10-29 20:28:09.814 [main-78] INFO  com.framework.basepage.BaseBrowser.<init> - deviceName=desktop
2021-10-29 20:28:10.915 [main-103] INFO  com.framework.basedriver.BaseDriver.startBrowser - 浏览器：chrome 成功启动！
2021-10-29 20:28:10.915 [main-83] INFO  com.framework.basepage.BaseBrowser.<init> - 加载配置信息结束
2021-10-29 20:28:21.099 [main-126] INFO  com.pageobject.testcase.CeshirenPOCodeSearchPageTest.startMethod - 当前用例测试执行方法为{ get_first_title }
2021-10-29 20:28:21.100 [main-132] INFO  com.pageobject.testcase.CeshirenPOCodeSearchPageTest.lambda$null$0 - 第{ 1 }条测试用例开始执行
2021-10-29 20:28:46.352 [main-83] INFO  com.pageobject.testcase.CeshirenPOCodeSearchPageTest.tearDown - 项目模块{ CeshirenPOCodeSearchPageTest }共执行{ 2 }条用例，测试用例开始统一断言
2021-10-29 20:28:46.357 [main-85] INFO  com.pageobject.testcase.CeshirenPOCodeSearchPageTest.tearDown - 统一断言结束
2021-10-29 20:28:46.357 [main-86] INFO  com.pageobject.testcase.CeshirenPOCodeSearchPageTest.tearDown - 开始释放资源
2021-10-29 20:28:49.442 [main-139] INFO  com.framework.basedriver.BaseDriver.closeBrowser - chrome浏览器已成功关闭！
2021-10-29 20:28:49.443 [main-90] INFO  com.pageobject.testcase.CeshirenPOCodeSearchPageTest.tearDown - 释放资源结束
2021-10-29 20:31:09.214 [main-51] INFO  com.pageobject.testcase.CeshirenPOCodeSearchPageTest.init - 项目模块{ CeshirenPOCodeSearchPageTest }测试用例开始执行
2021-10-29 20:31:09.220 [main-70] INFO  com.framework.basepage.BaseBrowser.<init> - 开始加载浏览器配置信息
2021-10-29 20:31:09.222 [main-76] INFO  com.framework.basepage.BaseBrowser.<init> - browserName=chrome
2021-10-29 20:31:09.223 [main-77] INFO  com.framework.basepage.BaseBrowser.<init> - terminal=pc
2021-10-29 20:31:09.223 [main-78] INFO  com.framework.basepage.BaseBrowser.<init> - deviceName=desktop
2021-10-29 20:31:10.311 [main-103] INFO  com.framework.basedriver.BaseDriver.startBrowser - 浏览器：chrome 成功启动！
2021-10-29 20:31:10.311 [main-83] INFO  com.framework.basepage.BaseBrowser.<init> - 加载配置信息结束
2021-10-29 20:31:20.498 [main-126] INFO  com.pageobject.testcase.CeshirenPOCodeSearchPageTest.startMethod - 当前用例测试执行方法为{ get_first_title }
2021-10-29 20:31:20.499 [main-132] INFO  com.pageobject.testcase.CeshirenPOCodeSearchPageTest.lambda$null$0 - 第{ 1 }条测试用例开始执行
2021-10-29 20:31:45.780 [main-83] INFO  com.pageobject.testcase.CeshirenPOCodeSearchPageTest.tearDown - 项目模块{ CeshirenPOCodeSearchPageTest }共执行{ 2 }条用例，测试用例开始统一断言
2021-10-29 20:31:45.784 [main-85] INFO  com.pageobject.testcase.CeshirenPOCodeSearchPageTest.tearDown - 统一断言结束
2021-10-29 20:31:45.784 [main-86] INFO  com.pageobject.testcase.CeshirenPOCodeSearchPageTest.tearDown - 开始释放资源
2021-10-29 20:31:48.866 [main-139] INFO  com.framework.basedriver.BaseDriver.closeBrowser - chrome浏览器已成功关闭！
2021-10-29 20:31:48.867 [main-90] INFO  com.pageobject.testcase.CeshirenPOCodeSearchPageTest.tearDown - 释放资源结束
2021-10-29 20:49:15.870 [main-51] INFO  com.pageobject.testcase.CeshirenPOCodeSearchPageTest.init - 项目模块{ CeshirenPOCodeSearchPageTest }测试用例开始执行
2021-10-29 20:49:15.876 [main-70] INFO  com.framework.basepage.BaseBrowser.<init> - 开始加载浏览器配置信息
2021-10-29 20:49:15.877 [main-76] INFO  com.framework.basepage.BaseBrowser.<init> - browserName=chrome
2021-10-29 20:49:15.878 [main-77] INFO  com.framework.basepage.BaseBrowser.<init> - terminal=pc
2021-10-29 20:49:15.878 [main-78] INFO  com.framework.basepage.BaseBrowser.<init> - deviceName=desktop
2021-10-29 20:49:17.041 [main-103] INFO  com.framework.basedriver.BaseDriver.startBrowser - 浏览器：chrome 成功启动！
2021-10-29 20:49:17.042 [main-83] INFO  com.framework.basepage.BaseBrowser.<init> - 加载配置信息结束
2021-10-29 20:49:27.261 [main-126] INFO  com.pageobject.testcase.CeshirenPOCodeSearchPageTest.startMethod - 当前用例测试执行方法为{ get_first_title }
2021-10-29 20:49:27.262 [main-132] INFO  com.pageobject.testcase.CeshirenPOCodeSearchPageTest.lambda$null$0 - 第{ 1 }条测试用例开始执行
2021-10-29 20:49:52.547 [main-83] INFO  com.pageobject.testcase.CeshirenPOCodeSearchPageTest.tearDown - 项目模块{ CeshirenPOCodeSearchPageTest }共执行{ 2 }条用例，测试用例开始统一断言
2021-10-29 20:49:52.551 [main-85] INFO  com.pageobject.testcase.CeshirenPOCodeSearchPageTest.tearDown - 统一断言结束
2021-10-29 20:49:52.552 [main-86] INFO  com.pageobject.testcase.CeshirenPOCodeSearchPageTest.tearDown - 开始释放资源
2021-10-29 20:49:55.638 [main-139] INFO  com.framework.basedriver.BaseDriver.closeBrowser - chrome浏览器已成功关闭！
2021-10-29 20:49:55.638 [main-90] INFO  com.pageobject.testcase.CeshirenPOCodeSearchPageTest.tearDown - 释放资源结束
2021-10-29 20:56:13.348 [main-51] INFO  com.pageobject.testcase.CeshirenPOCodeSearchPageTest.init - 项目模块{ CeshirenPOCodeSearchPageTest }测试用例开始执行
2021-10-29 20:56:13.353 [main-70] INFO  com.framework.basepage.BaseBrowser.<init> - 开始加载浏览器配置信息
2021-10-29 20:56:13.355 [main-76] INFO  com.framework.basepage.BaseBrowser.<init> - browserName=chrome
2021-10-29 20:56:13.355 [main-77] INFO  com.framework.basepage.BaseBrowser.<init> - terminal=pc
2021-10-29 20:56:13.356 [main-78] INFO  com.framework.basepage.BaseBrowser.<init> - deviceName=desktop
2021-10-29 20:56:14.619 [main-103] INFO  com.framework.basedriver.BaseDriver.startBrowser - 浏览器：chrome 成功启动！
2021-10-29 20:56:14.620 [main-83] INFO  com.framework.basepage.BaseBrowser.<init> - 加载配置信息结束
2021-10-29 20:56:24.838 [main-126] INFO  com.pageobject.testcase.CeshirenPOCodeSearchPageTest.startMethod - 当前用例测试执行方法为{ get_first_title }
2021-10-29 20:56:24.839 [main-132] INFO  com.pageobject.testcase.CeshirenPOCodeSearchPageTest.lambda$null$0 - 第{ 1 }条测试用例开始执行
2021-10-29 20:56:50.143 [main-83] INFO  com.pageobject.testcase.CeshirenPOCodeSearchPageTest.tearDown - 项目模块{ CeshirenPOCodeSearchPageTest }共执行{ 2 }条用例，测试用例开始统一断言
2021-10-29 20:56:50.148 [main-85] INFO  com.pageobject.testcase.CeshirenPOCodeSearchPageTest.tearDown - 统一断言结束
2021-10-29 20:56:50.149 [main-86] INFO  com.pageobject.testcase.CeshirenPOCodeSearchPageTest.tearDown - 开始释放资源
2021-10-29 20:56:53.229 [main-139] INFO  com.framework.basedriver.BaseDriver.closeBrowser - chrome浏览器已成功关闭！
2021-10-29 20:56:53.229 [main-90] INFO  com.pageobject.testcase.CeshirenPOCodeSearchPageTest.tearDown - 释放资源结束
2021-10-29 21:06:35.372 [main-51] INFO  com.pageobject.testcase.CeshirenPOCodeSearchPageTest.init - 项目模块{ CeshirenPOCodeSearchPageTest }测试用例开始执行
2021-10-29 21:06:35.376 [main-70] INFO  com.framework.basepage.BaseBrowser.<init> - 开始加载浏览器配置信息
2021-10-29 21:06:35.377 [main-76] INFO  com.framework.basepage.BaseBrowser.<init> - browserName=chrome
2021-10-29 21:06:35.378 [main-77] INFO  com.framework.basepage.BaseBrowser.<init> - terminal=pc
2021-10-29 21:06:35.378 [main-78] INFO  com.framework.basepage.BaseBrowser.<init> - deviceName=desktop
2021-10-29 21:06:36.591 [main-103] INFO  com.framework.basedriver.BaseDriver.startBrowser - 浏览器：chrome 成功启动！
2021-10-29 21:06:36.591 [main-83] INFO  com.framework.basepage.BaseBrowser.<init> - 加载配置信息结束
2021-10-29 21:06:46.816 [main-126] INFO  com.pageobject.testcase.CeshirenPOCodeSearchPageTest.startMethod - 当前用例测试执行方法为{ get_first_title }
2021-10-29 21:06:46.817 [main-132] INFO  com.pageobject.testcase.CeshirenPOCodeSearchPageTest.lambda$null$0 - 第{ 1 }条测试用例开始执行
2021-10-29 21:06:59.244 [main-83] INFO  com.framework.basetest.BaseTestCaseExcutor.lambda$null$5 - 测试用例执行结果为{ 中高级测试开发「名企定向」培养计划，内推 BAT 大厂，还有万元奖学金等你拿！ }
2021-10-29 21:06:59.247 [main-110] INFO  com.framework.basetest.BaseTestCaseExcutor.lambda$null$4 - 用例开始添加断言内容
2021-10-29 21:06:59.247 [main-111] INFO  com.framework.basetest.BaseTestCaseExcutor.lambda$null$4 - 实际结果为{ 中高级测试开发「名企定向」培养计划，内推 BAT 大厂，还有万元奖学金等你拿！ }
2021-10-29 21:06:59.248 [main-112] INFO  com.framework.basetest.BaseTestCaseExcutor.lambda$null$4 - 期望结果包含字段{ 名企 }
2021-10-29 21:06:59.249 [main-114] INFO  com.framework.basetest.BaseTestCaseExcutor.lambda$null$4 - 添加断言结束
2021-10-29 21:06:59.250 [main-132] INFO  com.pageobject.testcase.CeshirenPOCodeSearchPageTest.lambda$null$0 - 第{ 2 }条测试用例开始执行
2021-10-29 21:07:11.094 [main-83] INFO  com.framework.basetest.BaseTestCaseExcutor.lambda$null$5 - 测试用例执行结果为{ 中高级测试开发「名企定向」培养计划，内推 BAT 大厂，还有万元奖学金等你拿！ }
2021-10-29 21:07:11.094 [main-110] INFO  com.framework.basetest.BaseTestCaseExcutor.lambda$null$4 - 用例开始添加断言内容
2021-10-29 21:07:11.095 [main-111] INFO  com.framework.basetest.BaseTestCaseExcutor.lambda$null$4 - 实际结果为{ 中高级测试开发「名企定向」培养计划，内推 BAT 大厂，还有万元奖学金等你拿！ }
2021-10-29 21:07:11.095 [main-112] INFO  com.framework.basetest.BaseTestCaseExcutor.lambda$null$4 - 期望结果包含字段{ 名企 }
2021-10-29 21:07:11.095 [main-114] INFO  com.framework.basetest.BaseTestCaseExcutor.lambda$null$4 - 添加断言结束
2021-10-29 21:07:11.096 [main-137] INFO  com.pageobject.testcase.CeshirenPOCodeSearchPageTest.startMethod - 方法{ get_first_title }测试用例执行结束
2021-10-29 21:07:11.156 [main-83] INFO  com.pageobject.testcase.CeshirenPOCodeSearchPageTest.tearDown - 项目模块{ CeshirenPOCodeSearchPageTest }共执行{ 2 }条用例，测试用例开始统一断言
2021-10-29 21:07:11.168 [main-85] INFO  com.pageobject.testcase.CeshirenPOCodeSearchPageTest.tearDown - 统一断言结束
2021-10-29 21:07:11.168 [main-86] INFO  com.pageobject.testcase.CeshirenPOCodeSearchPageTest.tearDown - 开始释放资源
2021-10-29 21:07:14.274 [main-139] INFO  com.framework.basedriver.BaseDriver.closeBrowser - chrome浏览器已成功关闭！
2021-10-29 21:07:14.274 [main-90] INFO  com.pageobject.testcase.CeshirenPOCodeSearchPageTest.tearDown - 释放资源结束
2021-10-29 23:06:20.128 [main-51] INFO  com.pageobject.testcase.CeshirenPOCodeSearchPageTest2.init - 项目模块{ CeshirenPOCodeSearchPageTest2 }测试用例开始执行
2021-10-29 23:06:20.133 [main-70] INFO  com.framework.basepage.BaseBrowser.<init> - 开始加载浏览器配置信息
2021-10-29 23:06:20.135 [main-76] INFO  com.framework.basepage.BaseBrowser.<init> - browserName=chrome
2021-10-29 23:06:20.136 [main-77] INFO  com.framework.basepage.BaseBrowser.<init> - terminal=pc
2021-10-29 23:06:20.136 [main-78] INFO  com.framework.basepage.BaseBrowser.<init> - deviceName=desktop
2021-10-29 23:06:21.315 [main-103] INFO  com.framework.basedriver.BaseDriver.startBrowser - 浏览器：chrome 成功启动！
2021-10-29 23:06:21.316 [main-83] INFO  com.framework.basepage.BaseBrowser.<init> - 加载配置信息结束
2021-10-29 23:06:31.522 [main-120] INFO  com.pageobject.testcase.CeshirenPOCodeSearchPageTest2.startMethod - 当前用例测试执行方法为{ get_first_title }
2021-10-29 23:06:31.523 [main-126] INFO  com.pageobject.testcase.CeshirenPOCodeSearchPageTest2.lambda$null$0 - 第{ 1 }条测试用例开始执行
2021-10-29 23:06:33.901 [main-83] INFO  com.framework.basetest.BaseTestCaseExcutor.lambda$null$5 - 测试用例执行结果为{ 中高级测试开发「名企定向」培养计划，内推 BAT 大厂，还有万元奖学金等你拿！ }
2021-10-29 23:06:33.903 [main-110] INFO  com.framework.basetest.BaseTestCaseExcutor.lambda$null$4 - 用例开始添加断言内容
2021-10-29 23:06:33.903 [main-111] INFO  com.framework.basetest.BaseTestCaseExcutor.lambda$null$4 - 实际结果为{ 中高级测试开发「名企定向」培养计划，内推 BAT 大厂，还有万元奖学金等你拿！ }
2021-10-29 23:06:33.904 [main-112] INFO  com.framework.basetest.BaseTestCaseExcutor.lambda$null$4 - 期望结果包含字段{ 名企 }
2021-10-29 23:06:33.905 [main-114] INFO  com.framework.basetest.BaseTestCaseExcutor.lambda$null$4 - 添加断言结束
2021-10-29 23:06:33.905 [main-126] INFO  com.pageobject.testcase.CeshirenPOCodeSearchPageTest2.lambda$null$0 - 第{ 2 }条测试用例开始执行
2021-10-29 23:06:35.475 [main-83] INFO  com.framework.basetest.BaseTestCaseExcutor.lambda$null$5 - 测试用例执行结果为{ 中高级测试开发「名企定向」培养计划，内推 BAT 大厂，还有万元奖学金等你拿！ }
2021-10-29 23:06:35.475 [main-110] INFO  com.framework.basetest.BaseTestCaseExcutor.lambda$null$4 - 用例开始添加断言内容
2021-10-29 23:06:35.476 [main-111] INFO  com.framework.basetest.BaseTestCaseExcutor.lambda$null$4 - 实际结果为{ 中高级测试开发「名企定向」培养计划，内推 BAT 大厂，还有万元奖学金等你拿！ }
2021-10-29 23:06:35.476 [main-112] INFO  com.framework.basetest.BaseTestCaseExcutor.lambda$null$4 - 期望结果包含字段{ 名企 }
2021-10-29 23:06:35.476 [main-114] INFO  com.framework.basetest.BaseTestCaseExcutor.lambda$null$4 - 添加断言结束
2021-10-29 23:06:35.477 [main-131] INFO  com.pageobject.testcase.CeshirenPOCodeSearchPageTest2.startMethod - 方法{ get_first_title }测试用例执行结束
2021-10-29 23:06:40.549 [main-120] INFO  com.pageobject.testcase.CeshirenPOCodeSearchPageTest2.startMethod - 当前用例测试执行方法为{ get_title2 }
2021-10-29 23:06:40.550 [main-126] INFO  com.pageobject.testcase.CeshirenPOCodeSearchPageTest2.lambda$null$0 - 第{ 1 }条测试用例开始执行
2021-10-29 23:06:41.171 [main-83] INFO  com.framework.basetest.BaseTestCaseExcutor.lambda$null$5 - 测试用例执行结果为{ 新闻 }
2021-10-29 23:06:41.172 [main-116] INFO  com.framework.basetest.BaseTestCaseExcutor.lambda$null$4 - 用例开始添加断言内容
2021-10-29 23:06:41.172 [main-117] INFO  com.framework.basetest.BaseTestCaseExcutor.lambda$null$4 - 实际结果为{ 新闻 }
2021-10-29 23:06:41.173 [main-118] INFO  com.framework.basetest.BaseTestCaseExcutor.lambda$null$4 - 期望结果为{ 新闻 }
2021-10-29 23:06:41.174 [main-120] INFO  com.framework.basetest.BaseTestCaseExcutor.lambda$null$4 - 添加断言结束
2021-10-29 23:06:41.174 [main-131] INFO  com.pageobject.testcase.CeshirenPOCodeSearchPageTest2.startMethod - 方法{ get_title2 }测试用例执行结束
2021-10-29 23:06:46.188 [main-120] INFO  com.pageobject.testcase.CeshirenPOCodeSearchPageTest2.startMethod - 当前用例测试执行方法为{ get_title3 }
2021-10-29 23:06:46.189 [main-126] INFO  com.pageobject.testcase.CeshirenPOCodeSearchPageTest2.lambda$null$0 - 第{ 1 }条测试用例开始执行
2021-10-29 23:07:02.331 [main-77] INFO  com.pageobject.testcase.CeshirenPOCodeSearchPageTest2.tearDown - 项目模块{ CeshirenPOCodeSearchPageTest2 }共执行{ 4 }条用例，测试用例开始统一断言
2021-10-29 23:07:02.338 [main-79] INFO  com.pageobject.testcase.CeshirenPOCodeSearchPageTest2.tearDown - 统一断言结束
2021-10-29 23:07:02.338 [main-80] INFO  com.pageobject.testcase.CeshirenPOCodeSearchPageTest2.tearDown - 开始释放资源
2021-10-29 23:07:05.453 [main-139] INFO  com.framework.basedriver.BaseDriver.closeBrowser - chrome浏览器已成功关闭！
2021-10-29 23:07:05.453 [main-84] INFO  com.pageobject.testcase.CeshirenPOCodeSearchPageTest2.tearDown - 释放资源结束
2021-10-29 23:07:05.458 [main-51] INFO  com.pageobject.testcase.CeshirenPOCodeSearchPageTest.init - 项目模块{ CeshirenPOCodeSearchPageTest }测试用例开始执行
2021-10-29 23:07:05.459 [main-70] INFO  com.framework.basepage.BaseBrowser.<init> - 开始加载浏览器配置信息
2021-10-29 23:07:05.459 [main-76] INFO  com.framework.basepage.BaseBrowser.<init> - browserName=chrome
2021-10-29 23:07:05.459 [main-77] INFO  com.framework.basepage.BaseBrowser.<init> - terminal=pc
2021-10-29 23:07:05.460 [main-78] INFO  com.framework.basepage.BaseBrowser.<init> - deviceName=desktop
2021-10-29 23:07:06.092 [main-103] INFO  com.framework.basedriver.BaseDriver.startBrowser - 浏览器：chrome 成功启动！
2021-10-29 23:07:06.092 [main-83] INFO  com.framework.basepage.BaseBrowser.<init> - 加载配置信息结束
2021-10-29 23:07:11.115 [main-120] INFO  com.pageobject.testcase.CeshirenPOCodeSearchPageTest.startMethod - 当前用例测试执行方法为{ get_first_title }
2021-10-29 23:07:11.119 [main-126] INFO  com.pageobject.testcase.CeshirenPOCodeSearchPageTest.lambda$null$0 - 第{ 1 }条测试用例开始执行
2021-10-29 23:07:13.109 [main-83] INFO  com.framework.basetest.BaseTestCaseExcutor.lambda$null$5 - 测试用例执行结果为{ 中高级测试开发「名企定向」培养计划，内推 BAT 大厂，还有万元奖学金等你拿！ }
2021-10-29 23:07:13.110 [main-110] INFO  com.framework.basetest.BaseTestCaseExcutor.lambda$null$4 - 用例开始添加断言内容
2021-10-29 23:07:13.110 [main-111] INFO  com.framework.basetest.BaseTestCaseExcutor.lambda$null$4 - 实际结果为{ 中高级测试开发「名企定向」培养计划，内推 BAT 大厂，还有万元奖学金等你拿！ }
2021-10-29 23:07:13.111 [main-112] INFO  com.framework.basetest.BaseTestCaseExcutor.lambda$null$4 - 期望结果包含字段{ 名企 }
2021-10-29 23:07:13.111 [main-114] INFO  com.framework.basetest.BaseTestCaseExcutor.lambda$null$4 - 添加断言结束
2021-10-29 23:07:13.111 [main-126] INFO  com.pageobject.testcase.CeshirenPOCodeSearchPageTest.lambda$null$0 - 第{ 2 }条测试用例开始执行
2021-10-29 23:07:14.553 [main-83] INFO  com.framework.basetest.BaseTestCaseExcutor.lambda$null$5 - 测试用例执行结果为{ 中高级测试开发「名企定向」培养计划，内推 BAT 大厂，还有万元奖学金等你拿！ }
2021-10-29 23:07:14.554 [main-110] INFO  com.framework.basetest.BaseTestCaseExcutor.lambda$null$4 - 用例开始添加断言内容
2021-10-29 23:07:14.554 [main-111] INFO  com.framework.basetest.BaseTestCaseExcutor.lambda$null$4 - 实际结果为{ 中高级测试开发「名企定向」培养计划，内推 BAT 大厂，还有万元奖学金等你拿！ }
2021-10-29 23:07:14.554 [main-112] INFO  com.framework.basetest.BaseTestCaseExcutor.lambda$null$4 - 期望结果包含字段{ 名企 }
2021-10-29 23:07:14.555 [main-114] INFO  com.framework.basetest.BaseTestCaseExcutor.lambda$null$4 - 添加断言结束
2021-10-29 23:07:14.555 [main-131] INFO  com.pageobject.testcase.CeshirenPOCodeSearchPageTest.startMethod - 方法{ get_first_title }测试用例执行结束
2021-10-29 23:07:19.567 [main-120] INFO  com.pageobject.testcase.CeshirenPOCodeSearchPageTest.startMethod - 当前用例测试执行方法为{ get_title2 }
2021-10-29 23:07:19.568 [main-126] INFO  com.pageobject.testcase.CeshirenPOCodeSearchPageTest.lambda$null$0 - 第{ 1 }条测试用例开始执行
2021-10-29 23:07:20.184 [main-83] INFO  com.framework.basetest.BaseTestCaseExcutor.lambda$null$5 - 测试用例执行结果为{ 新闻 }
2021-10-29 23:07:20.185 [main-116] INFO  com.framework.basetest.BaseTestCaseExcutor.lambda$null$4 - 用例开始添加断言内容
2021-10-29 23:07:20.186 [main-117] INFO  com.framework.basetest.BaseTestCaseExcutor.lambda$null$4 - 实际结果为{ 新闻 }
2021-10-29 23:07:20.186 [main-118] INFO  com.framework.basetest.BaseTestCaseExcutor.lambda$null$4 - 期望结果为{ 新闻 }
2021-10-29 23:07:20.187 [main-120] INFO  com.framework.basetest.BaseTestCaseExcutor.lambda$null$4 - 添加断言结束
2021-10-29 23:07:20.188 [main-131] INFO  com.pageobject.testcase.CeshirenPOCodeSearchPageTest.startMethod - 方法{ get_title2 }测试用例执行结束
2021-10-29 23:07:25.200 [main-120] INFO  com.pageobject.testcase.CeshirenPOCodeSearchPageTest.startMethod - 当前用例测试执行方法为{ get_title3 }
2021-10-29 23:07:25.201 [main-126] INFO  com.pageobject.testcase.CeshirenPOCodeSearchPageTest.lambda$null$0 - 第{ 1 }条测试用例开始执行
2021-10-29 23:07:41.108 [main-77] INFO  com.pageobject.testcase.CeshirenPOCodeSearchPageTest.tearDown - 项目模块{ CeshirenPOCodeSearchPageTest }共执行{ 4 }条用例，测试用例开始统一断言
2021-10-29 23:07:41.108 [main-79] INFO  com.pageobject.testcase.CeshirenPOCodeSearchPageTest.tearDown - 统一断言结束
2021-10-29 23:07:41.109 [main-80] INFO  com.pageobject.testcase.CeshirenPOCodeSearchPageTest.tearDown - 开始释放资源
2021-10-29 23:07:44.251 [main-139] INFO  com.framework.basedriver.BaseDriver.closeBrowser - chrome浏览器已成功关闭！
2021-10-29 23:07:44.251 [main-84] INFO  com.pageobject.testcase.CeshirenPOCodeSearchPageTest.tearDown - 释放资源结束
