2021-10-20 15:24:11.367 [main-37] INFO  com.framework.util.PropertiesReader.readProperties - 读取项目配置文件
2021-10-20 15:24:11.372 [main-37] INFO  com.framework.util.PropertiesReader.readProperties - 读取项目配置文件
2021-10-20 15:24:11.373 [main-37] INFO  com.framework.util.PropertiesReader.readProperties - 读取项目配置文件
2021-10-20 15:24:11.373 [main-37] INFO  com.framework.util.PropertiesReader.readProperties - 读取项目配置文件
2021-10-20 15:24:11.374 [main-37] INFO  com.framework.util.PropertiesReader.readProperties - 读取项目配置文件
2021-10-20 15:24:11.374 [main-37] INFO  com.framework.util.PropertiesReader.readProperties - 读取项目配置文件
2021-10-20 15:24:11.381 [main-37] INFO  com.framework.util.PropertiesReader.readProperties - 读取项目配置文件
2021-10-20 15:24:11.381 [main-37] INFO  com.framework.util.PropertiesReader.readProperties - 读取项目配置文件
2021-10-20 15:25:49.649 [main-37] INFO  com.framework.util.PropertiesReader.readProperties - 读取项目配置文件
2021-10-20 15:25:49.652 [main-37] INFO  com.framework.util.PropertiesReader.readProperties - 读取项目配置文件
2021-10-20 15:25:49.653 [main-37] INFO  com.framework.util.PropertiesReader.readProperties - 读取项目配置文件
2021-10-20 15:25:49.653 [main-37] INFO  com.framework.util.PropertiesReader.readProperties - 读取项目配置文件
2021-10-20 15:25:49.654 [main-37] INFO  com.framework.util.PropertiesReader.readProperties - 读取项目配置文件
2021-10-20 15:25:49.654 [main-37] INFO  com.framework.util.PropertiesReader.readProperties - 读取项目配置文件
2021-10-20 15:25:49.658 [main-37] INFO  com.framework.util.PropertiesReader.readProperties - 读取项目配置文件
2021-10-20 15:25:49.659 [main-37] INFO  com.framework.util.PropertiesReader.readProperties - 读取项目配置文件
2021-10-20 15:32:48.810 [main-37] INFO  com.framework.util.PropertiesReader.readProperties - 读取项目配置文件
2021-10-20 15:32:48.813 [main-37] INFO  com.framework.util.PropertiesReader.readProperties - 读取项目配置文件
2021-10-20 15:32:48.814 [main-37] INFO  com.framework.util.PropertiesReader.readProperties - 读取项目配置文件
2021-10-20 15:32:48.815 [main-37] INFO  com.framework.util.PropertiesReader.readProperties - 读取项目配置文件
2021-10-20 15:32:48.815 [main-37] INFO  com.framework.util.PropertiesReader.readProperties - 读取项目配置文件
2021-10-20 15:32:48.815 [main-37] INFO  com.framework.util.PropertiesReader.readProperties - 读取项目配置文件
2021-10-20 15:32:48.816 [main-42] INFO  com.framework.basetest.BaseTestCaseInit.<clinit> - browserName=chrome
2021-10-20 15:32:48.816 [main-43] INFO  com.framework.basetest.BaseTestCaseInit.<clinit> - terminal=pc
2021-10-20 15:32:48.816 [main-44] INFO  com.framework.basetest.BaseTestCaseInit.<clinit> - deviceName=desktop
2021-10-20 15:32:48.817 [main-45] INFO  com.framework.basetest.BaseTestCaseInit.<clinit> - remotePort=4444
2021-10-20 15:32:48.817 [main-46] INFO  com.framework.basetest.BaseTestCaseInit.<clinit> - remoteIP=
2021-10-20 15:32:48.817 [main-47] INFO  com.framework.basetest.BaseTestCaseInit.<clinit> - browserVersion=
2021-10-20 15:32:48.820 [main-37] INFO  com.framework.util.PropertiesReader.readProperties - 读取项目配置文件
2021-10-20 15:32:48.821 [main-37] INFO  com.framework.util.PropertiesReader.readProperties - 读取项目配置文件
2021-10-20 15:46:21.669 [main-37] INFO  com.framework.util.PropertiesReader.readProperties - 读取项目配置文件
2021-10-20 15:46:21.674 [main-37] INFO  com.framework.util.PropertiesReader.readProperties - 读取项目配置文件
2021-10-20 15:46:21.674 [main-37] INFO  com.framework.util.PropertiesReader.readProperties - 读取项目配置文件
2021-10-20 15:46:21.675 [main-37] INFO  com.framework.util.PropertiesReader.readProperties - 读取项目配置文件
2021-10-20 15:46:21.676 [main-37] INFO  com.framework.util.PropertiesReader.readProperties - 读取项目配置文件
2021-10-20 15:46:21.676 [main-37] INFO  com.framework.util.PropertiesReader.readProperties - 读取项目配置文件
2021-10-20 15:46:21.677 [main-42] INFO  com.framework.basetest.BaseTestCaseInit.<clinit> - browserName=chrome
2021-10-20 15:46:21.677 [main-43] INFO  com.framework.basetest.BaseTestCaseInit.<clinit> - terminal=pc
2021-10-20 15:46:21.677 [main-44] INFO  com.framework.basetest.BaseTestCaseInit.<clinit> - deviceName=desktop
2021-10-20 15:46:21.678 [main-45] INFO  com.framework.basetest.BaseTestCaseInit.<clinit> - remotePort=4444
2021-10-20 15:46:21.678 [main-46] INFO  com.framework.basetest.BaseTestCaseInit.<clinit> - remoteIP=
2021-10-20 15:46:21.678 [main-47] INFO  com.framework.basetest.BaseTestCaseInit.<clinit> - browserVersion=
2021-10-20 15:46:21.682 [main-37] INFO  com.framework.util.PropertiesReader.readProperties - 读取项目配置文件
2021-10-20 15:46:21.683 [main-37] INFO  com.framework.util.PropertiesReader.readProperties - 读取项目配置文件
2021-10-20 15:46:23.484 [main-37] INFO  com.framework.util.PropertiesReader.readProperties - 读取项目配置文件
2021-10-20 15:46:23.484 [main-37] INFO  com.framework.util.PropertiesReader.readProperties - 读取项目配置文件
2021-10-20 15:46:23.485 [main-37] INFO  com.framework.util.PropertiesReader.readProperties - 读取项目配置文件
2021-10-20 15:46:23.641 [main-110] INFO  com.framework.basedriver.BaseDriver.startBrowser - 浏览器：chrome 成功启动！
2021-10-20 15:46:26.793 [main-146] INFO  com.framework.basedriver.BaseDriver.closeBrowser - chrome浏览器已成功关闭！
2021-10-20 15:47:23.104 [main-37] INFO  com.framework.util.PropertiesReader.readProperties - 读取项目配置文件
2021-10-20 15:47:23.108 [main-37] INFO  com.framework.util.PropertiesReader.readProperties - 读取项目配置文件
2021-10-20 15:47:23.109 [main-37] INFO  com.framework.util.PropertiesReader.readProperties - 读取项目配置文件
2021-10-20 15:47:23.109 [main-37] INFO  com.framework.util.PropertiesReader.readProperties - 读取项目配置文件
2021-10-20 15:47:23.110 [main-37] INFO  com.framework.util.PropertiesReader.readProperties - 读取项目配置文件
2021-10-20 15:47:23.110 [main-37] INFO  com.framework.util.PropertiesReader.readProperties - 读取项目配置文件
2021-10-20 15:47:23.111 [main-42] INFO  com.framework.basetest.BaseTestCaseInit.<clinit> - browserName=chrome
2021-10-20 15:47:23.111 [main-43] INFO  com.framework.basetest.BaseTestCaseInit.<clinit> - terminal=pc
2021-10-20 15:47:23.111 [main-44] INFO  com.framework.basetest.BaseTestCaseInit.<clinit> - deviceName=desktop
2021-10-20 15:47:23.112 [main-45] INFO  com.framework.basetest.BaseTestCaseInit.<clinit> - remotePort=4444
2021-10-20 15:47:23.112 [main-46] INFO  com.framework.basetest.BaseTestCaseInit.<clinit> - remoteIP=
2021-10-20 15:47:23.112 [main-47] INFO  com.framework.basetest.BaseTestCaseInit.<clinit> - browserVersion=
2021-10-20 15:47:23.116 [main-37] INFO  com.framework.util.PropertiesReader.readProperties - 读取项目配置文件
2021-10-20 15:47:23.117 [main-37] INFO  com.framework.util.PropertiesReader.readProperties - 读取项目配置文件
2021-10-20 15:47:24.632 [main-37] INFO  com.framework.util.PropertiesReader.readProperties - 读取项目配置文件
2021-10-20 15:47:24.635 [main-37] INFO  com.framework.util.PropertiesReader.readProperties - 读取项目配置文件
2021-10-20 15:47:24.636 [main-37] INFO  com.framework.util.PropertiesReader.readProperties - 读取项目配置文件
2021-10-20 15:47:24.779 [main-110] INFO  com.framework.basedriver.BaseDriver.startBrowser - 浏览器：chrome 成功启动！
2021-10-20 15:47:28.240 [main-146] INFO  com.framework.basedriver.BaseDriver.closeBrowser - chrome浏览器已成功关闭！
2021-10-20 15:51:28.494 [main-37] INFO  com.framework.util.PropertiesReader.readProperties - 读取项目配置文件
2021-10-20 15:51:28.499 [main-37] INFO  com.framework.util.PropertiesReader.readProperties - 读取项目配置文件
2021-10-20 15:51:28.499 [main-37] INFO  com.framework.util.PropertiesReader.readProperties - 读取项目配置文件
2021-10-20 15:51:28.500 [main-37] INFO  com.framework.util.PropertiesReader.readProperties - 读取项目配置文件
2021-10-20 15:51:28.501 [main-37] INFO  com.framework.util.PropertiesReader.readProperties - 读取项目配置文件
2021-10-20 15:51:28.501 [main-37] INFO  com.framework.util.PropertiesReader.readProperties - 读取项目配置文件
2021-10-20 15:51:28.502 [main-42] INFO  com.framework.basetest.BaseTestCaseInit.<clinit> - browserName=chrome
2021-10-20 15:51:28.502 [main-43] INFO  com.framework.basetest.BaseTestCaseInit.<clinit> - terminal=pc
2021-10-20 15:51:28.502 [main-44] INFO  com.framework.basetest.BaseTestCaseInit.<clinit> - deviceName=desktop
2021-10-20 15:51:28.502 [main-45] INFO  com.framework.basetest.BaseTestCaseInit.<clinit> - remotePort=4444
2021-10-20 15:51:28.503 [main-46] INFO  com.framework.basetest.BaseTestCaseInit.<clinit> - remoteIP=
2021-10-20 15:51:28.503 [main-47] INFO  com.framework.basetest.BaseTestCaseInit.<clinit> - browserVersion=
2021-10-20 15:51:28.510 [main-37] INFO  com.framework.util.PropertiesReader.readProperties - 读取项目配置文件
2021-10-20 15:51:28.510 [main-37] INFO  com.framework.util.PropertiesReader.readProperties - 读取项目配置文件
2021-10-20 15:51:30.541 [main-37] INFO  com.framework.util.PropertiesReader.readProperties - 读取项目配置文件
2021-10-20 15:51:30.542 [main-37] INFO  com.framework.util.PropertiesReader.readProperties - 读取项目配置文件
2021-10-20 15:51:30.543 [main-37] INFO  com.framework.util.PropertiesReader.readProperties - 读取项目配置文件
2021-10-20 15:51:30.739 [main-110] INFO  com.framework.basedriver.BaseDriver.startBrowser - 浏览器：chrome 成功启动！
2021-10-20 15:51:31.034 [main-41] INFO  com.framework.basetest.BaseTestCaseExcutor.lambda$null$1 - testCase_searchMethod,[{search_page.new=framework.po.CeshirenPOCodeSearchPage}, {search_page.get_first_title=[{get=https://ceshiren.com}, {find=[id, search-button]}, {click=null}, {find=[id, search-term]}, {sendkeys=内推 BAT}, {find=[css, .topic-title]}, {getText=title}]}, {assertThat=[title, {contains=[内推 BAT]}]}]
2021-10-20 15:51:34.181 [main-146] INFO  com.framework.basedriver.BaseDriver.closeBrowser - chrome浏览器已成功关闭！
2021-10-20 16:01:53.657 [main-37] INFO  com.framework.util.PropertiesReader.readProperties - 读取项目配置文件
2021-10-20 16:01:53.662 [main-37] INFO  com.framework.util.PropertiesReader.readProperties - 读取项目配置文件
2021-10-20 16:01:53.663 [main-37] INFO  com.framework.util.PropertiesReader.readProperties - 读取项目配置文件
2021-10-20 16:01:53.663 [main-37] INFO  com.framework.util.PropertiesReader.readProperties - 读取项目配置文件
2021-10-20 16:01:53.664 [main-37] INFO  com.framework.util.PropertiesReader.readProperties - 读取项目配置文件
2021-10-20 16:01:53.664 [main-37] INFO  com.framework.util.PropertiesReader.readProperties - 读取项目配置文件
2021-10-20 16:01:53.665 [main-42] INFO  com.framework.basetest.BaseTestCaseInit.<clinit> - browserName=chrome
2021-10-20 16:01:53.665 [main-43] INFO  com.framework.basetest.BaseTestCaseInit.<clinit> - terminal=pc
2021-10-20 16:01:53.665 [main-44] INFO  com.framework.basetest.BaseTestCaseInit.<clinit> - deviceName=desktop
2021-10-20 16:01:53.666 [main-45] INFO  com.framework.basetest.BaseTestCaseInit.<clinit> - remotePort=4444
2021-10-20 16:01:53.666 [main-46] INFO  com.framework.basetest.BaseTestCaseInit.<clinit> - remoteIP=
2021-10-20 16:01:53.666 [main-47] INFO  com.framework.basetest.BaseTestCaseInit.<clinit> - browserVersion=
2021-10-20 16:01:53.672 [main-37] INFO  com.framework.util.PropertiesReader.readProperties - 读取项目配置文件
2021-10-20 16:01:53.673 [main-37] INFO  com.framework.util.PropertiesReader.readProperties - 读取项目配置文件
2021-10-20 16:01:55.472 [main-37] INFO  com.framework.util.PropertiesReader.readProperties - 读取项目配置文件
2021-10-20 16:01:55.472 [main-37] INFO  com.framework.util.PropertiesReader.readProperties - 读取项目配置文件
2021-10-20 16:01:55.473 [main-37] INFO  com.framework.util.PropertiesReader.readProperties - 读取项目配置文件
2021-10-20 16:01:55.632 [main-110] INFO  com.framework.basedriver.BaseDriver.startBrowser - 浏览器：chrome 成功启动！
2021-10-20 16:01:55.916 [main-41] INFO  com.framework.basetest.BaseTestCaseExcutor.lambda$null$1 - testCase_searchMethod,[{search_page.new=framework.po.CeshirenPOCodeSearchPage}, {search_page.get_first_title=[{get=https://ceshiren.com}, {find=[id, search-button]}, {click=null}, {find=[id, search-term]}, {sendkeys=内推 BAT}, {find=[css, .topic-title]}, {getText=title}]}, {assertThat=[title, {contains=[内推 BAT]}]}]
2021-10-20 16:01:59.045 [main-146] INFO  com.framework.basedriver.BaseDriver.closeBrowser - chrome浏览器已成功关闭！
2021-10-20 16:13:39.112 [main-37] INFO  com.framework.util.PropertiesReader.readProperties - 读取项目配置文件
2021-10-20 16:13:39.119 [main-37] INFO  com.framework.util.PropertiesReader.readProperties - 读取项目配置文件
2021-10-20 16:13:39.119 [main-37] INFO  com.framework.util.PropertiesReader.readProperties - 读取项目配置文件
2021-10-20 16:13:39.120 [main-37] INFO  com.framework.util.PropertiesReader.readProperties - 读取项目配置文件
2021-10-20 16:13:39.121 [main-37] INFO  com.framework.util.PropertiesReader.readProperties - 读取项目配置文件
2021-10-20 16:13:39.121 [main-37] INFO  com.framework.util.PropertiesReader.readProperties - 读取项目配置文件
2021-10-20 16:13:39.122 [main-42] INFO  com.framework.basetest.BaseTestCaseInit.<clinit> - browserName=chrome
2021-10-20 16:13:39.123 [main-43] INFO  com.framework.basetest.BaseTestCaseInit.<clinit> - terminal=pc
2021-10-20 16:13:39.123 [main-44] INFO  com.framework.basetest.BaseTestCaseInit.<clinit> - deviceName=desktop
2021-10-20 16:13:39.123 [main-45] INFO  com.framework.basetest.BaseTestCaseInit.<clinit> - remotePort=4444
2021-10-20 16:13:39.124 [main-46] INFO  com.framework.basetest.BaseTestCaseInit.<clinit> - remoteIP=
2021-10-20 16:13:39.124 [main-47] INFO  com.framework.basetest.BaseTestCaseInit.<clinit> - browserVersion=
2021-10-20 16:13:39.128 [main-37] INFO  com.framework.util.PropertiesReader.readProperties - 读取项目配置文件
2021-10-20 16:13:39.129 [main-37] INFO  com.framework.util.PropertiesReader.readProperties - 读取项目配置文件
2021-10-20 16:13:40.835 [main-37] INFO  com.framework.util.PropertiesReader.readProperties - 读取项目配置文件
2021-10-20 16:13:40.836 [main-37] INFO  com.framework.util.PropertiesReader.readProperties - 读取项目配置文件
2021-10-20 16:13:40.837 [main-37] INFO  com.framework.util.PropertiesReader.readProperties - 读取项目配置文件
2021-10-20 16:13:40.981 [main-110] INFO  com.framework.basedriver.BaseDriver.startBrowser - 浏览器：chrome 成功启动！
2021-10-20 16:13:41.246 [main-41] INFO  com.framework.basetest.BaseTestCaseExcutor.lambda$null$2 - testCase_searchMethod,[{search_page.new=framework.po.CeshirenPOCodeSearchPage}, {search_page.get_first_title=[{get=https://ceshiren.com}, {find=[id, search-button]}, {click=null}, {find=[id, search-term]}, {sendkeys=内推 BAT}, {find=[css, .topic-title]}, {getText=title}]}, {assertThat=[title, {contains=[内推 BAT]}]}]
2021-10-20 16:13:44.378 [main-146] INFO  com.framework.basedriver.BaseDriver.closeBrowser - chrome浏览器已成功关闭！
2021-10-20 16:19:03.994 [main-37] INFO  com.framework.util.PropertiesReader.readProperties - 读取项目配置文件
2021-10-20 16:19:03.998 [main-37] INFO  com.framework.util.PropertiesReader.readProperties - 读取项目配置文件
2021-10-20 16:19:03.999 [main-37] INFO  com.framework.util.PropertiesReader.readProperties - 读取项目配置文件
2021-10-20 16:19:03.999 [main-37] INFO  com.framework.util.PropertiesReader.readProperties - 读取项目配置文件
2021-10-20 16:19:04.000 [main-37] INFO  com.framework.util.PropertiesReader.readProperties - 读取项目配置文件
2021-10-20 16:19:04.000 [main-37] INFO  com.framework.util.PropertiesReader.readProperties - 读取项目配置文件
2021-10-20 16:19:04.001 [main-42] INFO  com.framework.basetest.BaseTestCaseInit.<clinit> - browserName=chrome
2021-10-20 16:19:04.001 [main-43] INFO  com.framework.basetest.BaseTestCaseInit.<clinit> - terminal=pc
2021-10-20 16:19:04.001 [main-44] INFO  com.framework.basetest.BaseTestCaseInit.<clinit> - deviceName=desktop
2021-10-20 16:19:04.002 [main-45] INFO  com.framework.basetest.BaseTestCaseInit.<clinit> - remotePort=4444
2021-10-20 16:19:04.002 [main-46] INFO  com.framework.basetest.BaseTestCaseInit.<clinit> - remoteIP=
2021-10-20 16:19:04.002 [main-47] INFO  com.framework.basetest.BaseTestCaseInit.<clinit> - browserVersion=
2021-10-20 16:19:04.007 [main-37] INFO  com.framework.util.PropertiesReader.readProperties - 读取项目配置文件
2021-10-20 16:19:04.007 [main-37] INFO  com.framework.util.PropertiesReader.readProperties - 读取项目配置文件
2021-10-20 16:19:05.773 [main-37] INFO  com.framework.util.PropertiesReader.readProperties - 读取项目配置文件
2021-10-20 16:19:05.774 [main-37] INFO  com.framework.util.PropertiesReader.readProperties - 读取项目配置文件
2021-10-20 16:19:05.775 [main-37] INFO  com.framework.util.PropertiesReader.readProperties - 读取项目配置文件
2021-10-20 16:19:05.954 [main-110] INFO  com.framework.basedriver.BaseDriver.startBrowser - 浏览器：chrome 成功启动！
2021-10-20 16:19:06.236 [main-41] INFO  com.framework.basetest.BaseTestCaseExcutor.lambda$null$2 - testCase_searchMethod,[{search_page.new=framework.po.CeshirenPOCodeSearchPage}, {search_page.get_first_title=[{get=https://ceshiren.com}, {find=[id, search-button]}, {click=null}, {find=[id, search-term]}, {sendkeys=内推 BAT}, {find=[css, .topic-title]}, {getText=title}]}, {assertThat=[title, {contains=[内推 BAT]}]}]
2021-10-20 16:19:09.373 [main-146] INFO  com.framework.basedriver.BaseDriver.closeBrowser - chrome浏览器已成功关闭！
2021-10-20 16:22:18.149 [main-37] INFO  com.framework.util.PropertiesReader.readProperties - 读取项目配置文件
2021-10-20 16:22:18.153 [main-37] INFO  com.framework.util.PropertiesReader.readProperties - 读取项目配置文件
2021-10-20 16:22:18.154 [main-37] INFO  com.framework.util.PropertiesReader.readProperties - 读取项目配置文件
2021-10-20 16:22:18.154 [main-37] INFO  com.framework.util.PropertiesReader.readProperties - 读取项目配置文件
2021-10-20 16:22:18.155 [main-37] INFO  com.framework.util.PropertiesReader.readProperties - 读取项目配置文件
2021-10-20 16:22:18.155 [main-37] INFO  com.framework.util.PropertiesReader.readProperties - 读取项目配置文件
2021-10-20 16:22:18.156 [main-42] INFO  com.framework.basetest.BaseTestCaseInit.<clinit> - browserName=chrome
2021-10-20 16:22:18.156 [main-43] INFO  com.framework.basetest.BaseTestCaseInit.<clinit> - terminal=pc
2021-10-20 16:22:18.156 [main-44] INFO  com.framework.basetest.BaseTestCaseInit.<clinit> - deviceName=desktop
2021-10-20 16:22:18.157 [main-45] INFO  com.framework.basetest.BaseTestCaseInit.<clinit> - remotePort=4444
2021-10-20 16:22:18.157 [main-46] INFO  com.framework.basetest.BaseTestCaseInit.<clinit> - remoteIP=
2021-10-20 16:22:18.157 [main-47] INFO  com.framework.basetest.BaseTestCaseInit.<clinit> - browserVersion=
2021-10-20 16:22:18.161 [main-37] INFO  com.framework.util.PropertiesReader.readProperties - 读取项目配置文件
2021-10-20 16:22:18.162 [main-37] INFO  com.framework.util.PropertiesReader.readProperties - 读取项目配置文件
2021-10-20 16:22:19.674 [main-37] INFO  com.framework.util.PropertiesReader.readProperties - 读取项目配置文件
2021-10-20 16:22:19.675 [main-37] INFO  com.framework.util.PropertiesReader.readProperties - 读取项目配置文件
2021-10-20 16:22:19.676 [main-37] INFO  com.framework.util.PropertiesReader.readProperties - 读取项目配置文件
2021-10-20 16:22:19.831 [main-110] INFO  com.framework.basedriver.BaseDriver.startBrowser - 浏览器：chrome 成功启动！
2021-10-20 16:22:20.090 [main-41] INFO  com.framework.basetest.BaseTestCaseExcutor.lambda$null$2 - testCase_searchMethod,[{search_page.new=com.wechat.pageobject.CeshirenPOCodeSearchPage}, {search_page.get_first_title=[{get=https://ceshiren.com}, {find=[id, search-button]}, {click=null}, {find=[id, search-term]}, {sendkeys=内推 BAT}, {find=[css, .topic-title]}, {getText=title}]}, {assertThat=[title, {contains=[内推 BAT]}]}]
2021-10-20 16:22:23.212 [main-146] INFO  com.framework.basedriver.BaseDriver.closeBrowser - chrome浏览器已成功关闭！
2021-10-20 16:26:58.690 [main-37] INFO  com.framework.util.PropertiesReader.readProperties - 读取项目配置文件
2021-10-20 16:26:58.694 [main-37] INFO  com.framework.util.PropertiesReader.readProperties - 读取项目配置文件
2021-10-20 16:26:58.695 [main-37] INFO  com.framework.util.PropertiesReader.readProperties - 读取项目配置文件
2021-10-20 16:26:58.696 [main-37] INFO  com.framework.util.PropertiesReader.readProperties - 读取项目配置文件
2021-10-20 16:26:58.696 [main-37] INFO  com.framework.util.PropertiesReader.readProperties - 读取项目配置文件
2021-10-20 16:26:58.697 [main-37] INFO  com.framework.util.PropertiesReader.readProperties - 读取项目配置文件
2021-10-20 16:26:58.697 [main-42] INFO  com.framework.basetest.BaseTestCaseInit.<clinit> - browserName=chrome
2021-10-20 16:26:58.697 [main-43] INFO  com.framework.basetest.BaseTestCaseInit.<clinit> - terminal=pc
2021-10-20 16:26:58.698 [main-44] INFO  com.framework.basetest.BaseTestCaseInit.<clinit> - deviceName=desktop
2021-10-20 16:26:58.698 [main-45] INFO  com.framework.basetest.BaseTestCaseInit.<clinit> - remotePort=4444
2021-10-20 16:26:58.698 [main-46] INFO  com.framework.basetest.BaseTestCaseInit.<clinit> - remoteIP=
2021-10-20 16:26:58.698 [main-47] INFO  com.framework.basetest.BaseTestCaseInit.<clinit> - browserVersion=
2021-10-20 16:26:58.702 [main-37] INFO  com.framework.util.PropertiesReader.readProperties - 读取项目配置文件
2021-10-20 16:26:58.703 [main-37] INFO  com.framework.util.PropertiesReader.readProperties - 读取项目配置文件
2021-10-20 16:27:00.313 [main-37] INFO  com.framework.util.PropertiesReader.readProperties - 读取项目配置文件
2021-10-20 16:27:00.313 [main-37] INFO  com.framework.util.PropertiesReader.readProperties - 读取项目配置文件
2021-10-20 16:27:00.314 [main-37] INFO  com.framework.util.PropertiesReader.readProperties - 读取项目配置文件
2021-10-20 16:27:00.470 [main-110] INFO  com.framework.basedriver.BaseDriver.startBrowser - 浏览器：chrome 成功启动！
2021-10-20 16:27:00.733 [main-41] INFO  com.framework.basetest.BaseTestCaseExcutor.lambda$null$2 - testCase_searchMethod,[{search_page.new=com.wechat.pageobject.CeshirenPOCodeSearchPage}, {search_page.get_first_title=[{get=https://ceshiren.com}, {find=[id, search-button]}, {click=null}, {find=[id, search-term]}, {sendkeys=内推 BAT}, {find=[css, .topic-title]}, {getText=title}]}, {assertThat=[title, {contains=[内推 BAT]}]}]
2021-10-20 16:27:00.738 [main-76] INFO  com.framework.basetest.BaseTestCaseExcutor.lambda$null$0 - method=search_page
2021-10-20 16:27:03.859 [main-146] INFO  com.framework.basedriver.BaseDriver.closeBrowser - chrome浏览器已成功关闭！
2021-10-20 16:36:02.579 [main-37] INFO  com.framework.util.PropertiesReader.readProperties - 读取项目配置文件
2021-10-20 16:36:02.583 [main-37] INFO  com.framework.util.PropertiesReader.readProperties - 读取项目配置文件
2021-10-20 16:36:02.583 [main-37] INFO  com.framework.util.PropertiesReader.readProperties - 读取项目配置文件
2021-10-20 16:36:02.584 [main-37] INFO  com.framework.util.PropertiesReader.readProperties - 读取项目配置文件
2021-10-20 16:36:02.584 [main-37] INFO  com.framework.util.PropertiesReader.readProperties - 读取项目配置文件
2021-10-20 16:36:02.585 [main-37] INFO  com.framework.util.PropertiesReader.readProperties - 读取项目配置文件
2021-10-20 16:36:02.585 [main-42] INFO  com.framework.basetest.BaseTestCaseInit.<clinit> - browserName=chrome
2021-10-20 16:36:02.586 [main-43] INFO  com.framework.basetest.BaseTestCaseInit.<clinit> - terminal=pc
2021-10-20 16:36:02.586 [main-44] INFO  com.framework.basetest.BaseTestCaseInit.<clinit> - deviceName=desktop
2021-10-20 16:36:02.586 [main-45] INFO  com.framework.basetest.BaseTestCaseInit.<clinit> - remotePort=4444
2021-10-20 16:36:02.586 [main-46] INFO  com.framework.basetest.BaseTestCaseInit.<clinit> - remoteIP=
2021-10-20 16:36:02.587 [main-47] INFO  com.framework.basetest.BaseTestCaseInit.<clinit> - browserVersion=
2021-10-20 16:36:02.591 [main-37] INFO  com.framework.util.PropertiesReader.readProperties - 读取项目配置文件
2021-10-20 16:36:02.591 [main-37] INFO  com.framework.util.PropertiesReader.readProperties - 读取项目配置文件
2021-10-20 16:36:04.135 [main-37] INFO  com.framework.util.PropertiesReader.readProperties - 读取项目配置文件
2021-10-20 16:36:04.135 [main-37] INFO  com.framework.util.PropertiesReader.readProperties - 读取项目配置文件
2021-10-20 16:36:04.136 [main-37] INFO  com.framework.util.PropertiesReader.readProperties - 读取项目配置文件
2021-10-20 16:36:04.338 [main-110] INFO  com.framework.basedriver.BaseDriver.startBrowser - 浏览器：chrome 成功启动！
2021-10-20 16:36:04.601 [main-41] INFO  com.framework.basetest.BaseTestCaseExcutor.lambda$null$2 - testCase_searchMethod,[{search_page.new=com.wechat.pageobject.CeshirenPOCodeSearchPage}, {search_page.get_first_title=[{get=https://ceshiren.com}, {find=[id, search-button]}, {click=null}, {find=[id, search-term]}, {sendkeys=内推 BAT}, {find=[css, .topic-title]}, {getText=title}]}, {assertThat=[title, {contains=[内推 BAT]}]}]
2021-10-20 16:36:04.604 [main-76] INFO  com.framework.basetest.BaseTestCaseExcutor.lambda$null$0 - ######
2021-10-20 16:36:04.605 [main-77] INFO  com.framework.basetest.BaseTestCaseExcutor.lambda$null$0 - method=get_first_title
2021-10-20 16:36:04.605 [main-78] INFO  com.framework.basetest.BaseTestCaseExcutor.lambda$null$0 - poName=search_page
2021-10-20 16:36:04.605 [main-79] INFO  com.framework.basetest.BaseTestCaseExcutor.lambda$null$0 - *******
2021-10-20 16:36:07.727 [main-146] INFO  com.framework.basedriver.BaseDriver.closeBrowser - chrome浏览器已成功关闭！
2021-10-20 16:40:42.413 [main-37] INFO  com.framework.util.PropertiesReader.readProperties - 读取项目配置文件
2021-10-20 16:40:42.417 [main-37] INFO  com.framework.util.PropertiesReader.readProperties - 读取项目配置文件
2021-10-20 16:40:42.417 [main-37] INFO  com.framework.util.PropertiesReader.readProperties - 读取项目配置文件
2021-10-20 16:40:42.418 [main-37] INFO  com.framework.util.PropertiesReader.readProperties - 读取项目配置文件
2021-10-20 16:40:42.418 [main-37] INFO  com.framework.util.PropertiesReader.readProperties - 读取项目配置文件
2021-10-20 16:40:42.419 [main-37] INFO  com.framework.util.PropertiesReader.readProperties - 读取项目配置文件
2021-10-20 16:40:42.420 [main-42] INFO  com.framework.basetest.BaseTestCaseInit.<clinit> - browserName=chrome
2021-10-20 16:40:42.420 [main-43] INFO  com.framework.basetest.BaseTestCaseInit.<clinit> - terminal=pc
2021-10-20 16:40:42.420 [main-44] INFO  com.framework.basetest.BaseTestCaseInit.<clinit> - deviceName=desktop
2021-10-20 16:40:42.420 [main-45] INFO  com.framework.basetest.BaseTestCaseInit.<clinit> - remotePort=4444
2021-10-20 16:40:42.421 [main-46] INFO  com.framework.basetest.BaseTestCaseInit.<clinit> - remoteIP=
2021-10-20 16:40:42.421 [main-47] INFO  com.framework.basetest.BaseTestCaseInit.<clinit> - browserVersion=
2021-10-20 16:40:42.425 [main-37] INFO  com.framework.util.PropertiesReader.readProperties - 读取项目配置文件
2021-10-20 16:40:42.425 [main-37] INFO  com.framework.util.PropertiesReader.readProperties - 读取项目配置文件
2021-10-20 16:40:44.016 [main-37] INFO  com.framework.util.PropertiesReader.readProperties - 读取项目配置文件
2021-10-20 16:40:44.017 [main-37] INFO  com.framework.util.PropertiesReader.readProperties - 读取项目配置文件
2021-10-20 16:40:44.017 [main-37] INFO  com.framework.util.PropertiesReader.readProperties - 读取项目配置文件
2021-10-20 16:40:44.161 [main-110] INFO  com.framework.basedriver.BaseDriver.startBrowser - 浏览器：chrome 成功启动！
2021-10-20 16:40:44.432 [main-41] INFO  com.framework.basetest.BaseTestCaseExcutor.lambda$null$2 - testCase_searchMethod,[{search_page.new=com.wechat.pageobject.CeshirenPOCodeSearchPage}, {search_page.get_first_title=[{get=https://ceshiren.com}, {find=[id, search-button]}, {click=null}, {find=[id, search-term]}, {sendkeys=内推 BAT}, {find=[css, .topic-title]}, {getText=title}]}, {assertThat=[title, {contains=[内推 BAT]}]}]
2021-10-20 16:40:44.435 [main-76] INFO  com.framework.basetest.BaseTestCaseExcutor.lambda$null$0 - ######
2021-10-20 16:40:44.435 [main-77] INFO  com.framework.basetest.BaseTestCaseExcutor.lambda$null$0 - method=get_first_title
2021-10-20 16:40:44.436 [main-78] INFO  com.framework.basetest.BaseTestCaseExcutor.lambda$null$0 - poName=search_page
2021-10-20 16:40:44.436 [main-79] INFO  com.framework.basetest.BaseTestCaseExcutor.lambda$null$0 - *******
2021-10-20 16:40:47.576 [main-146] INFO  com.framework.basedriver.BaseDriver.closeBrowser - chrome浏览器已成功关闭！
2021-10-20 16:43:03.048 [main-37] INFO  com.framework.util.PropertiesReader.readProperties - 读取项目配置文件
2021-10-20 16:43:03.053 [main-37] INFO  com.framework.util.PropertiesReader.readProperties - 读取项目配置文件
2021-10-20 16:43:03.054 [main-37] INFO  com.framework.util.PropertiesReader.readProperties - 读取项目配置文件
2021-10-20 16:43:03.054 [main-37] INFO  com.framework.util.PropertiesReader.readProperties - 读取项目配置文件
2021-10-20 16:43:03.055 [main-37] INFO  com.framework.util.PropertiesReader.readProperties - 读取项目配置文件
2021-10-20 16:43:03.055 [main-37] INFO  com.framework.util.PropertiesReader.readProperties - 读取项目配置文件
2021-10-20 16:43:03.056 [main-42] INFO  com.framework.basetest.BaseTestCaseInit.<clinit> - browserName=chrome
2021-10-20 16:43:03.056 [main-43] INFO  com.framework.basetest.BaseTestCaseInit.<clinit> - terminal=pc
2021-10-20 16:43:03.056 [main-44] INFO  com.framework.basetest.BaseTestCaseInit.<clinit> - deviceName=desktop
2021-10-20 16:43:03.057 [main-45] INFO  com.framework.basetest.BaseTestCaseInit.<clinit> - remotePort=4444
2021-10-20 16:43:03.057 [main-46] INFO  com.framework.basetest.BaseTestCaseInit.<clinit> - remoteIP=
2021-10-20 16:43:03.057 [main-47] INFO  com.framework.basetest.BaseTestCaseInit.<clinit> - browserVersion=
2021-10-20 16:43:03.062 [main-37] INFO  com.framework.util.PropertiesReader.readProperties - 读取项目配置文件
2021-10-20 16:43:03.062 [main-37] INFO  com.framework.util.PropertiesReader.readProperties - 读取项目配置文件
2021-10-20 16:43:04.643 [main-37] INFO  com.framework.util.PropertiesReader.readProperties - 读取项目配置文件
2021-10-20 16:43:04.643 [main-37] INFO  com.framework.util.PropertiesReader.readProperties - 读取项目配置文件
2021-10-20 16:43:04.644 [main-37] INFO  com.framework.util.PropertiesReader.readProperties - 读取项目配置文件
2021-10-20 16:43:04.792 [main-110] INFO  com.framework.basedriver.BaseDriver.startBrowser - 浏览器：chrome 成功启动！
2021-10-20 16:43:05.050 [main-41] INFO  com.framework.basetest.BaseTestCaseExcutor.lambda$null$2 - testCase_searchMethod,[{search_page.new=com.wechat.pageobject.CeshirenPOCodeSearchPage}, {search_page.get_first_title=[{get=https://ceshiren.com}, {find=[id, search-button]}, {click=null}, {find=[id, search-term]}, {sendkeys=内推 BAT}, {find=[css, .topic-title]}, {getText=title}]}, {assertThat=[title, {contains=[内推 BAT]}]}]
2021-10-20 16:43:05.054 [main-76] INFO  com.framework.basetest.BaseTestCaseExcutor.lambda$null$0 - ######
2021-10-20 16:43:05.054 [main-77] INFO  com.framework.basetest.BaseTestCaseExcutor.lambda$null$0 - method=get_first_title
2021-10-20 16:43:05.054 [main-78] INFO  com.framework.basetest.BaseTestCaseExcutor.lambda$null$0 - poName=search_page
2021-10-20 16:43:05.055 [main-79] INFO  com.framework.basetest.BaseTestCaseExcutor.lambda$null$0 - *******
2021-10-20 16:43:08.179 [main-146] INFO  com.framework.basedriver.BaseDriver.closeBrowser - chrome浏览器已成功关闭！
2021-10-20 16:44:05.226 [main-37] INFO  com.framework.util.PropertiesReader.readProperties - 读取项目配置文件
2021-10-20 16:44:05.230 [main-37] INFO  com.framework.util.PropertiesReader.readProperties - 读取项目配置文件
2021-10-20 16:44:05.231 [main-37] INFO  com.framework.util.PropertiesReader.readProperties - 读取项目配置文件
2021-10-20 16:44:05.231 [main-37] INFO  com.framework.util.PropertiesReader.readProperties - 读取项目配置文件
2021-10-20 16:44:05.232 [main-37] INFO  com.framework.util.PropertiesReader.readProperties - 读取项目配置文件
2021-10-20 16:44:05.232 [main-37] INFO  com.framework.util.PropertiesReader.readProperties - 读取项目配置文件
2021-10-20 16:44:05.233 [main-42] INFO  com.framework.basetest.BaseTestCaseInit.<clinit> - browserName=chrome
2021-10-20 16:44:05.233 [main-43] INFO  com.framework.basetest.BaseTestCaseInit.<clinit> - terminal=pc
2021-10-20 16:44:05.233 [main-44] INFO  com.framework.basetest.BaseTestCaseInit.<clinit> - deviceName=desktop
2021-10-20 16:44:05.234 [main-45] INFO  com.framework.basetest.BaseTestCaseInit.<clinit> - remotePort=4444
2021-10-20 16:44:05.234 [main-46] INFO  com.framework.basetest.BaseTestCaseInit.<clinit> - remoteIP=
2021-10-20 16:44:05.234 [main-47] INFO  com.framework.basetest.BaseTestCaseInit.<clinit> - browserVersion=
2021-10-20 16:44:05.238 [main-37] INFO  com.framework.util.PropertiesReader.readProperties - 读取项目配置文件
2021-10-20 16:44:05.239 [main-37] INFO  com.framework.util.PropertiesReader.readProperties - 读取项目配置文件
2021-10-20 16:44:06.848 [main-37] INFO  com.framework.util.PropertiesReader.readProperties - 读取项目配置文件
2021-10-20 16:44:06.848 [main-37] INFO  com.framework.util.PropertiesReader.readProperties - 读取项目配置文件
2021-10-20 16:44:06.849 [main-37] INFO  com.framework.util.PropertiesReader.readProperties - 读取项目配置文件
2021-10-20 16:44:07.032 [main-110] INFO  com.framework.basedriver.BaseDriver.startBrowser - 浏览器：chrome 成功启动！
2021-10-20 16:44:07.302 [main-41] INFO  com.framework.basetest.BaseTestCaseExcutor.lambda$null$2 - testCase_searchMethod,[{search_page.new=com.wechat.pageobject.CeshirenPOCodeSearchPage}, {search_page.get_first_title=[{get=https://ceshiren.com}, {find=[id, search-button]}, {click=null}, {find=[id, search-term]}, {sendkeys=内推 BAT}, {find=[css, .topic-title]}, {getText=title}]}, {assertThat=[title, {contains=[内推 BAT]}]}]
2021-10-20 16:44:07.305 [main-76] INFO  com.framework.basetest.BaseTestCaseExcutor.lambda$null$0 - ######
2021-10-20 16:44:07.306 [main-77] INFO  com.framework.basetest.BaseTestCaseExcutor.lambda$null$0 - method=get_first_title
2021-10-20 16:44:07.306 [main-78] INFO  com.framework.basetest.BaseTestCaseExcutor.lambda$null$0 - poName=search_page
2021-10-20 16:44:07.306 [main-79] INFO  com.framework.basetest.BaseTestCaseExcutor.lambda$null$0 - *******
2021-10-20 16:44:07.307 [main-74] INFO  com.framework.basepo.POBasePage.runPOMethod - methods大小=null
2021-10-20 16:44:10.427 [main-146] INFO  com.framework.basedriver.BaseDriver.closeBrowser - chrome浏览器已成功关闭！
2021-10-20 16:48:26.024 [main-37] INFO  com.framework.util.PropertiesReader.readProperties - 读取项目配置文件
2021-10-20 16:48:26.028 [main-37] INFO  com.framework.util.PropertiesReader.readProperties - 读取项目配置文件
2021-10-20 16:48:26.029 [main-37] INFO  com.framework.util.PropertiesReader.readProperties - 读取项目配置文件
2021-10-20 16:48:26.030 [main-37] INFO  com.framework.util.PropertiesReader.readProperties - 读取项目配置文件
2021-10-20 16:48:26.030 [main-37] INFO  com.framework.util.PropertiesReader.readProperties - 读取项目配置文件
2021-10-20 16:48:26.031 [main-37] INFO  com.framework.util.PropertiesReader.readProperties - 读取项目配置文件
2021-10-20 16:48:26.031 [main-42] INFO  com.framework.basetest.BaseTestCaseInit.<clinit> - browserName=chrome
2021-10-20 16:48:26.031 [main-43] INFO  com.framework.basetest.BaseTestCaseInit.<clinit> - terminal=pc
2021-10-20 16:48:26.032 [main-44] INFO  com.framework.basetest.BaseTestCaseInit.<clinit> - deviceName=desktop
2021-10-20 16:48:26.032 [main-45] INFO  com.framework.basetest.BaseTestCaseInit.<clinit> - remotePort=4444
2021-10-20 16:48:26.032 [main-46] INFO  com.framework.basetest.BaseTestCaseInit.<clinit> - remoteIP=
2021-10-20 16:48:26.032 [main-47] INFO  com.framework.basetest.BaseTestCaseInit.<clinit> - browserVersion=
2021-10-20 16:48:26.037 [main-37] INFO  com.framework.util.PropertiesReader.readProperties - 读取项目配置文件
2021-10-20 16:48:26.037 [main-37] INFO  com.framework.util.PropertiesReader.readProperties - 读取项目配置文件
2021-10-20 16:48:27.696 [main-37] INFO  com.framework.util.PropertiesReader.readProperties - 读取项目配置文件
2021-10-20 16:48:27.697 [main-37] INFO  com.framework.util.PropertiesReader.readProperties - 读取项目配置文件
2021-10-20 16:48:27.697 [main-37] INFO  com.framework.util.PropertiesReader.readProperties - 读取项目配置文件
2021-10-20 16:48:27.851 [main-110] INFO  com.framework.basedriver.BaseDriver.startBrowser - 浏览器：chrome 成功启动！
2021-10-20 16:48:28.141 [main-41] INFO  com.framework.basetest.BaseTestCaseExcutor.lambda$null$2 - testCase_searchMethod,[{CeshirenPOCodeSearchPage.new=com.wechat.pageobject.CeshirenPOCodeSearchPage}, {CeshirenPOCodeSearchPage.get_first_title=[{get=https://ceshiren.com}, {find=[id, search-button]}, {click=null}, {find=[id, search-term]}, {sendkeys=内推 BAT}, {find=[css, .topic-title]}, {getText=title}]}, {assertThat=[title, {contains=[内推 BAT]}]}]
2021-10-20 16:48:28.145 [main-76] INFO  com.framework.basetest.BaseTestCaseExcutor.lambda$null$0 - ######
2021-10-20 16:48:28.145 [main-77] INFO  com.framework.basetest.BaseTestCaseExcutor.lambda$null$0 - method=get_first_title
2021-10-20 16:48:28.146 [main-78] INFO  com.framework.basetest.BaseTestCaseExcutor.lambda$null$0 - poName=ceshirenpocodesearchpage
2021-10-20 16:48:28.146 [main-79] INFO  com.framework.basetest.BaseTestCaseExcutor.lambda$null$0 - *******
2021-10-20 16:48:28.147 [main-74] INFO  com.framework.basepo.POBasePage.runPOMethod - methods大小=null
2021-10-20 16:48:31.274 [main-146] INFO  com.framework.basedriver.BaseDriver.closeBrowser - chrome浏览器已成功关闭！
2021-10-20 16:49:31.079 [main-37] INFO  com.framework.util.PropertiesReader.readProperties - 读取项目配置文件
2021-10-20 16:49:31.084 [main-37] INFO  com.framework.util.PropertiesReader.readProperties - 读取项目配置文件
2021-10-20 16:49:31.084 [main-37] INFO  com.framework.util.PropertiesReader.readProperties - 读取项目配置文件
2021-10-20 16:49:31.085 [main-37] INFO  com.framework.util.PropertiesReader.readProperties - 读取项目配置文件
2021-10-20 16:49:31.085 [main-37] INFO  com.framework.util.PropertiesReader.readProperties - 读取项目配置文件
2021-10-20 16:49:31.086 [main-37] INFO  com.framework.util.PropertiesReader.readProperties - 读取项目配置文件
2021-10-20 16:49:31.086 [main-42] INFO  com.framework.basetest.BaseTestCaseInit.<clinit> - browserName=chrome
2021-10-20 16:49:31.086 [main-43] INFO  com.framework.basetest.BaseTestCaseInit.<clinit> - terminal=pc
2021-10-20 16:49:31.087 [main-44] INFO  com.framework.basetest.BaseTestCaseInit.<clinit> - deviceName=desktop
2021-10-20 16:49:31.087 [main-45] INFO  com.framework.basetest.BaseTestCaseInit.<clinit> - remotePort=4444
2021-10-20 16:49:31.087 [main-46] INFO  com.framework.basetest.BaseTestCaseInit.<clinit> - remoteIP=
2021-10-20 16:49:31.087 [main-47] INFO  com.framework.basetest.BaseTestCaseInit.<clinit> - browserVersion=
2021-10-20 16:49:31.091 [main-37] INFO  com.framework.util.PropertiesReader.readProperties - 读取项目配置文件
2021-10-20 16:49:31.092 [main-37] INFO  com.framework.util.PropertiesReader.readProperties - 读取项目配置文件
2021-10-20 16:49:32.589 [main-37] INFO  com.framework.util.PropertiesReader.readProperties - 读取项目配置文件
2021-10-20 16:49:32.590 [main-37] INFO  com.framework.util.PropertiesReader.readProperties - 读取项目配置文件
2021-10-20 16:49:32.590 [main-37] INFO  com.framework.util.PropertiesReader.readProperties - 读取项目配置文件
2021-10-20 16:49:32.742 [main-110] INFO  com.framework.basedriver.BaseDriver.startBrowser - 浏览器：chrome 成功启动！
2021-10-20 16:49:33.001 [main-41] INFO  com.framework.basetest.BaseTestCaseExcutor.lambda$null$2 - testCase_searchMethod,[{CeshirenPOCodeSearchPage.new=com.wechat.pageobject.CeshirenPOCodeSearchPage}, {CeshirenPOCodeSearchPage.get_first_title=[{get=https://ceshiren.com}, {find=[id, search-button]}, {click=null}, {find=[id, search-term]}, {sendkeys=内推 BAT}, {find=[css, .topic-title]}, {getText=title}]}, {assertThat=[title, {contains=[内推 BAT]}]}]
2021-10-20 16:49:33.005 [main-76] INFO  com.framework.basetest.BaseTestCaseExcutor.lambda$null$0 - ######
2021-10-20 16:49:33.005 [main-77] INFO  com.framework.basetest.BaseTestCaseExcutor.lambda$null$0 - method=get_first_title
2021-10-20 16:49:33.005 [main-78] INFO  com.framework.basetest.BaseTestCaseExcutor.lambda$null$0 - poName=ceshirenpocodesearchpage
2021-10-20 16:49:33.006 [main-79] INFO  com.framework.basetest.BaseTestCaseExcutor.lambda$null$0 - *******
2021-10-20 16:49:33.006 [main-74] INFO  com.framework.basepo.POBasePage.runPOMethod - methods大小=null
2021-10-20 16:49:33.006 [main-75] INFO  com.framework.basepo.POBasePage.runPOMethod - ClassName=get_first_title
2021-10-20 16:49:36.130 [main-146] INFO  com.framework.basedriver.BaseDriver.closeBrowser - chrome浏览器已成功关闭！
2021-10-20 16:51:17.458 [main-37] INFO  com.framework.util.PropertiesReader.readProperties - 读取项目配置文件
2021-10-20 16:51:17.462 [main-37] INFO  com.framework.util.PropertiesReader.readProperties - 读取项目配置文件
2021-10-20 16:51:17.463 [main-37] INFO  com.framework.util.PropertiesReader.readProperties - 读取项目配置文件
2021-10-20 16:51:17.464 [main-37] INFO  com.framework.util.PropertiesReader.readProperties - 读取项目配置文件
2021-10-20 16:51:17.464 [main-37] INFO  com.framework.util.PropertiesReader.readProperties - 读取项目配置文件
2021-10-20 16:51:17.465 [main-37] INFO  com.framework.util.PropertiesReader.readProperties - 读取项目配置文件
2021-10-20 16:51:17.465 [main-42] INFO  com.framework.basetest.BaseTestCaseInit.<clinit> - browserName=chrome
2021-10-20 16:51:17.465 [main-43] INFO  com.framework.basetest.BaseTestCaseInit.<clinit> - terminal=pc
2021-10-20 16:51:17.466 [main-44] INFO  com.framework.basetest.BaseTestCaseInit.<clinit> - deviceName=desktop
2021-10-20 16:51:17.466 [main-45] INFO  com.framework.basetest.BaseTestCaseInit.<clinit> - remotePort=4444
2021-10-20 16:51:17.466 [main-46] INFO  com.framework.basetest.BaseTestCaseInit.<clinit> - remoteIP=
2021-10-20 16:51:17.466 [main-47] INFO  com.framework.basetest.BaseTestCaseInit.<clinit> - browserVersion=
2021-10-20 16:51:17.470 [main-37] INFO  com.framework.util.PropertiesReader.readProperties - 读取项目配置文件
2021-10-20 16:51:17.471 [main-37] INFO  com.framework.util.PropertiesReader.readProperties - 读取项目配置文件
2021-10-20 16:51:18.994 [main-37] INFO  com.framework.util.PropertiesReader.readProperties - 读取项目配置文件
2021-10-20 16:51:18.995 [main-37] INFO  com.framework.util.PropertiesReader.readProperties - 读取项目配置文件
2021-10-20 16:51:18.995 [main-37] INFO  com.framework.util.PropertiesReader.readProperties - 读取项目配置文件
2021-10-20 16:51:19.138 [main-110] INFO  com.framework.basedriver.BaseDriver.startBrowser - 浏览器：chrome 成功启动！
2021-10-20 16:51:19.399 [main-41] INFO  com.framework.basetest.BaseTestCaseExcutor.lambda$null$2 - testCase_searchMethod,[{CeshirenPOCodeSearchPage.new=com.wechat.pageobject.CeshirenPOCodeSearchPage}, {CeshirenPOCodeSearchPage.get_first_title=[{get=https://ceshiren.com}, {find=[id, search-button]}, {click=null}, {find=[id, search-term]}, {sendkeys=内推 BAT}, {find=[css, .topic-title]}, {getText=title}]}, {assertThat=[title, {contains=[内推 BAT]}]}]
2021-10-20 16:51:19.403 [main-76] INFO  com.framework.basetest.BaseTestCaseExcutor.lambda$null$0 - ######
2021-10-20 16:51:19.403 [main-77] INFO  com.framework.basetest.BaseTestCaseExcutor.lambda$null$0 - method=get_first_title
2021-10-20 16:51:19.404 [main-78] INFO  com.framework.basetest.BaseTestCaseExcutor.lambda$null$0 - poName=ceshirenpocodesearchpage
2021-10-20 16:51:19.404 [main-79] INFO  com.framework.basetest.BaseTestCaseExcutor.lambda$null$0 - *******
2021-10-20 16:51:19.404 [main-74] INFO  com.framework.basepo.POBasePage.runPOMethod - methods大小=null
2021-10-20 16:51:19.405 [main-75] INFO  com.framework.basepo.POBasePage.runPOMethod - ClassName=get_first_title
2021-10-20 16:51:22.519 [main-146] INFO  com.framework.basedriver.BaseDriver.closeBrowser - chrome浏览器已成功关闭！
2021-10-20 16:53:00.860 [main-37] INFO  com.framework.util.PropertiesReader.readProperties - 读取项目配置文件
2021-10-20 16:53:00.864 [main-37] INFO  com.framework.util.PropertiesReader.readProperties - 读取项目配置文件
2021-10-20 16:53:00.865 [main-37] INFO  com.framework.util.PropertiesReader.readProperties - 读取项目配置文件
2021-10-20 16:53:00.865 [main-37] INFO  com.framework.util.PropertiesReader.readProperties - 读取项目配置文件
2021-10-20 16:53:00.866 [main-37] INFO  com.framework.util.PropertiesReader.readProperties - 读取项目配置文件
2021-10-20 16:53:00.866 [main-37] INFO  com.framework.util.PropertiesReader.readProperties - 读取项目配置文件
2021-10-20 16:53:00.867 [main-42] INFO  com.framework.basetest.BaseTestCaseInit.<clinit> - browserName=chrome
2021-10-20 16:53:00.867 [main-43] INFO  com.framework.basetest.BaseTestCaseInit.<clinit> - terminal=pc
2021-10-20 16:53:00.867 [main-44] INFO  com.framework.basetest.BaseTestCaseInit.<clinit> - deviceName=desktop
2021-10-20 16:53:00.867 [main-45] INFO  com.framework.basetest.BaseTestCaseInit.<clinit> - remotePort=4444
2021-10-20 16:53:00.868 [main-46] INFO  com.framework.basetest.BaseTestCaseInit.<clinit> - remoteIP=
2021-10-20 16:53:00.868 [main-47] INFO  com.framework.basetest.BaseTestCaseInit.<clinit> - browserVersion=
2021-10-20 16:53:00.872 [main-37] INFO  com.framework.util.PropertiesReader.readProperties - 读取项目配置文件
2021-10-20 16:53:00.872 [main-37] INFO  com.framework.util.PropertiesReader.readProperties - 读取项目配置文件
2021-10-20 16:53:02.427 [main-37] INFO  com.framework.util.PropertiesReader.readProperties - 读取项目配置文件
2021-10-20 16:53:02.428 [main-37] INFO  com.framework.util.PropertiesReader.readProperties - 读取项目配置文件
2021-10-20 16:53:02.428 [main-37] INFO  com.framework.util.PropertiesReader.readProperties - 读取项目配置文件
2021-10-20 16:53:02.621 [main-110] INFO  com.framework.basedriver.BaseDriver.startBrowser - 浏览器：chrome 成功启动！
2021-10-20 16:53:02.890 [main-41] INFO  com.framework.basetest.BaseTestCaseExcutor.lambda$null$2 - testCase_searchMethod,[{CeshirenPOCodeSearchPage.new=com.wechat.pageobject.CeshirenPOCodeSearchPage}, {CeshirenPOCodeSearchPage.get_first_title=[{get=https://ceshiren.com}, {find=[id, search-button]}, {click=null}, {find=[id, search-term]}, {sendkeys=内推 BAT}, {find=[css, .topic-title]}, {getText=title}]}, {assertThat=[title, {contains=[内推 BAT]}]}]
2021-10-20 16:53:02.893 [main-76] INFO  com.framework.basetest.BaseTestCaseExcutor.lambda$null$0 - ######
2021-10-20 16:53:02.894 [main-77] INFO  com.framework.basetest.BaseTestCaseExcutor.lambda$null$0 - method=get_first_title
2021-10-20 16:53:02.894 [main-78] INFO  com.framework.basetest.BaseTestCaseExcutor.lambda$null$0 - poName=ceshirenpocodesearchpage
2021-10-20 16:53:02.894 [main-79] INFO  com.framework.basetest.BaseTestCaseExcutor.lambda$null$0 - *******
2021-10-20 16:53:02.895 [main-74] INFO  com.framework.basepo.POBasePage.runPOMethod - methods大小=null
2021-10-20 16:53:02.895 [main-75] INFO  com.framework.basepo.POBasePage.runPOMethod - ClassName=get_first_title
2021-10-20 16:53:06.016 [main-146] INFO  com.framework.basedriver.BaseDriver.closeBrowser - chrome浏览器已成功关闭！
2021-10-20 16:57:01.410 [main-37] INFO  com.framework.util.PropertiesReader.readProperties - 读取项目配置文件
2021-10-20 16:57:01.414 [main-37] INFO  com.framework.util.PropertiesReader.readProperties - 读取项目配置文件
2021-10-20 16:57:01.415 [main-37] INFO  com.framework.util.PropertiesReader.readProperties - 读取项目配置文件
2021-10-20 16:57:01.415 [main-37] INFO  com.framework.util.PropertiesReader.readProperties - 读取项目配置文件
2021-10-20 16:57:01.416 [main-37] INFO  com.framework.util.PropertiesReader.readProperties - 读取项目配置文件
2021-10-20 16:57:01.416 [main-37] INFO  com.framework.util.PropertiesReader.readProperties - 读取项目配置文件
2021-10-20 16:57:01.417 [main-42] INFO  com.framework.basetest.BaseTestCaseInit.<clinit> - browserName=chrome
2021-10-20 16:57:01.417 [main-43] INFO  com.framework.basetest.BaseTestCaseInit.<clinit> - terminal=pc
2021-10-20 16:57:01.417 [main-44] INFO  com.framework.basetest.BaseTestCaseInit.<clinit> - deviceName=desktop
2021-10-20 16:57:01.418 [main-45] INFO  com.framework.basetest.BaseTestCaseInit.<clinit> - remotePort=4444
2021-10-20 16:57:01.418 [main-46] INFO  com.framework.basetest.BaseTestCaseInit.<clinit> - remoteIP=
2021-10-20 16:57:01.418 [main-47] INFO  com.framework.basetest.BaseTestCaseInit.<clinit> - browserVersion=
2021-10-20 16:57:01.423 [main-37] INFO  com.framework.util.PropertiesReader.readProperties - 读取项目配置文件
2021-10-20 16:57:01.423 [main-37] INFO  com.framework.util.PropertiesReader.readProperties - 读取项目配置文件
2021-10-20 16:57:03.176 [main-37] INFO  com.framework.util.PropertiesReader.readProperties - 读取项目配置文件
2021-10-20 16:57:03.176 [main-37] INFO  com.framework.util.PropertiesReader.readProperties - 读取项目配置文件
2021-10-20 16:57:03.177 [main-37] INFO  com.framework.util.PropertiesReader.readProperties - 读取项目配置文件
2021-10-20 16:57:03.375 [main-110] INFO  com.framework.basedriver.BaseDriver.startBrowser - 浏览器：chrome 成功启动！
2021-10-20 16:57:03.673 [main-41] INFO  com.framework.basetest.BaseTestCaseExcutor.lambda$null$2 - testCase_searchMethod,[{CeshirenPOCodeSearchPage.new=com.wechat.pageobject.CeshirenPOCodeSearchPage}, {CeshirenPOCodeSearchPage.get_first_title=[{get=https://ceshiren.com}, {find=[id, search-button]}, {click=null}, {find=[id, search-term]}, {sendkeys=内推 BAT}, {find=[css, .topic-title]}, {getText=title}]}, {assertThat=[title, {contains=[内推 BAT]}]}]
2021-10-20 16:57:03.678 [main-76] INFO  com.framework.basetest.BaseTestCaseExcutor.lambda$null$0 - ######
2021-10-20 16:57:03.678 [main-77] INFO  com.framework.basetest.BaseTestCaseExcutor.lambda$null$0 - method=get_first_title
2021-10-20 16:57:03.679 [main-78] INFO  com.framework.basetest.BaseTestCaseExcutor.lambda$null$0 - poName=ceshirenpocodesearchpage
2021-10-20 16:57:03.679 [main-79] INFO  com.framework.basetest.BaseTestCaseExcutor.lambda$null$0 - *******
2021-10-20 16:57:03.680 [main-74] INFO  com.framework.basepo.POBasePage.runPOMethod - methods大小=null
2021-10-20 16:57:03.680 [main-75] INFO  com.framework.basepo.POBasePage.runPOMethod - ClassName=get_first_title
2021-10-20 16:57:06.808 [main-146] INFO  com.framework.basedriver.BaseDriver.closeBrowser - chrome浏览器已成功关闭！
2021-10-20 16:59:56.376 [main-37] INFO  com.framework.util.PropertiesReader.readProperties - 读取项目配置文件
2021-10-20 16:59:56.380 [main-37] INFO  com.framework.util.PropertiesReader.readProperties - 读取项目配置文件
2021-10-20 16:59:56.381 [main-37] INFO  com.framework.util.PropertiesReader.readProperties - 读取项目配置文件
2021-10-20 16:59:56.381 [main-37] INFO  com.framework.util.PropertiesReader.readProperties - 读取项目配置文件
2021-10-20 16:59:56.382 [main-37] INFO  com.framework.util.PropertiesReader.readProperties - 读取项目配置文件
2021-10-20 16:59:56.382 [main-37] INFO  com.framework.util.PropertiesReader.readProperties - 读取项目配置文件
2021-10-20 16:59:56.383 [main-42] INFO  com.framework.basetest.BaseTestCaseInit.<clinit> - browserName=chrome
2021-10-20 16:59:56.383 [main-43] INFO  com.framework.basetest.BaseTestCaseInit.<clinit> - terminal=pc
2021-10-20 16:59:56.383 [main-44] INFO  com.framework.basetest.BaseTestCaseInit.<clinit> - deviceName=desktop
2021-10-20 16:59:56.384 [main-45] INFO  com.framework.basetest.BaseTestCaseInit.<clinit> - remotePort=4444
2021-10-20 16:59:56.384 [main-46] INFO  com.framework.basetest.BaseTestCaseInit.<clinit> - remoteIP=
2021-10-20 16:59:56.384 [main-47] INFO  com.framework.basetest.BaseTestCaseInit.<clinit> - browserVersion=
2021-10-20 16:59:56.388 [main-37] INFO  com.framework.util.PropertiesReader.readProperties - 读取项目配置文件
2021-10-20 16:59:56.388 [main-37] INFO  com.framework.util.PropertiesReader.readProperties - 读取项目配置文件
2021-10-20 16:59:58.008 [main-37] INFO  com.framework.util.PropertiesReader.readProperties - 读取项目配置文件
2021-10-20 16:59:58.009 [main-37] INFO  com.framework.util.PropertiesReader.readProperties - 读取项目配置文件
2021-10-20 16:59:58.011 [main-37] INFO  com.framework.util.PropertiesReader.readProperties - 读取项目配置文件
2021-10-20 16:59:58.224 [main-110] INFO  com.framework.basedriver.BaseDriver.startBrowser - 浏览器：chrome 成功启动！
2021-10-20 16:59:58.496 [main-41] INFO  com.framework.basetest.BaseTestCaseExcutor.lambda$null$2 - testCase_searchMethod,[{search_name.new=com.wechat.pageobject.CeshirenPOCodeSearchPage}, {search_name.get_first_title=[{get=https://ceshiren.com}, {find=[id, search-button]}, {click=null}, {find=[id, search-term]}, {sendkeys=内推 BAT}, {find=[css, .topic-title]}, {getText=title}]}, {assertThat=[title, {contains=[内推 BAT]}]}]
2021-10-20 16:59:58.499 [main-76] INFO  com.framework.basetest.BaseTestCaseExcutor.lambda$null$0 - ######
2021-10-20 16:59:58.500 [main-77] INFO  com.framework.basetest.BaseTestCaseExcutor.lambda$null$0 - method=get_first_title
2021-10-20 16:59:58.500 [main-78] INFO  com.framework.basetest.BaseTestCaseExcutor.lambda$null$0 - poName=search_name
2021-10-20 16:59:58.500 [main-79] INFO  com.framework.basetest.BaseTestCaseExcutor.lambda$null$0 - *******
2021-10-20 16:59:58.501 [main-74] INFO  com.framework.basepo.POBasePage.runPOMethod - methods大小=null
2021-10-20 16:59:58.501 [main-75] INFO  com.framework.basepo.POBasePage.runPOMethod - ClassName=get_first_title
2021-10-20 17:00:01.627 [main-146] INFO  com.framework.basedriver.BaseDriver.closeBrowser - chrome浏览器已成功关闭！
