2021-10-27 19:32:00.427 [main-92] INFO  com.framework.basepage.BaseBrowser.<clinit> - 开始加载浏览器配置信息
2021-10-27 19:32:00.431 [main-101] INFO  com.framework.basepage.BaseBrowser.<clinit> - browserName=chrome
2021-10-27 19:32:00.431 [main-102] INFO  com.framework.basepage.BaseBrowser.<clinit> - terminal=pc
2021-10-27 19:32:00.432 [main-103] INFO  com.framework.basepage.BaseBrowser.<clinit> - deviceName=desktop
2021-10-27 19:32:00.432 [main-104] INFO  com.framework.basepage.BaseBrowser.<clinit> - remotePort=4444
2021-10-27 19:32:00.432 [main-105] INFO  com.framework.basepage.BaseBrowser.<clinit> - remoteIP=
2021-10-27 19:32:00.433 [main-106] INFO  com.framework.basepage.BaseBrowser.<clinit> - browserVersion=
2021-10-27 19:32:02.240 [main-110] INFO  com.framework.basedriver.BaseDriver.startBrowser - 浏览器：chrome 成功启动！
2021-10-27 19:32:02.241 [main-110] INFO  com.framework.basepage.BaseBrowser.<clinit> - 加载配置信息结束
2021-10-27 19:32:02.243 [main-48] INFO  CeshirenPOCodeSearchPageTest.init - 项目模块{ CeshirenPOCodeSearchPageTest }测试用例开始执行
2021-10-27 19:32:12.452 [main-108] INFO  CeshirenPOCodeSearchPageTest.startMethod - 当前用例测试执行方法为{ get_first_title }
2021-10-27 19:32:12.453 [main-114] INFO  CeshirenPOCodeSearchPageTest.lambda$null$0 - 第{ 1 }条测试用例开始执行
2021-10-27 19:32:14.843 [main-83] INFO  com.framework.basetest.BaseTestCaseExcutor.lambda$null$5 - 测试用例执行结果为{ 中高级测试开发「名企定向」培养计划，内推 BAT 大厂，还有万元奖学金等你拿！ }
2021-10-27 19:32:14.844 [main-110] INFO  com.framework.basetest.BaseTestCaseExcutor.lambda$null$4 - 用例开始添加断言内容
2021-10-27 19:32:14.845 [main-111] INFO  com.framework.basetest.BaseTestCaseExcutor.lambda$null$4 - 实际结果为{ 中高级测试开发「名企定向」培养计划，内推 BAT 大厂，还有万元奖学金等你拿！ }
2021-10-27 19:32:14.846 [main-112] INFO  com.framework.basetest.BaseTestCaseExcutor.lambda$null$4 - 期望结果包含字段{ 名企 }
2021-10-27 19:32:14.847 [main-114] INFO  com.framework.basetest.BaseTestCaseExcutor.lambda$null$4 - 添加断言结束
2021-10-27 19:32:14.847 [main-114] INFO  CeshirenPOCodeSearchPageTest.lambda$null$0 - 第{ 2 }条测试用例开始执行
2021-10-27 19:32:16.738 [main-83] INFO  com.framework.basetest.BaseTestCaseExcutor.lambda$null$5 - 测试用例执行结果为{ 中高级测试开发「名企定向」培养计划，内推 BAT 大厂，还有万元奖学金等你拿！ }
2021-10-27 19:32:16.747 [main-110] INFO  com.framework.basetest.BaseTestCaseExcutor.lambda$null$4 - 用例开始添加断言内容
2021-10-27 19:32:16.748 [main-111] INFO  com.framework.basetest.BaseTestCaseExcutor.lambda$null$4 - 实际结果为{ 中高级测试开发「名企定向」培养计划，内推 BAT 大厂，还有万元奖学金等你拿！ }
2021-10-27 19:32:16.762 [main-112] INFO  com.framework.basetest.BaseTestCaseExcutor.lambda$null$4 - 期望结果包含字段{ 名企 }
2021-10-27 19:32:16.763 [main-114] INFO  com.framework.basetest.BaseTestCaseExcutor.lambda$null$4 - 添加断言结束
2021-10-27 19:32:16.764 [main-119] INFO  CeshirenPOCodeSearchPageTest.startMethod - 方法{ get_first_title }测试用例执行结束
2021-10-27 19:32:21.905 [main-108] INFO  CeshirenPOCodeSearchPageTest.startMethod - 当前用例测试执行方法为{ get_title2 }
2021-10-27 19:32:21.906 [main-114] INFO  CeshirenPOCodeSearchPageTest.lambda$null$0 - 第{ 1 }条测试用例开始执行
2021-10-27 19:32:22.522 [main-83] INFO  com.framework.basetest.BaseTestCaseExcutor.lambda$null$5 - 测试用例执行结果为{ 新闻 }
2021-10-27 19:32:22.523 [main-116] INFO  com.framework.basetest.BaseTestCaseExcutor.lambda$null$4 - 用例开始添加断言内容
2021-10-27 19:32:22.524 [main-117] INFO  com.framework.basetest.BaseTestCaseExcutor.lambda$null$4 - 实际结果为{ 新闻 }
2021-10-27 19:32:22.524 [main-118] INFO  com.framework.basetest.BaseTestCaseExcutor.lambda$null$4 - 期望结果为{ 新闻 }
2021-10-27 19:32:22.525 [main-120] INFO  com.framework.basetest.BaseTestCaseExcutor.lambda$null$4 - 添加断言结束
2021-10-27 19:32:22.526 [main-119] INFO  CeshirenPOCodeSearchPageTest.startMethod - 方法{ get_title2 }测试用例执行结束
2021-10-27 19:32:22.531 [main-70] INFO  CeshirenPOCodeSearchPageTest.tearDown - 项目模块{ CeshirenPOCodeSearchPageTest }共执行{ 3 }条用例，测试用例开始统一断言
2021-10-27 19:32:22.538 [main-72] INFO  CeshirenPOCodeSearchPageTest.tearDown - 统一断言结束
2021-10-27 19:39:00.819 [main-92] INFO  com.framework.basepage.BaseBrowser.<clinit> - 开始加载浏览器配置信息
2021-10-27 19:39:00.825 [main-101] INFO  com.framework.basepage.BaseBrowser.<clinit> - browserName=chrome
2021-10-27 19:39:00.826 [main-102] INFO  com.framework.basepage.BaseBrowser.<clinit> - terminal=pc
2021-10-27 19:39:00.826 [main-103] INFO  com.framework.basepage.BaseBrowser.<clinit> - deviceName=desktop
2021-10-27 19:39:00.826 [main-104] INFO  com.framework.basepage.BaseBrowser.<clinit> - remotePort=4444
2021-10-27 19:39:00.826 [main-105] INFO  com.framework.basepage.BaseBrowser.<clinit> - remoteIP=
2021-10-27 19:39:00.827 [main-106] INFO  com.framework.basepage.BaseBrowser.<clinit> - browserVersion=
2021-10-27 19:39:02.641 [main-110] INFO  com.framework.basedriver.BaseDriver.startBrowser - 浏览器：chrome 成功启动！
2021-10-27 19:39:02.642 [main-110] INFO  com.framework.basepage.BaseBrowser.<clinit> - 加载配置信息结束
2021-10-27 19:39:02.643 [main-48] INFO  CeshirenPOCodeSearchPageTest2.init - 项目模块{ CeshirenPOCodeSearchPageTest2 }测试用例开始执行
2021-10-27 19:39:17.934 [main-70] INFO  CeshirenPOCodeSearchPageTest2.tearDown - 项目模块{ CeshirenPOCodeSearchPageTest2 }共执行{ 0 }条用例，测试用例开始统一断言
2021-10-27 19:39:17.938 [main-72] INFO  CeshirenPOCodeSearchPageTest2.tearDown - 统一断言结束
2021-10-27 19:39:17.938 [main-73] INFO  CeshirenPOCodeSearchPageTest2.tearDown - 开始释放资源
2021-10-27 19:39:21.042 [main-146] INFO  com.framework.basedriver.BaseDriver.closeBrowser - chrome浏览器已成功关闭！
2021-10-27 19:39:21.043 [main-76] INFO  CeshirenPOCodeSearchPageTest2.tearDown - 释放资源结束
2021-10-27 19:39:21.049 [main-48] INFO  CeshirenPOCodeSearchPageTest.init - 项目模块{ CeshirenPOCodeSearchPageTest }测试用例开始执行
2021-10-27 19:39:26.113 [main-112] INFO  CeshirenPOCodeSearchPageTest.startMethod - 当前用例测试执行方法为{ get_first_title }
2021-10-27 19:39:26.114 [main-118] INFO  CeshirenPOCodeSearchPageTest.lambda$null$0 - 第{ 1 }条测试用例开始执行
2021-10-27 19:39:31.150 [main-112] INFO  CeshirenPOCodeSearchPageTest.startMethod - 当前用例测试执行方法为{ get_title2 }
2021-10-27 19:39:31.150 [main-118] INFO  CeshirenPOCodeSearchPageTest.lambda$null$0 - 第{ 1 }条测试用例开始执行
2021-10-27 19:39:31.156 [main-70] INFO  CeshirenPOCodeSearchPageTest.tearDown - 项目模块{ CeshirenPOCodeSearchPageTest }共执行{ 3 }条用例，测试用例开始统一断言
2021-10-27 19:39:31.156 [main-72] INFO  CeshirenPOCodeSearchPageTest.tearDown - 统一断言结束
2021-10-27 19:39:31.156 [main-73] INFO  CeshirenPOCodeSearchPageTest.tearDown - 开始释放资源
2021-10-27 19:43:57.469 [main-92] INFO  com.framework.basepage.BaseBrowser.<clinit> - 开始加载浏览器配置信息
2021-10-27 19:43:57.474 [main-101] INFO  com.framework.basepage.BaseBrowser.<clinit> - browserName=chrome
2021-10-27 19:43:57.474 [main-102] INFO  com.framework.basepage.BaseBrowser.<clinit> - terminal=pc
2021-10-27 19:43:57.475 [main-103] INFO  com.framework.basepage.BaseBrowser.<clinit> - deviceName=desktop
2021-10-27 19:43:57.476 [main-104] INFO  com.framework.basepage.BaseBrowser.<clinit> - remotePort=4444
2021-10-27 19:43:57.476 [main-105] INFO  com.framework.basepage.BaseBrowser.<clinit> - remoteIP=
2021-10-27 19:43:57.476 [main-106] INFO  com.framework.basepage.BaseBrowser.<clinit> - browserVersion=
2021-10-27 19:44:03.661 [main-110] INFO  com.framework.basedriver.BaseDriver.startBrowser - 浏览器：chrome 成功启动！
2021-10-27 19:44:03.662 [main-110] INFO  com.framework.basepage.BaseBrowser.<clinit> - 加载配置信息结束
2021-10-27 19:44:03.663 [main-48] INFO  CeshirenPOCodeSearchPageTest2.init - 项目模块{ CeshirenPOCodeSearchPageTest2 }测试用例开始执行
2021-10-27 19:44:18.914 [main-70] INFO  CeshirenPOCodeSearchPageTest2.tearDown - 项目模块{ CeshirenPOCodeSearchPageTest2 }共执行{ 0 }条用例，测试用例开始统一断言
2021-10-27 19:44:18.919 [main-72] INFO  CeshirenPOCodeSearchPageTest2.tearDown - 统一断言结束
2021-10-27 19:44:18.924 [main-48] INFO  CeshirenPOCodeSearchPageTest.init - 项目模块{ CeshirenPOCodeSearchPageTest }测试用例开始执行
2021-10-27 19:44:23.992 [main-112] INFO  CeshirenPOCodeSearchPageTest.startMethod - 当前用例测试执行方法为{ get_first_title }
2021-10-27 19:44:23.993 [main-118] INFO  CeshirenPOCodeSearchPageTest.lambda$null$0 - 第{ 1 }条测试用例开始执行
2021-10-27 19:44:26.276 [main-83] INFO  com.framework.basetest.BaseTestCaseExcutor.lambda$null$5 - 测试用例执行结果为{ 中高级测试开发「名企定向」培养计划，内推 BAT 大厂，还有万元奖学金等你拿！ }
2021-10-27 19:44:26.279 [main-110] INFO  com.framework.basetest.BaseTestCaseExcutor.lambda$null$4 - 用例开始添加断言内容
2021-10-27 19:44:26.280 [main-111] INFO  com.framework.basetest.BaseTestCaseExcutor.lambda$null$4 - 实际结果为{ 中高级测试开发「名企定向」培养计划，内推 BAT 大厂，还有万元奖学金等你拿！ }
2021-10-27 19:44:26.281 [main-112] INFO  com.framework.basetest.BaseTestCaseExcutor.lambda$null$4 - 期望结果包含字段{ 名企 }
2021-10-27 19:44:26.281 [main-114] INFO  com.framework.basetest.BaseTestCaseExcutor.lambda$null$4 - 添加断言结束
2021-10-27 19:44:26.282 [main-118] INFO  CeshirenPOCodeSearchPageTest.lambda$null$0 - 第{ 2 }条测试用例开始执行
2021-10-27 19:44:28.244 [main-83] INFO  com.framework.basetest.BaseTestCaseExcutor.lambda$null$5 - 测试用例执行结果为{ 中高级测试开发「名企定向」培养计划，内推 BAT 大厂，还有万元奖学金等你拿！ }
2021-10-27 19:44:28.254 [main-110] INFO  com.framework.basetest.BaseTestCaseExcutor.lambda$null$4 - 用例开始添加断言内容
2021-10-27 19:44:28.259 [main-111] INFO  com.framework.basetest.BaseTestCaseExcutor.lambda$null$4 - 实际结果为{ 中高级测试开发「名企定向」培养计划，内推 BAT 大厂，还有万元奖学金等你拿！ }
2021-10-27 19:44:28.260 [main-112] INFO  com.framework.basetest.BaseTestCaseExcutor.lambda$null$4 - 期望结果包含字段{ 名企 }
2021-10-27 19:44:28.274 [main-114] INFO  com.framework.basetest.BaseTestCaseExcutor.lambda$null$4 - 添加断言结束
2021-10-27 19:44:28.279 [main-123] INFO  CeshirenPOCodeSearchPageTest.startMethod - 方法{ get_first_title }测试用例执行结束
2021-10-27 19:44:33.352 [main-112] INFO  CeshirenPOCodeSearchPageTest.startMethod - 当前用例测试执行方法为{ get_title2 }
2021-10-27 19:44:33.355 [main-118] INFO  CeshirenPOCodeSearchPageTest.lambda$null$0 - 第{ 1 }条测试用例开始执行
2021-10-27 19:44:33.939 [main-83] INFO  com.framework.basetest.BaseTestCaseExcutor.lambda$null$5 - 测试用例执行结果为{ 新闻 }
2021-10-27 19:44:33.940 [main-116] INFO  com.framework.basetest.BaseTestCaseExcutor.lambda$null$4 - 用例开始添加断言内容
2021-10-27 19:44:33.940 [main-117] INFO  com.framework.basetest.BaseTestCaseExcutor.lambda$null$4 - 实际结果为{ 新闻 }
2021-10-27 19:44:33.941 [main-118] INFO  com.framework.basetest.BaseTestCaseExcutor.lambda$null$4 - 期望结果为{ 新闻 }
2021-10-27 19:44:33.941 [main-120] INFO  com.framework.basetest.BaseTestCaseExcutor.lambda$null$4 - 添加断言结束
2021-10-27 19:44:33.942 [main-123] INFO  CeshirenPOCodeSearchPageTest.startMethod - 方法{ get_title2 }测试用例执行结束
2021-10-27 19:44:33.947 [main-70] INFO  CeshirenPOCodeSearchPageTest.tearDown - 项目模块{ CeshirenPOCodeSearchPageTest }共执行{ 3 }条用例，测试用例开始统一断言
2021-10-27 19:44:33.954 [main-72] INFO  CeshirenPOCodeSearchPageTest.tearDown - 统一断言结束
2021-10-27 19:45:53.961 [main-92] INFO  com.framework.basepage.BaseBrowser.<clinit> - 开始加载浏览器配置信息
2021-10-27 19:45:53.966 [main-101] INFO  com.framework.basepage.BaseBrowser.<clinit> - browserName=chrome
2021-10-27 19:45:53.966 [main-102] INFO  com.framework.basepage.BaseBrowser.<clinit> - terminal=pc
2021-10-27 19:45:53.966 [main-103] INFO  com.framework.basepage.BaseBrowser.<clinit> - deviceName=desktop
2021-10-27 19:45:53.966 [main-104] INFO  com.framework.basepage.BaseBrowser.<clinit> - remotePort=4444
2021-10-27 19:45:53.967 [main-105] INFO  com.framework.basepage.BaseBrowser.<clinit> - remoteIP=
2021-10-27 19:45:53.967 [main-106] INFO  com.framework.basepage.BaseBrowser.<clinit> - browserVersion=
2021-10-27 19:45:59.809 [main-110] INFO  com.framework.basedriver.BaseDriver.startBrowser - 浏览器：chrome 成功启动！
2021-10-27 19:45:59.809 [main-110] INFO  com.framework.basepage.BaseBrowser.<clinit> - 加载配置信息结束
2021-10-27 19:45:59.810 [main-48] INFO  CeshirenPOCodeSearchPageTest2.init - 项目模块{ CeshirenPOCodeSearchPageTest2 }测试用例开始执行
2021-10-27 19:46:10.028 [main-70] INFO  CeshirenPOCodeSearchPageTest2.tearDown - 项目模块{ CeshirenPOCodeSearchPageTest2 }共执行{ 0 }条用例，测试用例开始统一断言
2021-10-27 19:46:10.033 [main-72] INFO  CeshirenPOCodeSearchPageTest2.tearDown - 统一断言结束
2021-10-27 19:48:38.405 [main-92] INFO  com.framework.basepage.BaseBrowser.<clinit> - 开始加载浏览器配置信息
2021-10-27 19:48:38.409 [main-101] INFO  com.framework.basepage.BaseBrowser.<clinit> - browserName=chrome
2021-10-27 19:48:38.410 [main-102] INFO  com.framework.basepage.BaseBrowser.<clinit> - terminal=pc
2021-10-27 19:48:38.410 [main-103] INFO  com.framework.basepage.BaseBrowser.<clinit> - deviceName=desktop
2021-10-27 19:48:38.410 [main-104] INFO  com.framework.basepage.BaseBrowser.<clinit> - remotePort=4444
2021-10-27 19:48:38.411 [main-105] INFO  com.framework.basepage.BaseBrowser.<clinit> - remoteIP=
2021-10-27 19:48:38.411 [main-106] INFO  com.framework.basepage.BaseBrowser.<clinit> - browserVersion=
2021-10-27 19:48:44.272 [main-110] INFO  com.framework.basedriver.BaseDriver.startBrowser - 浏览器：chrome 成功启动！
2021-10-27 19:48:44.273 [main-110] INFO  com.framework.basepage.BaseBrowser.<clinit> - 加载配置信息结束
2021-10-27 19:48:44.273 [main-48] INFO  CeshirenPOCodeSearchPageTest2.init - 项目模块{ CeshirenPOCodeSearchPageTest2 }测试用例开始执行
2021-10-27 19:48:54.488 [main-70] INFO  CeshirenPOCodeSearchPageTest2.tearDown - 项目模块{ CeshirenPOCodeSearchPageTest2 }共执行{ 0 }条用例，测试用例开始统一断言
2021-10-27 19:48:54.493 [main-72] INFO  CeshirenPOCodeSearchPageTest2.tearDown - 统一断言结束
2021-10-27 19:50:00.331 [main-92] INFO  com.framework.basepage.BaseBrowser.<clinit> - 开始加载浏览器配置信息
2021-10-27 19:50:00.336 [main-101] INFO  com.framework.basepage.BaseBrowser.<clinit> - browserName=chrome
2021-10-27 19:50:00.336 [main-102] INFO  com.framework.basepage.BaseBrowser.<clinit> - terminal=pc
2021-10-27 19:50:00.337 [main-103] INFO  com.framework.basepage.BaseBrowser.<clinit> - deviceName=desktop
2021-10-27 19:50:00.337 [main-104] INFO  com.framework.basepage.BaseBrowser.<clinit> - remotePort=4444
2021-10-27 19:50:00.337 [main-105] INFO  com.framework.basepage.BaseBrowser.<clinit> - remoteIP=
2021-10-27 19:50:00.337 [main-106] INFO  com.framework.basepage.BaseBrowser.<clinit> - browserVersion=
2021-10-27 19:50:06.029 [main-110] INFO  com.framework.basedriver.BaseDriver.startBrowser - 浏览器：chrome 成功启动！
2021-10-27 19:50:06.030 [main-110] INFO  com.framework.basepage.BaseBrowser.<clinit> - 加载配置信息结束
2021-10-27 19:50:06.031 [main-48] INFO  CeshirenPOCodeSearchPageTest.init - 项目模块{ CeshirenPOCodeSearchPageTest }测试用例开始执行
2021-10-27 19:50:16.220 [main-112] INFO  CeshirenPOCodeSearchPageTest.startMethod - 当前用例测试执行方法为{ get_first_title }
2021-10-27 19:50:16.221 [main-118] INFO  CeshirenPOCodeSearchPageTest.lambda$null$0 - 第{ 1 }条测试用例开始执行
2021-10-27 19:50:18.507 [main-83] INFO  com.framework.basetest.BaseTestCaseExcutor.lambda$null$5 - 测试用例执行结果为{ 中高级测试开发「名企定向」培养计划，内推 BAT 大厂，还有万元奖学金等你拿！ }
2021-10-27 19:50:18.508 [main-110] INFO  com.framework.basetest.BaseTestCaseExcutor.lambda$null$4 - 用例开始添加断言内容
2021-10-27 19:50:18.509 [main-111] INFO  com.framework.basetest.BaseTestCaseExcutor.lambda$null$4 - 实际结果为{ 中高级测试开发「名企定向」培养计划，内推 BAT 大厂，还有万元奖学金等你拿！ }
2021-10-27 19:50:18.509 [main-112] INFO  com.framework.basetest.BaseTestCaseExcutor.lambda$null$4 - 期望结果包含字段{ 名企 }
2021-10-27 19:50:18.510 [main-114] INFO  com.framework.basetest.BaseTestCaseExcutor.lambda$null$4 - 添加断言结束
2021-10-27 19:50:18.510 [main-118] INFO  CeshirenPOCodeSearchPageTest.lambda$null$0 - 第{ 2 }条测试用例开始执行
2021-10-27 19:50:20.384 [main-83] INFO  com.framework.basetest.BaseTestCaseExcutor.lambda$null$5 - 测试用例执行结果为{ 中高级测试开发「名企定向」培养计划，内推 BAT 大厂，还有万元奖学金等你拿！ }
2021-10-27 19:50:20.391 [main-110] INFO  com.framework.basetest.BaseTestCaseExcutor.lambda$null$4 - 用例开始添加断言内容
2021-10-27 19:50:20.391 [main-111] INFO  com.framework.basetest.BaseTestCaseExcutor.lambda$null$4 - 实际结果为{ 中高级测试开发「名企定向」培养计划，内推 BAT 大厂，还有万元奖学金等你拿！ }
2021-10-27 19:50:20.405 [main-112] INFO  com.framework.basetest.BaseTestCaseExcutor.lambda$null$4 - 期望结果包含字段{ 名企 }
2021-10-27 19:50:20.406 [main-114] INFO  com.framework.basetest.BaseTestCaseExcutor.lambda$null$4 - 添加断言结束
2021-10-27 19:50:20.420 [main-123] INFO  CeshirenPOCodeSearchPageTest.startMethod - 方法{ get_first_title }测试用例执行结束
2021-10-27 19:50:20.519 [main-70] INFO  CeshirenPOCodeSearchPageTest.tearDown - 项目模块{ CeshirenPOCodeSearchPageTest }共执行{ 2 }条用例，测试用例开始统一断言
2021-10-27 19:50:20.536 [main-72] INFO  CeshirenPOCodeSearchPageTest.tearDown - 统一断言结束
2021-10-27 20:02:17.097 [main-92] INFO  com.framework.basepage.BaseBrowser.<clinit> - 开始加载浏览器配置信息
2021-10-27 20:02:17.102 [main-101] INFO  com.framework.basepage.BaseBrowser.<clinit> - browserName=chrome
2021-10-27 20:02:17.102 [main-102] INFO  com.framework.basepage.BaseBrowser.<clinit> - terminal=pc
2021-10-27 20:02:17.102 [main-103] INFO  com.framework.basepage.BaseBrowser.<clinit> - deviceName=desktop
2021-10-27 20:02:17.103 [main-104] INFO  com.framework.basepage.BaseBrowser.<clinit> - remotePort=4444
2021-10-27 20:02:17.103 [main-105] INFO  com.framework.basepage.BaseBrowser.<clinit> - remoteIP=
2021-10-27 20:02:17.103 [main-106] INFO  com.framework.basepage.BaseBrowser.<clinit> - browserVersion=
2021-10-27 20:02:19.095 [main-110] INFO  com.framework.basedriver.BaseDriver.startBrowser - 浏览器：chrome 成功启动！
2021-10-27 20:02:19.096 [main-110] INFO  com.framework.basepage.BaseBrowser.<clinit> - 加载配置信息结束
2021-10-27 20:02:19.098 [main-49] INFO  CeshirenPOCodeSearchPageTest2.init - 项目模块{ CeshirenPOCodeSearchPageTest2 }测试用例开始执行
2021-10-27 20:02:34.403 [main-74] INFO  CeshirenPOCodeSearchPageTest2.tearDown - 项目模块{ CeshirenPOCodeSearchPageTest2 }共执行{ 0 }条用例，测试用例开始统一断言
2021-10-27 20:02:34.407 [main-76] INFO  CeshirenPOCodeSearchPageTest2.tearDown - 统一断言结束
2021-10-27 20:02:34.408 [main-77] INFO  CeshirenPOCodeSearchPageTest2.tearDown - 开始释放资源
2021-10-27 20:02:37.534 [main-146] INFO  com.framework.basedriver.BaseDriver.closeBrowser - chrome浏览器已成功关闭！
2021-10-27 20:02:37.536 [main-81] INFO  CeshirenPOCodeSearchPageTest2.tearDown - 释放资源结束
2021-10-27 20:02:37.543 [main-49] INFO  CeshirenPOCodeSearchPageTest.init - 项目模块{ CeshirenPOCodeSearchPageTest }测试用例开始执行
2021-10-27 20:02:42.613 [main-118] INFO  CeshirenPOCodeSearchPageTest.startMethod - 当前用例测试执行方法为{ get_first_title }
2021-10-27 20:02:42.614 [main-124] INFO  CeshirenPOCodeSearchPageTest.lambda$null$0 - 第{ 1 }条测试用例开始执行
2021-10-27 20:02:47.653 [main-118] INFO  CeshirenPOCodeSearchPageTest.startMethod - 当前用例测试执行方法为{ get_title2 }
2021-10-27 20:02:47.653 [main-124] INFO  CeshirenPOCodeSearchPageTest.lambda$null$0 - 第{ 1 }条测试用例开始执行
2021-10-27 20:02:47.659 [main-75] INFO  CeshirenPOCodeSearchPageTest.tearDown - 项目模块{ CeshirenPOCodeSearchPageTest }共执行{ 3 }条用例，测试用例开始统一断言
2021-10-27 20:02:47.659 [main-77] INFO  CeshirenPOCodeSearchPageTest.tearDown - 统一断言结束
2021-10-27 20:02:47.659 [main-78] INFO  CeshirenPOCodeSearchPageTest.tearDown - 开始释放资源
2021-10-27 20:05:38.882 [main-116] INFO  com.framework.basepage.BaseBrowser.<clinit> - 开始加载浏览器配置信息
2021-10-27 20:05:38.886 [main-125] INFO  com.framework.basepage.BaseBrowser.<clinit> - browserName=chrome
2021-10-27 20:05:38.886 [main-126] INFO  com.framework.basepage.BaseBrowser.<clinit> - terminal=pc
2021-10-27 20:05:38.886 [main-127] INFO  com.framework.basepage.BaseBrowser.<clinit> - deviceName=desktop
2021-10-27 20:05:38.887 [main-128] INFO  com.framework.basepage.BaseBrowser.<clinit> - remotePort=4444
2021-10-27 20:05:38.887 [main-129] INFO  com.framework.basepage.BaseBrowser.<clinit> - remoteIP=
2021-10-27 20:05:38.887 [main-130] INFO  com.framework.basepage.BaseBrowser.<clinit> - browserVersion=
2021-10-27 20:05:40.715 [main-110] INFO  com.framework.basedriver.BaseDriver.startBrowser - 浏览器：chrome 成功启动！
2021-10-27 20:05:40.715 [main-134] INFO  com.framework.basepage.BaseBrowser.<clinit> - 加载配置信息结束
2021-10-27 20:05:40.716 [main-49] INFO  CeshirenPOCodeSearchPageTest2.init - 项目模块{ CeshirenPOCodeSearchPageTest2 }测试用例开始执行
2021-10-27 20:05:40.717 [main-65] INFO  com.framework.basepage.BaseBrowser.<init> - 开始加载浏览器配置信息
2021-10-27 20:05:40.717 [main-74] INFO  com.framework.basepage.BaseBrowser.<init> - browserName=chrome
2021-10-27 20:05:40.717 [main-75] INFO  com.framework.basepage.BaseBrowser.<init> - terminal=pc
2021-10-27 20:05:40.717 [main-76] INFO  com.framework.basepage.BaseBrowser.<init> - deviceName=desktop
2021-10-27 20:05:40.718 [main-77] INFO  com.framework.basepage.BaseBrowser.<init> - remotePort=4444
2021-10-27 20:05:40.718 [main-78] INFO  com.framework.basepage.BaseBrowser.<init> - remoteIP=
2021-10-27 20:05:40.718 [main-79] INFO  com.framework.basepage.BaseBrowser.<init> - browserVersion=
2021-10-27 20:05:42.313 [main-110] INFO  com.framework.basedriver.BaseDriver.startBrowser - 浏览器：chrome 成功启动！
2021-10-27 20:05:42.314 [main-83] INFO  com.framework.basepage.BaseBrowser.<init> - 加载配置信息结束
2021-10-27 20:05:57.562 [main-74] INFO  CeshirenPOCodeSearchPageTest2.tearDown - 项目模块{ CeshirenPOCodeSearchPageTest2 }共执行{ 0 }条用例，测试用例开始统一断言
2021-10-27 20:05:57.566 [main-76] INFO  CeshirenPOCodeSearchPageTest2.tearDown - 统一断言结束
2021-10-27 20:05:57.566 [main-77] INFO  CeshirenPOCodeSearchPageTest2.tearDown - 开始释放资源
2021-10-27 20:06:00.675 [main-146] INFO  com.framework.basedriver.BaseDriver.closeBrowser - chrome浏览器已成功关闭！
2021-10-27 20:06:00.676 [main-81] INFO  CeshirenPOCodeSearchPageTest2.tearDown - 释放资源结束
2021-10-27 20:06:00.682 [main-49] INFO  CeshirenPOCodeSearchPageTest.init - 项目模块{ CeshirenPOCodeSearchPageTest }测试用例开始执行
2021-10-27 20:06:00.682 [main-65] INFO  com.framework.basepage.BaseBrowser.<init> - 开始加载浏览器配置信息
2021-10-27 20:06:00.683 [main-74] INFO  com.framework.basepage.BaseBrowser.<init> - browserName=chrome
2021-10-27 20:06:00.683 [main-75] INFO  com.framework.basepage.BaseBrowser.<init> - terminal=pc
2021-10-27 20:06:00.683 [main-76] INFO  com.framework.basepage.BaseBrowser.<init> - deviceName=desktop
2021-10-27 20:06:00.684 [main-77] INFO  com.framework.basepage.BaseBrowser.<init> - remotePort=4444
2021-10-27 20:06:00.684 [main-78] INFO  com.framework.basepage.BaseBrowser.<init> - remoteIP=
2021-10-27 20:06:00.684 [main-79] INFO  com.framework.basepage.BaseBrowser.<init> - browserVersion=
2021-10-27 20:06:01.757 [main-110] INFO  com.framework.basedriver.BaseDriver.startBrowser - 浏览器：chrome 成功启动！
2021-10-27 20:06:01.758 [main-83] INFO  com.framework.basepage.BaseBrowser.<init> - 加载配置信息结束
2021-10-27 20:06:01.781 [main-65] INFO  com.framework.basepage.BaseBrowser.<init> - 开始加载浏览器配置信息
2021-10-27 20:06:01.781 [main-74] INFO  com.framework.basepage.BaseBrowser.<init> - browserName=chrome
2021-10-27 20:06:01.782 [main-75] INFO  com.framework.basepage.BaseBrowser.<init> - terminal=pc
2021-10-27 20:06:01.782 [main-76] INFO  com.framework.basepage.BaseBrowser.<init> - deviceName=desktop
2021-10-27 20:06:01.782 [main-77] INFO  com.framework.basepage.BaseBrowser.<init> - remotePort=4444
2021-10-27 20:06:01.782 [main-78] INFO  com.framework.basepage.BaseBrowser.<init> - remoteIP=
2021-10-27 20:06:01.783 [main-79] INFO  com.framework.basepage.BaseBrowser.<init> - browserVersion=
2021-10-27 20:06:03.023 [main-110] INFO  com.framework.basedriver.BaseDriver.startBrowser - 浏览器：chrome 成功启动！
2021-10-27 20:06:03.026 [main-83] INFO  com.framework.basepage.BaseBrowser.<init> - 加载配置信息结束
2021-10-27 20:06:08.058 [main-118] INFO  CeshirenPOCodeSearchPageTest.startMethod - 当前用例测试执行方法为{ get_first_title }
2021-10-27 20:06:08.059 [main-124] INFO  CeshirenPOCodeSearchPageTest.lambda$null$0 - 第{ 1 }条测试用例开始执行
2021-10-27 20:06:08.061 [main-65] INFO  com.framework.basepage.BaseBrowser.<init> - 开始加载浏览器配置信息
2021-10-27 20:06:08.062 [main-74] INFO  com.framework.basepage.BaseBrowser.<init> - browserName=chrome
2021-10-27 20:06:08.062 [main-75] INFO  com.framework.basepage.BaseBrowser.<init> - terminal=pc
2021-10-27 20:06:08.063 [main-76] INFO  com.framework.basepage.BaseBrowser.<init> - deviceName=desktop
2021-10-27 20:06:08.064 [main-77] INFO  com.framework.basepage.BaseBrowser.<init> - remotePort=4444
2021-10-27 20:06:08.064 [main-78] INFO  com.framework.basepage.BaseBrowser.<init> - remoteIP=
2021-10-27 20:06:08.065 [main-79] INFO  com.framework.basepage.BaseBrowser.<init> - browserVersion=
2021-10-27 20:06:09.191 [main-110] INFO  com.framework.basedriver.BaseDriver.startBrowser - 浏览器：chrome 成功启动！
2021-10-27 20:06:09.193 [main-83] INFO  com.framework.basepage.BaseBrowser.<init> - 加载配置信息结束
2021-10-27 20:06:11.710 [main-83] INFO  com.framework.basetest.BaseTestCaseExcutor.lambda$null$5 - 测试用例执行结果为{ 中高级测试开发「名企定向」培养计划，内推 BAT 大厂，还有万元奖学金等你拿！ }
2021-10-27 20:06:11.711 [main-110] INFO  com.framework.basetest.BaseTestCaseExcutor.lambda$null$4 - 用例开始添加断言内容
2021-10-27 20:06:11.711 [main-111] INFO  com.framework.basetest.BaseTestCaseExcutor.lambda$null$4 - 实际结果为{ 中高级测试开发「名企定向」培养计划，内推 BAT 大厂，还有万元奖学金等你拿！ }
2021-10-27 20:06:11.712 [main-112] INFO  com.framework.basetest.BaseTestCaseExcutor.lambda$null$4 - 期望结果包含字段{ 名企 }
2021-10-27 20:06:11.712 [main-114] INFO  com.framework.basetest.BaseTestCaseExcutor.lambda$null$4 - 添加断言结束
2021-10-27 20:06:11.713 [main-124] INFO  CeshirenPOCodeSearchPageTest.lambda$null$0 - 第{ 2 }条测试用例开始执行
2021-10-27 20:06:11.713 [main-65] INFO  com.framework.basepage.BaseBrowser.<init> - 开始加载浏览器配置信息
2021-10-27 20:06:11.714 [main-74] INFO  com.framework.basepage.BaseBrowser.<init> - browserName=chrome
2021-10-27 20:06:11.714 [main-75] INFO  com.framework.basepage.BaseBrowser.<init> - terminal=pc
2021-10-27 20:06:11.715 [main-76] INFO  com.framework.basepage.BaseBrowser.<init> - deviceName=desktop
2021-10-27 20:06:11.715 [main-77] INFO  com.framework.basepage.BaseBrowser.<init> - remotePort=4444
2021-10-27 20:06:11.716 [main-78] INFO  com.framework.basepage.BaseBrowser.<init> - remoteIP=
2021-10-27 20:06:11.716 [main-79] INFO  com.framework.basepage.BaseBrowser.<init> - browserVersion=
2021-10-27 20:06:12.940 [main-110] INFO  com.framework.basedriver.BaseDriver.startBrowser - 浏览器：chrome 成功启动！
2021-10-27 20:06:12.940 [main-83] INFO  com.framework.basepage.BaseBrowser.<init> - 加载配置信息结束
2021-10-27 20:06:14.918 [main-83] INFO  com.framework.basetest.BaseTestCaseExcutor.lambda$null$5 - 测试用例执行结果为{ 中高级测试开发「名企定向」培养计划，内推 BAT 大厂，还有万元奖学金等你拿！ }
2021-10-27 20:06:14.930 [main-110] INFO  com.framework.basetest.BaseTestCaseExcutor.lambda$null$4 - 用例开始添加断言内容
2021-10-27 20:06:14.948 [main-111] INFO  com.framework.basetest.BaseTestCaseExcutor.lambda$null$4 - 实际结果为{ 中高级测试开发「名企定向」培养计划，内推 BAT 大厂，还有万元奖学金等你拿！ }
2021-10-27 20:06:14.949 [main-112] INFO  com.framework.basetest.BaseTestCaseExcutor.lambda$null$4 - 期望结果包含字段{ 名企 }
2021-10-27 20:06:14.964 [main-114] INFO  com.framework.basetest.BaseTestCaseExcutor.lambda$null$4 - 添加断言结束
2021-10-27 20:06:14.965 [main-129] INFO  CeshirenPOCodeSearchPageTest.startMethod - 方法{ get_first_title }测试用例执行结束
2021-10-27 20:06:15.067 [main-65] INFO  com.framework.basepage.BaseBrowser.<init> - 开始加载浏览器配置信息
2021-10-27 20:06:15.075 [main-74] INFO  com.framework.basepage.BaseBrowser.<init> - browserName=chrome
2021-10-27 20:06:15.092 [main-75] INFO  com.framework.basepage.BaseBrowser.<init> - terminal=pc
2021-10-27 20:06:15.105 [main-76] INFO  com.framework.basepage.BaseBrowser.<init> - deviceName=desktop
2021-10-27 20:06:15.128 [main-77] INFO  com.framework.basepage.BaseBrowser.<init> - remotePort=4444
2021-10-27 20:06:15.142 [main-78] INFO  com.framework.basepage.BaseBrowser.<init> - remoteIP=
2021-10-27 20:06:15.168 [main-79] INFO  com.framework.basepage.BaseBrowser.<init> - browserVersion=
2021-10-27 20:06:16.525 [main-110] INFO  com.framework.basedriver.BaseDriver.startBrowser - 浏览器：chrome 成功启动！
2021-10-27 20:06:16.525 [main-83] INFO  com.framework.basepage.BaseBrowser.<init> - 加载配置信息结束
2021-10-27 20:06:21.536 [main-118] INFO  CeshirenPOCodeSearchPageTest.startMethod - 当前用例测试执行方法为{ get_title2 }
2021-10-27 20:06:21.537 [main-124] INFO  CeshirenPOCodeSearchPageTest.lambda$null$0 - 第{ 1 }条测试用例开始执行
2021-10-27 20:06:21.537 [main-65] INFO  com.framework.basepage.BaseBrowser.<init> - 开始加载浏览器配置信息
2021-10-27 20:06:21.537 [main-74] INFO  com.framework.basepage.BaseBrowser.<init> - browserName=chrome
2021-10-27 20:06:21.538 [main-75] INFO  com.framework.basepage.BaseBrowser.<init> - terminal=pc
2021-10-27 20:06:21.538 [main-76] INFO  com.framework.basepage.BaseBrowser.<init> - deviceName=desktop
2021-10-27 20:06:21.538 [main-77] INFO  com.framework.basepage.BaseBrowser.<init> - remotePort=4444
2021-10-27 20:06:21.539 [main-78] INFO  com.framework.basepage.BaseBrowser.<init> - remoteIP=
2021-10-27 20:06:21.539 [main-79] INFO  com.framework.basepage.BaseBrowser.<init> - browserVersion=
2021-10-27 20:06:22.806 [main-110] INFO  com.framework.basedriver.BaseDriver.startBrowser - 浏览器：chrome 成功启动！
2021-10-27 20:06:22.807 [main-83] INFO  com.framework.basepage.BaseBrowser.<init> - 加载配置信息结束
2021-10-27 20:06:23.417 [main-83] INFO  com.framework.basetest.BaseTestCaseExcutor.lambda$null$5 - 测试用例执行结果为{ 新闻 }
2021-10-27 20:06:23.418 [main-116] INFO  com.framework.basetest.BaseTestCaseExcutor.lambda$null$4 - 用例开始添加断言内容
2021-10-27 20:06:23.419 [main-117] INFO  com.framework.basetest.BaseTestCaseExcutor.lambda$null$4 - 实际结果为{ 新闻 }
2021-10-27 20:06:23.420 [main-118] INFO  com.framework.basetest.BaseTestCaseExcutor.lambda$null$4 - 期望结果为{ 新闻 }
2021-10-27 20:06:23.421 [main-120] INFO  com.framework.basetest.BaseTestCaseExcutor.lambda$null$4 - 添加断言结束
2021-10-27 20:06:23.421 [main-129] INFO  CeshirenPOCodeSearchPageTest.startMethod - 方法{ get_title2 }测试用例执行结束
2021-10-27 20:06:23.425 [main-75] INFO  CeshirenPOCodeSearchPageTest.tearDown - 项目模块{ CeshirenPOCodeSearchPageTest }共执行{ 3 }条用例，测试用例开始统一断言
2021-10-27 20:06:23.431 [main-77] INFO  CeshirenPOCodeSearchPageTest.tearDown - 统一断言结束
2021-10-27 20:06:23.431 [main-78] INFO  CeshirenPOCodeSearchPageTest.tearDown - 开始释放资源
2021-10-27 20:06:26.544 [main-146] INFO  com.framework.basedriver.BaseDriver.closeBrowser - chrome浏览器已成功关闭！
2021-10-27 20:06:26.545 [main-82] INFO  CeshirenPOCodeSearchPageTest.tearDown - 释放资源结束
======================================================================


2021-10-27 20:11:56.671 [main-125] INFO  com.framework.basepage.BaseBrowser.<clinit> - 开始加载浏览器配置信息
2021-10-27 20:11:56.675 [main-134] INFO  com.framework.basepage.BaseBrowser.<clinit> - browserName=chrome
2021-10-27 20:11:56.675 [main-135] INFO  com.framework.basepage.BaseBrowser.<clinit> - terminal=pc
2021-10-27 20:11:56.676 [main-136] INFO  com.framework.basepage.BaseBrowser.<clinit> - deviceName=desktop
2021-10-27 20:11:56.676 [main-137] INFO  com.framework.basepage.BaseBrowser.<clinit> - remotePort=4444
2021-10-27 20:11:56.676 [main-138] INFO  com.framework.basepage.BaseBrowser.<clinit> - remoteIP=
2021-10-27 20:11:56.676 [main-139] INFO  com.framework.basepage.BaseBrowser.<clinit> - browserVersion=
2021-10-27 20:11:58.521 [main-110] INFO  com.framework.basedriver.BaseDriver.startBrowser - 浏览器：chrome 成功启动！
2021-10-27 20:11:58.521 [main-143] INFO  com.framework.basepage.BaseBrowser.<clinit> - 加载配置信息结束
2021-10-27 20:11:58.523 [main-49] INFO  CeshirenPOCodeSearchPageTest2.init - 项目模块{ CeshirenPOCodeSearchPageTest2 }测试用例开始执行
2021-10-27 20:11:58.523 [main-73] INFO  com.framework.basepage.BaseBrowser.<init> - 开始加载浏览器配置信息
2021-10-27 20:11:58.523 [main-82] INFO  com.framework.basepage.BaseBrowser.<init> - browserName=chrome
2021-10-27 20:11:58.524 [main-83] INFO  com.framework.basepage.BaseBrowser.<init> - terminal=pc
2021-10-27 20:11:58.524 [main-84] INFO  com.framework.basepage.BaseBrowser.<init> - deviceName=desktop
2021-10-27 20:11:58.524 [main-85] INFO  com.framework.basepage.BaseBrowser.<init> - remotePort=4444
2021-10-27 20:11:58.524 [main-86] INFO  com.framework.basepage.BaseBrowser.<init> - remoteIP=
2021-10-27 20:11:58.524 [main-87] INFO  com.framework.basepage.BaseBrowser.<init> - browserVersion=
2021-10-27 20:11:59.922 [main-110] INFO  com.framework.basedriver.BaseDriver.startBrowser - 浏览器：chrome 成功启动！
2021-10-27 20:11:59.934 [main-91] INFO  com.framework.basepage.BaseBrowser.<init> - 加载配置信息结束
2021-10-27 20:12:15.278 [main-74] INFO  CeshirenPOCodeSearchPageTest2.tearDown - 项目模块{ CeshirenPOCodeSearchPageTest2 }共执行{ 0 }条用例，测试用例开始统一断言
2021-10-27 20:12:15.282 [main-76] INFO  CeshirenPOCodeSearchPageTest2.tearDown - 统一断言结束
2021-10-27 20:12:15.282 [main-77] INFO  CeshirenPOCodeSearchPageTest2.tearDown - 开始释放资源
2021-10-27 20:12:18.390 [main-146] INFO  com.framework.basedriver.BaseDriver.closeBrowser - chrome浏览器已成功关闭！
2021-10-27 20:12:18.390 [main-81] INFO  CeshirenPOCodeSearchPageTest2.tearDown - 释放资源结束
2021-10-27 20:12:18.396 [main-49] INFO  CeshirenPOCodeSearchPageTest.init - 项目模块{ CeshirenPOCodeSearchPageTest }测试用例开始执行
2021-10-27 20:12:18.397 [main-73] INFO  com.framework.basepage.BaseBrowser.<init> - 开始加载浏览器配置信息
2021-10-27 20:12:18.397 [main-82] INFO  com.framework.basepage.BaseBrowser.<init> - browserName=chrome
2021-10-27 20:12:18.398 [main-83] INFO  com.framework.basepage.BaseBrowser.<init> - terminal=pc
2021-10-27 20:12:18.398 [main-84] INFO  com.framework.basepage.BaseBrowser.<init> - deviceName=desktop
2021-10-27 20:12:18.399 [main-85] INFO  com.framework.basepage.BaseBrowser.<init> - remotePort=4444
2021-10-27 20:12:18.399 [main-86] INFO  com.framework.basepage.BaseBrowser.<init> - remoteIP=
2021-10-27 20:12:18.399 [main-87] INFO  com.framework.basepage.BaseBrowser.<init> - browserVersion=
2021-10-27 20:12:19.552 [main-110] INFO  com.framework.basedriver.BaseDriver.startBrowser - 浏览器：chrome 成功启动！
2021-10-27 20:12:19.552 [main-91] INFO  com.framework.basepage.BaseBrowser.<init> - 加载配置信息结束
2021-10-27 20:12:24.606 [main-118] INFO  CeshirenPOCodeSearchPageTest.startMethod - 当前用例测试执行方法为{ get_first_title }
2021-10-27 20:12:24.606 [main-124] INFO  CeshirenPOCodeSearchPageTest.lambda$null$0 - 第{ 1 }条测试用例开始执行
2021-10-27 20:12:27.067 [main-83] INFO  com.framework.basetest.BaseTestCaseExcutor.lambda$null$5 - 测试用例执行结果为{ 中高级测试开发「名企定向」培养计划，内推 BAT 大厂，还有万元奖学金等你拿！ }
2021-10-27 20:12:27.068 [main-110] INFO  com.framework.basetest.BaseTestCaseExcutor.lambda$null$4 - 用例开始添加断言内容
2021-10-27 20:12:27.068 [main-111] INFO  com.framework.basetest.BaseTestCaseExcutor.lambda$null$4 - 实际结果为{ 中高级测试开发「名企定向」培养计划，内推 BAT 大厂，还有万元奖学金等你拿！ }
2021-10-27 20:12:27.069 [main-112] INFO  com.framework.basetest.BaseTestCaseExcutor.lambda$null$4 - 期望结果包含字段{ 名企 }
2021-10-27 20:12:27.070 [main-114] INFO  com.framework.basetest.BaseTestCaseExcutor.lambda$null$4 - 添加断言结束
2021-10-27 20:12:27.070 [main-124] INFO  CeshirenPOCodeSearchPageTest.lambda$null$0 - 第{ 2 }条测试用例开始执行
2021-10-27 20:12:28.964 [main-83] INFO  com.framework.basetest.BaseTestCaseExcutor.lambda$null$5 - 测试用例执行结果为{ 中高级测试开发「名企定向」培养计划，内推 BAT 大厂，还有万元奖学金等你拿！ }
2021-10-27 20:12:28.965 [main-110] INFO  com.framework.basetest.BaseTestCaseExcutor.lambda$null$4 - 用例开始添加断言内容
2021-10-27 20:12:28.966 [main-111] INFO  com.framework.basetest.BaseTestCaseExcutor.lambda$null$4 - 实际结果为{ 中高级测试开发「名企定向」培养计划，内推 BAT 大厂，还有万元奖学金等你拿！ }
2021-10-27 20:12:28.966 [main-112] INFO  com.framework.basetest.BaseTestCaseExcutor.lambda$null$4 - 期望结果包含字段{ 名企 }
2021-10-27 20:12:28.966 [main-114] INFO  com.framework.basetest.BaseTestCaseExcutor.lambda$null$4 - 添加断言结束
2021-10-27 20:12:28.980 [main-129] INFO  CeshirenPOCodeSearchPageTest.startMethod - 方法{ get_first_title }测试用例执行结束
2021-10-27 20:12:34.034 [main-118] INFO  CeshirenPOCodeSearchPageTest.startMethod - 当前用例测试执行方法为{ get_title2 }
2021-10-27 20:12:34.035 [main-124] INFO  CeshirenPOCodeSearchPageTest.lambda$null$0 - 第{ 1 }条测试用例开始执行
2021-10-27 20:12:34.764 [main-83] INFO  com.framework.basetest.BaseTestCaseExcutor.lambda$null$5 - 测试用例执行结果为{ 新闻 }
2021-10-27 20:12:34.765 [main-116] INFO  com.framework.basetest.BaseTestCaseExcutor.lambda$null$4 - 用例开始添加断言内容
2021-10-27 20:12:34.766 [main-117] INFO  com.framework.basetest.BaseTestCaseExcutor.lambda$null$4 - 实际结果为{ 新闻 }
2021-10-27 20:12:34.766 [main-118] INFO  com.framework.basetest.BaseTestCaseExcutor.lambda$null$4 - 期望结果为{ 新闻 }
2021-10-27 20:12:34.766 [main-120] INFO  com.framework.basetest.BaseTestCaseExcutor.lambda$null$4 - 添加断言结束
2021-10-27 20:12:34.767 [main-129] INFO  CeshirenPOCodeSearchPageTest.startMethod - 方法{ get_title2 }测试用例执行结束
2021-10-27 20:12:34.770 [main-75] INFO  CeshirenPOCodeSearchPageTest.tearDown - 项目模块{ CeshirenPOCodeSearchPageTest }共执行{ 3 }条用例，测试用例开始统一断言
2021-10-27 20:12:34.775 [main-77] INFO  CeshirenPOCodeSearchPageTest.tearDown - 统一断言结束
2021-10-27 20:12:34.775 [main-78] INFO  CeshirenPOCodeSearchPageTest.tearDown - 开始释放资源
2021-10-27 20:12:37.958 [main-146] INFO  com.framework.basedriver.BaseDriver.closeBrowser - chrome浏览器已成功关闭！
2021-10-27 20:12:37.958 [main-82] INFO  CeshirenPOCodeSearchPageTest.tearDown - 释放资源结束
2021-10-27 20:58:37.868 [main-49] INFO  CeshirenPOCodeSearchPageTest.init - 项目模块{ CeshirenPOCodeSearchPageTest }测试用例开始执行
2021-10-27 20:58:37.872 [main-71] INFO  com.framework.basepage.BaseBrowser.<init> - 开始加载浏览器配置信息
2021-10-27 20:58:37.874 [main-80] INFO  com.framework.basepage.BaseBrowser.<init> - browserName=chrome
2021-10-27 20:58:37.874 [main-81] INFO  com.framework.basepage.BaseBrowser.<init> - terminal=pc
2021-10-27 20:58:37.874 [main-82] INFO  com.framework.basepage.BaseBrowser.<init> - deviceName=desktop
2021-10-27 20:58:37.874 [main-83] INFO  com.framework.basepage.BaseBrowser.<init> - remotePort=4444
2021-10-27 20:58:37.875 [main-84] INFO  com.framework.basepage.BaseBrowser.<init> - remoteIP=
2021-10-27 20:58:37.875 [main-85] INFO  com.framework.basepage.BaseBrowser.<init> - browserVersion=
2021-10-27 20:58:39.861 [main-110] INFO  com.framework.basedriver.BaseDriver.startBrowser - 浏览器：chrome 成功启动！
2021-10-27 20:58:39.862 [main-89] INFO  com.framework.basepage.BaseBrowser.<init> - 加载配置信息结束
2021-10-27 20:58:40.031 [main-71] INFO  com.framework.basepage.BaseBrowser.<init> - 开始加载浏览器配置信息
2021-10-27 20:58:40.032 [main-80] INFO  com.framework.basepage.BaseBrowser.<init> - browserName=chrome
2021-10-27 20:58:40.032 [main-81] INFO  com.framework.basepage.BaseBrowser.<init> - terminal=pc
2021-10-27 20:58:40.033 [main-82] INFO  com.framework.basepage.BaseBrowser.<init> - deviceName=desktop
2021-10-27 20:58:40.033 [main-83] INFO  com.framework.basepage.BaseBrowser.<init> - remotePort=4444
2021-10-27 20:58:40.033 [main-84] INFO  com.framework.basepage.BaseBrowser.<init> - remoteIP=
2021-10-27 20:58:40.033 [main-85] INFO  com.framework.basepage.BaseBrowser.<init> - browserVersion=
2021-10-27 20:58:41.458 [main-110] INFO  com.framework.basedriver.BaseDriver.startBrowser - 浏览器：chrome 成功启动！
2021-10-27 20:58:41.460 [main-89] INFO  com.framework.basepage.BaseBrowser.<init> - 加载配置信息结束
2021-10-27 20:58:51.555 [main-117] INFO  CeshirenPOCodeSearchPageTest.startMethod - 当前用例测试执行方法为{ get_first_title }
2021-10-27 20:58:51.556 [main-123] INFO  CeshirenPOCodeSearchPageTest.lambda$null$0 - 第{ 1 }条测试用例开始执行
2021-10-27 20:58:51.558 [main-71] INFO  com.framework.basepage.BaseBrowser.<init> - 开始加载浏览器配置信息
2021-10-27 20:58:51.558 [main-80] INFO  com.framework.basepage.BaseBrowser.<init> - browserName=chrome
2021-10-27 20:58:51.559 [main-81] INFO  com.framework.basepage.BaseBrowser.<init> - terminal=pc
2021-10-27 20:58:51.559 [main-82] INFO  com.framework.basepage.BaseBrowser.<init> - deviceName=desktop
2021-10-27 20:58:51.559 [main-83] INFO  com.framework.basepage.BaseBrowser.<init> - remotePort=4444
2021-10-27 20:58:51.560 [main-84] INFO  com.framework.basepage.BaseBrowser.<init> - remoteIP=
2021-10-27 20:58:51.560 [main-85] INFO  com.framework.basepage.BaseBrowser.<init> - browserVersion=
2021-10-27 20:58:52.797 [main-110] INFO  com.framework.basedriver.BaseDriver.startBrowser - 浏览器：chrome 成功启动！
2021-10-27 20:58:52.797 [main-89] INFO  com.framework.basepage.BaseBrowser.<init> - 加载配置信息结束
2021-10-27 20:58:55.443 [main-83] INFO  com.framework.basetest.BaseTestCaseExcutor.lambda$null$5 - 测试用例执行结果为{ 中高级测试开发「名企定向」培养计划，内推 BAT 大厂，还有万元奖学金等你拿！ }
2021-10-27 20:58:55.446 [main-110] INFO  com.framework.basetest.BaseTestCaseExcutor.lambda$null$4 - 用例开始添加断言内容
2021-10-27 20:58:55.446 [main-111] INFO  com.framework.basetest.BaseTestCaseExcutor.lambda$null$4 - 实际结果为{ 中高级测试开发「名企定向」培养计划，内推 BAT 大厂，还有万元奖学金等你拿！ }
2021-10-27 20:58:55.446 [main-112] INFO  com.framework.basetest.BaseTestCaseExcutor.lambda$null$4 - 期望结果包含字段{ 名企 }
2021-10-27 20:58:55.447 [main-114] INFO  com.framework.basetest.BaseTestCaseExcutor.lambda$null$4 - 添加断言结束
2021-10-27 20:58:55.448 [main-123] INFO  CeshirenPOCodeSearchPageTest.lambda$null$0 - 第{ 2 }条测试用例开始执行
2021-10-27 20:58:55.448 [main-71] INFO  com.framework.basepage.BaseBrowser.<init> - 开始加载浏览器配置信息
2021-10-27 20:58:55.449 [main-80] INFO  com.framework.basepage.BaseBrowser.<init> - browserName=chrome
2021-10-27 20:58:55.449 [main-81] INFO  com.framework.basepage.BaseBrowser.<init> - terminal=pc
2021-10-27 20:58:55.449 [main-82] INFO  com.framework.basepage.BaseBrowser.<init> - deviceName=desktop
2021-10-27 20:58:55.450 [main-83] INFO  com.framework.basepage.BaseBrowser.<init> - remotePort=4444
2021-10-27 20:58:55.450 [main-84] INFO  com.framework.basepage.BaseBrowser.<init> - remoteIP=
2021-10-27 20:58:55.450 [main-85] INFO  com.framework.basepage.BaseBrowser.<init> - browserVersion=
2021-10-27 20:58:56.701 [main-110] INFO  com.framework.basedriver.BaseDriver.startBrowser - 浏览器：chrome 成功启动！
2021-10-27 20:58:56.701 [main-89] INFO  com.framework.basepage.BaseBrowser.<init> - 加载配置信息结束
2021-10-27 20:58:58.701 [main-83] INFO  com.framework.basetest.BaseTestCaseExcutor.lambda$null$5 - 测试用例执行结果为{ 中高级测试开发「名企定向」培养计划，内推 BAT 大厂，还有万元奖学金等你拿！ }
2021-10-27 20:58:58.706 [main-110] INFO  com.framework.basetest.BaseTestCaseExcutor.lambda$null$4 - 用例开始添加断言内容
2021-10-27 20:58:58.721 [main-111] INFO  com.framework.basetest.BaseTestCaseExcutor.lambda$null$4 - 实际结果为{ 中高级测试开发「名企定向」培养计划，内推 BAT 大厂，还有万元奖学金等你拿！ }
2021-10-27 20:58:58.731 [main-112] INFO  com.framework.basetest.BaseTestCaseExcutor.lambda$null$4 - 期望结果包含字段{ 名企 }
2021-10-27 20:58:58.742 [main-114] INFO  com.framework.basetest.BaseTestCaseExcutor.lambda$null$4 - 添加断言结束
2021-10-27 20:58:58.752 [main-128] INFO  CeshirenPOCodeSearchPageTest.startMethod - 方法{ get_first_title }测试用例执行结束
2021-10-27 20:58:58.871 [main-74] INFO  CeshirenPOCodeSearchPageTest.tearDown - 项目模块{ CeshirenPOCodeSearchPageTest }共执行{ 2 }条用例，测试用例开始统一断言
2021-10-27 20:58:58.892 [main-76] INFO  CeshirenPOCodeSearchPageTest.tearDown - 统一断言结束
2021-10-27 20:58:58.892 [main-77] INFO  CeshirenPOCodeSearchPageTest.tearDown - 开始释放资源
2021-10-27 20:59:02.010 [main-146] INFO  com.framework.basedriver.BaseDriver.closeBrowser - chrome浏览器已成功关闭！
2021-10-27 20:59:02.011 [main-81] INFO  CeshirenPOCodeSearchPageTest.tearDown - 释放资源结束
2021-10-27 21:24:07.835 [main-52] INFO  CeshirenPOCodeSearchPageTest2.init - 项目模块{ CeshirenPOCodeSearchPageTest2 }测试用例开始执行
2021-10-27 21:24:07.840 [main-71] INFO  com.framework.basepage.BaseBrowser.<init> - 开始加载浏览器配置信息
2021-10-27 21:24:07.842 [main-80] INFO  com.framework.basepage.BaseBrowser.<init> - browserName=chrome
2021-10-27 21:24:07.843 [main-81] INFO  com.framework.basepage.BaseBrowser.<init> - terminal=pc
2021-10-27 21:24:07.843 [main-82] INFO  com.framework.basepage.BaseBrowser.<init> - deviceName=desktop
2021-10-27 21:24:07.843 [main-83] INFO  com.framework.basepage.BaseBrowser.<init> - remotePort=4444
2021-10-27 21:24:07.843 [main-84] INFO  com.framework.basepage.BaseBrowser.<init> - remoteIP=
2021-10-27 21:24:07.844 [main-85] INFO  com.framework.basepage.BaseBrowser.<init> - browserVersion=
2021-10-27 21:24:09.797 [main-110] INFO  com.framework.basedriver.BaseDriver.startBrowser - 浏览器：chrome 成功启动！
2021-10-27 21:24:09.797 [main-89] INFO  com.framework.basepage.BaseBrowser.<init> - 加载配置信息结束
2021-10-27 21:24:20.049 [main-78] INFO  CeshirenPOCodeSearchPageTest2.tearDown - 项目模块{ CeshirenPOCodeSearchPageTest2 }共执行{ 0 }条用例，测试用例开始统一断言
2021-10-27 21:24:20.055 [main-80] INFO  CeshirenPOCodeSearchPageTest2.tearDown - 统一断言结束
2021-10-27 21:24:20.056 [main-81] INFO  CeshirenPOCodeSearchPageTest2.tearDown - 开始释放资源
2021-10-27 21:24:23.201 [main-146] INFO  com.framework.basedriver.BaseDriver.closeBrowser - chrome浏览器已成功关闭！
2021-10-27 21:24:23.203 [main-85] INFO  CeshirenPOCodeSearchPageTest2.tearDown - 释放资源结束
2021-10-27 21:25:06.755 [main-52] INFO  CeshirenPOCodeSearchPageTest2.init - 项目模块{ CeshirenPOCodeSearchPageTest2 }测试用例开始执行
2021-10-27 21:25:06.759 [main-71] INFO  com.framework.basepage.BaseBrowser.<init> - 开始加载浏览器配置信息
2021-10-27 21:25:06.761 [main-80] INFO  com.framework.basepage.BaseBrowser.<init> - browserName=chrome
2021-10-27 21:25:06.761 [main-81] INFO  com.framework.basepage.BaseBrowser.<init> - terminal=pc
2021-10-27 21:25:06.761 [main-82] INFO  com.framework.basepage.BaseBrowser.<init> - deviceName=desktop
2021-10-27 21:25:06.761 [main-83] INFO  com.framework.basepage.BaseBrowser.<init> - remotePort=4444
2021-10-27 21:25:06.762 [main-84] INFO  com.framework.basepage.BaseBrowser.<init> - remoteIP=
2021-10-27 21:25:06.762 [main-85] INFO  com.framework.basepage.BaseBrowser.<init> - browserVersion=
2021-10-27 21:25:08.516 [main-110] INFO  com.framework.basedriver.BaseDriver.startBrowser - 浏览器：chrome 成功启动！
2021-10-27 21:25:08.516 [main-89] INFO  com.framework.basepage.BaseBrowser.<init> - 加载配置信息结束
2021-10-27 21:25:18.745 [main-78] INFO  CeshirenPOCodeSearchPageTest2.tearDown - 项目模块{ CeshirenPOCodeSearchPageTest2 }共执行{ 0 }条用例，测试用例开始统一断言
2021-10-27 21:25:18.750 [main-80] INFO  CeshirenPOCodeSearchPageTest2.tearDown - 统一断言结束
2021-10-27 21:25:18.751 [main-81] INFO  CeshirenPOCodeSearchPageTest2.tearDown - 开始释放资源
2021-10-27 21:25:21.921 [main-146] INFO  com.framework.basedriver.BaseDriver.closeBrowser - chrome浏览器已成功关闭！
2021-10-27 21:25:21.922 [main-85] INFO  CeshirenPOCodeSearchPageTest2.tearDown - 释放资源结束
2021-10-27 21:25:50.474 [main-52] INFO  CeshirenPOCodeSearchPageTest.init - 项目模块{ CeshirenPOCodeSearchPageTest }测试用例开始执行
2021-10-27 21:25:50.478 [main-71] INFO  com.framework.basepage.BaseBrowser.<init> - 开始加载浏览器配置信息
2021-10-27 21:25:50.480 [main-80] INFO  com.framework.basepage.BaseBrowser.<init> - browserName=chrome
2021-10-27 21:25:50.480 [main-81] INFO  com.framework.basepage.BaseBrowser.<init> - terminal=pc
2021-10-27 21:25:50.480 [main-82] INFO  com.framework.basepage.BaseBrowser.<init> - deviceName=desktop
2021-10-27 21:25:50.481 [main-83] INFO  com.framework.basepage.BaseBrowser.<init> - remotePort=4444
2021-10-27 21:25:50.481 [main-84] INFO  com.framework.basepage.BaseBrowser.<init> - remoteIP=
2021-10-27 21:25:50.481 [main-85] INFO  com.framework.basepage.BaseBrowser.<init> - browserVersion=
2021-10-27 21:25:52.260 [main-110] INFO  com.framework.basedriver.BaseDriver.startBrowser - 浏览器：chrome 成功启动！
2021-10-27 21:25:52.260 [main-89] INFO  com.framework.basepage.BaseBrowser.<init> - 加载配置信息结束
2021-10-27 21:26:02.453 [main-120] INFO  CeshirenPOCodeSearchPageTest.startMethod - 当前用例测试执行方法为{ get_first_title }
2021-10-27 21:26:02.454 [main-126] INFO  CeshirenPOCodeSearchPageTest.lambda$null$0 - 第{ 1 }条测试用例开始执行
2021-10-27 21:26:02.531 [main-77] INFO  CeshirenPOCodeSearchPageTest.tearDown - 项目模块{ CeshirenPOCodeSearchPageTest }共执行{ 2 }条用例，测试用例开始统一断言
2021-10-27 21:26:02.535 [main-79] INFO  CeshirenPOCodeSearchPageTest.tearDown - 统一断言结束
2021-10-27 21:26:02.535 [main-80] INFO  CeshirenPOCodeSearchPageTest.tearDown - 开始释放资源
2021-10-27 21:26:05.683 [main-146] INFO  com.framework.basedriver.BaseDriver.closeBrowser - chrome浏览器已成功关闭！
2021-10-27 21:26:05.687 [main-84] INFO  CeshirenPOCodeSearchPageTest.tearDown - 释放资源结束
2021-10-27 21:31:07.916 [main-52] INFO  CeshirenPOCodeSearchPageTest.init - 项目模块{ CeshirenPOCodeSearchPageTest }测试用例开始执行
2021-10-27 21:31:07.921 [main-71] INFO  com.framework.basepage.BaseBrowser.<init> - 开始加载浏览器配置信息
2021-10-27 21:31:07.923 [main-80] INFO  com.framework.basepage.BaseBrowser.<init> - browserName=chrome
2021-10-27 21:31:07.923 [main-81] INFO  com.framework.basepage.BaseBrowser.<init> - terminal=pc
2021-10-27 21:31:07.923 [main-82] INFO  com.framework.basepage.BaseBrowser.<init> - deviceName=desktop
2021-10-27 21:31:07.924 [main-83] INFO  com.framework.basepage.BaseBrowser.<init> - remotePort=4444
2021-10-27 21:31:07.924 [main-84] INFO  com.framework.basepage.BaseBrowser.<init> - remoteIP=
2021-10-27 21:31:07.924 [main-85] INFO  com.framework.basepage.BaseBrowser.<init> - browserVersion=
2021-10-27 21:31:09.647 [main-110] INFO  com.framework.basedriver.BaseDriver.startBrowser - 浏览器：chrome 成功启动！
2021-10-27 21:31:09.647 [main-89] INFO  com.framework.basepage.BaseBrowser.<init> - 加载配置信息结束
2021-10-27 21:31:19.833 [main-120] INFO  CeshirenPOCodeSearchPageTest.startMethod - 当前用例测试执行方法为{ get_first_title }
2021-10-27 21:31:19.835 [main-126] INFO  CeshirenPOCodeSearchPageTest.lambda$null$0 - 第{ 1 }条测试用例开始执行
2021-10-27 21:31:19.923 [main-77] INFO  CeshirenPOCodeSearchPageTest.tearDown - 项目模块{ CeshirenPOCodeSearchPageTest }共执行{ 2 }条用例，测试用例开始统一断言
2021-10-27 21:31:19.929 [main-79] INFO  CeshirenPOCodeSearchPageTest.tearDown - 统一断言结束
2021-10-27 21:31:19.929 [main-80] INFO  CeshirenPOCodeSearchPageTest.tearDown - 开始释放资源
2021-10-27 21:31:23.076 [main-146] INFO  com.framework.basedriver.BaseDriver.closeBrowser - chrome浏览器已成功关闭！
2021-10-27 21:31:23.077 [main-84] INFO  CeshirenPOCodeSearchPageTest.tearDown - 释放资源结束
2021-10-27 21:35:27.007 [main-52] INFO  CeshirenPOCodeSearchPageTest.init - 项目模块{ CeshirenPOCodeSearchPageTest }测试用例开始执行
2021-10-27 21:35:27.011 [main-71] INFO  com.framework.basepage.BaseBrowser.<init> - 开始加载浏览器配置信息
2021-10-27 21:35:27.012 [main-80] INFO  com.framework.basepage.BaseBrowser.<init> - browserName=chrome
2021-10-27 21:35:27.012 [main-81] INFO  com.framework.basepage.BaseBrowser.<init> - terminal=pc
2021-10-27 21:35:27.013 [main-82] INFO  com.framework.basepage.BaseBrowser.<init> - deviceName=desktop
2021-10-27 21:35:27.013 [main-83] INFO  com.framework.basepage.BaseBrowser.<init> - remotePort=4444
2021-10-27 21:35:27.013 [main-84] INFO  com.framework.basepage.BaseBrowser.<init> - remoteIP=
2021-10-27 21:35:27.013 [main-85] INFO  com.framework.basepage.BaseBrowser.<init> - browserVersion=
2021-10-27 21:35:28.817 [main-110] INFO  com.framework.basedriver.BaseDriver.startBrowser - 浏览器：chrome 成功启动！
2021-10-27 21:35:28.818 [main-89] INFO  com.framework.basepage.BaseBrowser.<init> - 加载配置信息结束
2021-10-27 21:35:39.005 [main-120] INFO  CeshirenPOCodeSearchPageTest.startMethod - 当前用例测试执行方法为{ get_first_title }
2021-10-27 21:35:39.007 [main-126] INFO  CeshirenPOCodeSearchPageTest.lambda$null$0 - 第{ 1 }条测试用例开始执行
2021-10-27 21:35:39.085 [main-77] INFO  CeshirenPOCodeSearchPageTest.tearDown - 项目模块{ CeshirenPOCodeSearchPageTest }共执行{ 2 }条用例，测试用例开始统一断言
2021-10-27 21:35:39.090 [main-79] INFO  CeshirenPOCodeSearchPageTest.tearDown - 统一断言结束
2021-10-27 21:35:39.090 [main-80] INFO  CeshirenPOCodeSearchPageTest.tearDown - 开始释放资源
2021-10-27 21:35:42.242 [main-146] INFO  com.framework.basedriver.BaseDriver.closeBrowser - chrome浏览器已成功关闭！
2021-10-27 21:35:42.243 [main-84] INFO  CeshirenPOCodeSearchPageTest.tearDown - 释放资源结束
2021-10-27 21:38:27.198 [main-52] INFO  CeshirenPOCodeSearchPageTest.init - 项目模块{ CeshirenPOCodeSearchPageTest }测试用例开始执行
2021-10-27 21:38:27.202 [main-71] INFO  com.framework.basepage.BaseBrowser.<init> - 开始加载浏览器配置信息
2021-10-27 21:38:27.204 [main-80] INFO  com.framework.basepage.BaseBrowser.<init> - browserName=chrome
2021-10-27 21:38:27.204 [main-81] INFO  com.framework.basepage.BaseBrowser.<init> - terminal=pc
2021-10-27 21:38:27.204 [main-82] INFO  com.framework.basepage.BaseBrowser.<init> - deviceName=desktop
2021-10-27 21:38:27.205 [main-83] INFO  com.framework.basepage.BaseBrowser.<init> - remotePort=4444
2021-10-27 21:38:27.205 [main-84] INFO  com.framework.basepage.BaseBrowser.<init> - remoteIP=
2021-10-27 21:38:27.205 [main-85] INFO  com.framework.basepage.BaseBrowser.<init> - browserVersion=
2021-10-27 21:38:28.971 [main-110] INFO  com.framework.basedriver.BaseDriver.startBrowser - 浏览器：chrome 成功启动！
2021-10-27 21:38:28.971 [main-89] INFO  com.framework.basepage.BaseBrowser.<init> - BBBrowser=ChromeDriver: chrome on MAC (702facd4403bcbb3c2f4e3de23008cab)
2021-10-27 21:38:28.971 [main-90] INFO  com.framework.basepage.BaseBrowser.<init> - 加载配置信息结束
2021-10-27 21:38:28.972 [main-56] INFO  CeshirenPOCodeSearchPageTest.init - ceshi_driver=ChromeDriver: chrome on MAC (702facd4403bcbb3c2f4e3de23008cab)
2021-10-27 21:38:39.170 [main-121] INFO  CeshirenPOCodeSearchPageTest.startMethod - 当前用例测试执行方法为{ get_first_title }
2021-10-27 21:38:39.171 [main-127] INFO  CeshirenPOCodeSearchPageTest.lambda$null$0 - 第{ 1 }条测试用例开始执行
2021-10-27 21:38:39.265 [main-78] INFO  CeshirenPOCodeSearchPageTest.tearDown - 项目模块{ CeshirenPOCodeSearchPageTest }共执行{ 2 }条用例，测试用例开始统一断言
2021-10-27 21:38:39.272 [main-80] INFO  CeshirenPOCodeSearchPageTest.tearDown - 统一断言结束
2021-10-27 21:38:39.272 [main-81] INFO  CeshirenPOCodeSearchPageTest.tearDown - 开始释放资源
2021-10-27 21:38:42.381 [main-146] INFO  com.framework.basedriver.BaseDriver.closeBrowser - chrome浏览器已成功关闭！
2021-10-27 21:38:42.382 [main-85] INFO  CeshirenPOCodeSearchPageTest.tearDown - 释放资源结束
2021-10-27 21:42:50.633 [main-52] INFO  CeshirenPOCodeSearchPageTest.init - 项目模块{ CeshirenPOCodeSearchPageTest }测试用例开始执行
2021-10-27 21:42:50.637 [main-71] INFO  com.framework.basepage.BaseBrowser.<init> - 开始加载浏览器配置信息
2021-10-27 21:42:50.639 [main-80] INFO  com.framework.basepage.BaseBrowser.<init> - browserName=chrome
2021-10-27 21:42:50.639 [main-81] INFO  com.framework.basepage.BaseBrowser.<init> - terminal=pc
2021-10-27 21:42:50.639 [main-82] INFO  com.framework.basepage.BaseBrowser.<init> - deviceName=desktop
2021-10-27 21:42:50.640 [main-83] INFO  com.framework.basepage.BaseBrowser.<init> - remotePort=4444
2021-10-27 21:42:50.640 [main-84] INFO  com.framework.basepage.BaseBrowser.<init> - remoteIP=
2021-10-27 21:42:50.640 [main-85] INFO  com.framework.basepage.BaseBrowser.<init> - browserVersion=
2021-10-27 21:42:52.446 [main-110] INFO  com.framework.basedriver.BaseDriver.startBrowser - 浏览器：chrome 成功启动！
2021-10-27 21:42:52.447 [main-89] INFO  com.framework.basepage.BaseBrowser.<init> - BBBrowser=ChromeDriver: chrome on MAC (9326b199286ea0d9b54601985316489a)
2021-10-27 21:42:52.447 [main-90] INFO  com.framework.basepage.BaseBrowser.<init> - 加载配置信息结束
2021-10-27 21:42:52.447 [main-56] INFO  CeshirenPOCodeSearchPageTest.init - ceshi_driver=ChromeDriver: chrome on MAC (9326b199286ea0d9b54601985316489a)
2021-10-27 21:43:02.660 [main-124] INFO  CeshirenPOCodeSearchPageTest.startMethod - 当前用例测试执行方法为{ get_first_title }
2021-10-27 21:43:02.673 [main-130] INFO  CeshirenPOCodeSearchPageTest.lambda$null$0 - 第{ 1 }条测试用例开始执行
2021-10-27 21:43:02.756 [main-81] INFO  CeshirenPOCodeSearchPageTest.tearDown - 项目模块{ CeshirenPOCodeSearchPageTest }共执行{ 2 }条用例，测试用例开始统一断言
2021-10-27 21:43:02.759 [main-83] INFO  CeshirenPOCodeSearchPageTest.tearDown - 统一断言结束
2021-10-27 21:43:02.760 [main-84] INFO  CeshirenPOCodeSearchPageTest.tearDown - 开始释放资源
2021-10-27 21:43:05.896 [main-146] INFO  com.framework.basedriver.BaseDriver.closeBrowser - chrome浏览器已成功关闭！
2021-10-27 21:43:05.897 [main-88] INFO  CeshirenPOCodeSearchPageTest.tearDown - 释放资源结束
2021-10-27 21:44:07.862 [main-52] INFO  CeshirenPOCodeSearchPageTest.init - 项目模块{ CeshirenPOCodeSearchPageTest }测试用例开始执行
2021-10-27 21:44:07.877 [main-71] INFO  com.framework.basepage.BaseBrowser.<init> - 开始加载浏览器配置信息
2021-10-27 21:44:07.878 [main-80] INFO  com.framework.basepage.BaseBrowser.<init> - browserName=chrome
2021-10-27 21:44:07.879 [main-81] INFO  com.framework.basepage.BaseBrowser.<init> - terminal=pc
2021-10-27 21:44:07.879 [main-82] INFO  com.framework.basepage.BaseBrowser.<init> - deviceName=desktop
2021-10-27 21:44:07.879 [main-83] INFO  com.framework.basepage.BaseBrowser.<init> - remotePort=4444
2021-10-27 21:44:07.879 [main-84] INFO  com.framework.basepage.BaseBrowser.<init> - remoteIP=
2021-10-27 21:44:07.879 [main-85] INFO  com.framework.basepage.BaseBrowser.<init> - browserVersion=
2021-10-27 21:44:10.392 [main-110] INFO  com.framework.basedriver.BaseDriver.startBrowser - 浏览器：chrome 成功启动！
2021-10-27 21:44:10.393 [main-89] INFO  com.framework.basepage.BaseBrowser.<init> - BBBrowser=ChromeDriver: chrome on MAC (771bedf89f364dd1fb2f1885f9f1688c)
2021-10-27 21:44:10.393 [main-90] INFO  com.framework.basepage.BaseBrowser.<init> - 加载配置信息结束
2021-10-27 21:44:10.393 [main-56] INFO  CeshirenPOCodeSearchPageTest.init - ceshi_driver=ChromeDriver: chrome on MAC (771bedf89f364dd1fb2f1885f9f1688c)
2021-10-27 21:44:20.650 [main-81] INFO  CeshirenPOCodeSearchPageTest.tearDown - 项目模块{ CeshirenPOCodeSearchPageTest }共执行{ 0 }条用例，测试用例开始统一断言
2021-10-27 21:44:20.654 [main-83] INFO  CeshirenPOCodeSearchPageTest.tearDown - 统一断言结束
2021-10-27 21:44:20.655 [main-84] INFO  CeshirenPOCodeSearchPageTest.tearDown - 开始释放资源
2021-10-27 21:44:23.775 [main-146] INFO  com.framework.basedriver.BaseDriver.closeBrowser - chrome浏览器已成功关闭！
2021-10-27 21:44:23.775 [main-88] INFO  CeshirenPOCodeSearchPageTest.tearDown - 释放资源结束
2021-10-27 21:48:09.231 [main-52] INFO  CeshirenPOCodeSearchPageTest.init - 项目模块{ CeshirenPOCodeSearchPageTest }测试用例开始执行
2021-10-27 21:48:09.235 [main-71] INFO  com.framework.basepage.BaseBrowser.<init> - 开始加载浏览器配置信息
2021-10-27 21:48:09.236 [main-80] INFO  com.framework.basepage.BaseBrowser.<init> - browserName=chrome
2021-10-27 21:48:09.237 [main-81] INFO  com.framework.basepage.BaseBrowser.<init> - terminal=pc
2021-10-27 21:48:09.237 [main-82] INFO  com.framework.basepage.BaseBrowser.<init> - deviceName=desktop
2021-10-27 21:48:09.237 [main-83] INFO  com.framework.basepage.BaseBrowser.<init> - remotePort=4444
2021-10-27 21:48:09.237 [main-84] INFO  com.framework.basepage.BaseBrowser.<init> - remoteIP=
2021-10-27 21:48:09.238 [main-85] INFO  com.framework.basepage.BaseBrowser.<init> - browserVersion=
2021-10-27 21:48:10.926 [main-110] INFO  com.framework.basedriver.BaseDriver.startBrowser - 浏览器：chrome 成功启动！
2021-10-27 21:48:10.927 [main-89] INFO  com.framework.basepage.BaseBrowser.<init> - BBBrowser=ChromeDriver: chrome on MAC (9b037faa51dcd6ffdde780f6ccd03b62)
2021-10-27 21:48:10.927 [main-90] INFO  com.framework.basepage.BaseBrowser.<init> - 加载配置信息结束
2021-10-27 21:48:10.927 [main-56] INFO  CeshirenPOCodeSearchPageTest.init - ceshi_driver=ChromeDriver: chrome on MAC (9b037faa51dcd6ffdde780f6ccd03b62)
2021-10-27 21:48:21.145 [main-86] INFO  CeshirenPOCodeSearchPageTest.tearDown - 项目模块{ CeshirenPOCodeSearchPageTest }共执行{ 0 }条用例，测试用例开始统一断言
2021-10-27 21:48:21.150 [main-88] INFO  CeshirenPOCodeSearchPageTest.tearDown - 统一断言结束
2021-10-27 21:48:21.150 [main-89] INFO  CeshirenPOCodeSearchPageTest.tearDown - 开始释放资源
2021-10-27 21:48:24.295 [main-146] INFO  com.framework.basedriver.BaseDriver.closeBrowser - chrome浏览器已成功关闭！
2021-10-27 21:48:24.296 [main-93] INFO  CeshirenPOCodeSearchPageTest.tearDown - 释放资源结束
2021-10-27 21:52:29.267 [main-52] INFO  CeshirenPOCodeSearchPageTest.init - 项目模块{ CeshirenPOCodeSearchPageTest }测试用例开始执行
2021-10-27 21:52:29.271 [main-71] INFO  com.framework.basepage.BaseBrowser.<init> - 开始加载浏览器配置信息
2021-10-27 21:52:29.272 [main-80] INFO  com.framework.basepage.BaseBrowser.<init> - browserName=chrome
2021-10-27 21:52:29.273 [main-81] INFO  com.framework.basepage.BaseBrowser.<init> - terminal=pc
2021-10-27 21:52:29.273 [main-82] INFO  com.framework.basepage.BaseBrowser.<init> - deviceName=desktop
2021-10-27 21:52:29.273 [main-83] INFO  com.framework.basepage.BaseBrowser.<init> - remotePort=4444
2021-10-27 21:52:29.274 [main-84] INFO  com.framework.basepage.BaseBrowser.<init> - remoteIP=
2021-10-27 21:52:29.274 [main-85] INFO  com.framework.basepage.BaseBrowser.<init> - browserVersion=
2021-10-27 21:52:31.410 [main-110] INFO  com.framework.basedriver.BaseDriver.startBrowser - 浏览器：chrome 成功启动！
2021-10-27 21:52:31.411 [main-89] INFO  com.framework.basepage.BaseBrowser.<init> - BBBrowser=ChromeDriver: chrome on MAC (5e7c7c6b3aa607540799f291d20848c2)
2021-10-27 21:52:31.412 [main-90] INFO  com.framework.basepage.BaseBrowser.<init> - 加载配置信息结束
2021-10-27 21:52:31.412 [main-56] INFO  CeshirenPOCodeSearchPageTest.init - ceshi_driver=ChromeDriver: chrome on MAC (5e7c7c6b3aa607540799f291d20848c2)
2021-10-27 21:52:41.628 [main-86] INFO  CeshirenPOCodeSearchPageTest.tearDown - 项目模块{ CeshirenPOCodeSearchPageTest }共执行{ 0 }条用例，测试用例开始统一断言
2021-10-27 21:52:41.631 [main-88] INFO  CeshirenPOCodeSearchPageTest.tearDown - 统一断言结束
2021-10-27 21:52:41.632 [main-89] INFO  CeshirenPOCodeSearchPageTest.tearDown - 开始释放资源
2021-10-27 21:57:30.670 [main-52] INFO  CeshirenPOCodeSearchPageTest.init - 项目模块{ CeshirenPOCodeSearchPageTest }测试用例开始执行
2021-10-27 21:57:30.674 [main-71] INFO  com.framework.basepage.BaseBrowser.<init> - 开始加载浏览器配置信息
2021-10-27 21:57:30.675 [main-80] INFO  com.framework.basepage.BaseBrowser.<init> - browserName=chrome
2021-10-27 21:57:30.675 [main-81] INFO  com.framework.basepage.BaseBrowser.<init> - terminal=pc
2021-10-27 21:57:30.676 [main-82] INFO  com.framework.basepage.BaseBrowser.<init> - deviceName=desktop
2021-10-27 21:57:30.676 [main-83] INFO  com.framework.basepage.BaseBrowser.<init> - remotePort=4444
2021-10-27 21:57:30.676 [main-84] INFO  com.framework.basepage.BaseBrowser.<init> - remoteIP=
2021-10-27 21:57:30.676 [main-85] INFO  com.framework.basepage.BaseBrowser.<init> - browserVersion=
2021-10-27 21:57:32.438 [main-110] INFO  com.framework.basedriver.BaseDriver.startBrowser - 浏览器：chrome 成功启动！
2021-10-27 21:57:32.439 [main-89] INFO  com.framework.basepage.BaseBrowser.<init> - BBBrowser=ChromeDriver: chrome on MAC (5705c7eb678182cd07d8a7b03da478c3)
2021-10-27 21:57:32.440 [main-90] INFO  com.framework.basepage.BaseBrowser.<init> - 加载配置信息结束
2021-10-27 21:57:32.440 [main-56] INFO  CeshirenPOCodeSearchPageTest.init - ceshi_driver=ChromeDriver: chrome on MAC (5705c7eb678182cd07d8a7b03da478c3)
2021-10-27 21:57:42.647 [main-88] INFO  CeshirenPOCodeSearchPageTest.tearDown - 项目模块{ CeshirenPOCodeSearchPageTest }共执行{ 0 }条用例，测试用例开始统一断言
2021-10-27 21:57:42.653 [main-90] INFO  CeshirenPOCodeSearchPageTest.tearDown - 统一断言结束
2021-10-27 21:57:42.653 [main-91] INFO  CeshirenPOCodeSearchPageTest.tearDown - 开始释放资源
2021-10-27 21:57:45.762 [main-146] INFO  com.framework.basedriver.BaseDriver.closeBrowser - chrome浏览器已成功关闭！
2021-10-27 21:57:45.763 [main-95] INFO  CeshirenPOCodeSearchPageTest.tearDown - 释放资源结束
2021-10-27 21:58:34.946 [main-52] INFO  CeshirenPOCodeSearchPageTest.init - 项目模块{ CeshirenPOCodeSearchPageTest }测试用例开始执行
2021-10-27 21:58:34.951 [main-71] INFO  com.framework.basepage.BaseBrowser.<init> - 开始加载浏览器配置信息
2021-10-27 21:58:34.952 [main-80] INFO  com.framework.basepage.BaseBrowser.<init> - browserName=chrome
2021-10-27 21:58:34.953 [main-81] INFO  com.framework.basepage.BaseBrowser.<init> - terminal=pc
2021-10-27 21:58:34.953 [main-82] INFO  com.framework.basepage.BaseBrowser.<init> - deviceName=desktop
2021-10-27 21:58:34.953 [main-83] INFO  com.framework.basepage.BaseBrowser.<init> - remotePort=4444
2021-10-27 21:58:34.954 [main-84] INFO  com.framework.basepage.BaseBrowser.<init> - remoteIP=
2021-10-27 21:58:34.954 [main-85] INFO  com.framework.basepage.BaseBrowser.<init> - browserVersion=
2021-10-27 21:58:36.753 [main-110] INFO  com.framework.basedriver.BaseDriver.startBrowser - 浏览器：chrome 成功启动！
2021-10-27 21:58:36.754 [main-89] INFO  com.framework.basepage.BaseBrowser.<init> - BBBrowser=ChromeDriver: chrome on MAC (6093e639ee43aaf27694e0acbe9a5a52)
2021-10-27 21:58:36.754 [main-90] INFO  com.framework.basepage.BaseBrowser.<init> - 加载配置信息结束
2021-10-27 21:58:36.754 [main-56] INFO  CeshirenPOCodeSearchPageTest.init - ceshi_driver=ChromeDriver: chrome on MAC (6093e639ee43aaf27694e0acbe9a5a52)
2021-10-27 21:58:46.986 [main-88] INFO  CeshirenPOCodeSearchPageTest.tearDown - 项目模块{ CeshirenPOCodeSearchPageTest }共执行{ 0 }条用例，测试用例开始统一断言
2021-10-27 21:58:46.990 [main-90] INFO  CeshirenPOCodeSearchPageTest.tearDown - 统一断言结束
2021-10-27 21:58:46.990 [main-91] INFO  CeshirenPOCodeSearchPageTest.tearDown - 开始释放资源
2021-10-27 21:58:50.104 [main-146] INFO  com.framework.basedriver.BaseDriver.closeBrowser - chrome浏览器已成功关闭！
2021-10-27 21:58:50.105 [main-95] INFO  CeshirenPOCodeSearchPageTest.tearDown - 释放资源结束
2021-10-27 22:06:09.782 [main-52] INFO  CeshirenPOCodeSearchPageTest.init - 项目模块{ CeshirenPOCodeSearchPageTest }测试用例开始执行
2021-10-27 22:06:09.786 [main-71] INFO  com.framework.basepage.BaseBrowser.<init> - 开始加载浏览器配置信息
2021-10-27 22:06:09.788 [main-80] INFO  com.framework.basepage.BaseBrowser.<init> - browserName=chrome
2021-10-27 22:06:09.788 [main-81] INFO  com.framework.basepage.BaseBrowser.<init> - terminal=pc
2021-10-27 22:06:09.788 [main-82] INFO  com.framework.basepage.BaseBrowser.<init> - deviceName=desktop
2021-10-27 22:06:09.788 [main-83] INFO  com.framework.basepage.BaseBrowser.<init> - remotePort=4444
2021-10-27 22:06:09.789 [main-84] INFO  com.framework.basepage.BaseBrowser.<init> - remoteIP=
2021-10-27 22:06:09.789 [main-85] INFO  com.framework.basepage.BaseBrowser.<init> - browserVersion=
2021-10-27 22:06:11.664 [main-110] INFO  com.framework.basedriver.BaseDriver.startBrowser - 浏览器：chrome 成功启动！
2021-10-27 22:06:11.664 [main-89] INFO  com.framework.basepage.BaseBrowser.<init> - BBBrowser=ChromeDriver: chrome on MAC (b69be9a804a6aff4773f4bdd134edd3e)
2021-10-27 22:06:11.664 [main-90] INFO  com.framework.basepage.BaseBrowser.<init> - BBBbaseDriver=com.framework.basedriver.BaseDriver@5769e7ae
2021-10-27 22:06:11.665 [main-91] INFO  com.framework.basepage.BaseBrowser.<init> - 加载配置信息结束
2021-10-27 22:06:11.665 [main-56] INFO  CeshirenPOCodeSearchPageTest.init - ceshi_driver=ChromeDriver: chrome on MAC (b69be9a804a6aff4773f4bdd134edd3e)
2021-10-27 22:06:21.783 [main-88] INFO  CeshirenPOCodeSearchPageTest.tearDown - 项目模块{ CeshirenPOCodeSearchPageTest }共执行{ 0 }条用例，测试用例开始统一断言
2021-10-27 22:06:21.787 [main-90] INFO  CeshirenPOCodeSearchPageTest.tearDown - 统一断言结束
2021-10-27 22:06:21.788 [main-91] INFO  CeshirenPOCodeSearchPageTest.tearDown - 开始释放资源
2021-10-27 22:06:24.927 [main-146] INFO  com.framework.basedriver.BaseDriver.closeBrowser - chrome浏览器已成功关闭！
2021-10-27 22:06:24.927 [main-95] INFO  CeshirenPOCodeSearchPageTest.tearDown - 释放资源结束
2021-10-27 22:12:44.479 [main-52] INFO  CeshirenPOCodeSearchPageTest.init - 项目模块{ CeshirenPOCodeSearchPageTest }测试用例开始执行
2021-10-27 22:12:44.484 [main-71] INFO  com.framework.basepage.BaseBrowser.<init> - 开始加载浏览器配置信息
2021-10-27 22:12:44.485 [main-80] INFO  com.framework.basepage.BaseBrowser.<init> - browserName=chrome
2021-10-27 22:12:44.486 [main-81] INFO  com.framework.basepage.BaseBrowser.<init> - terminal=pc
2021-10-27 22:12:44.486 [main-82] INFO  com.framework.basepage.BaseBrowser.<init> - deviceName=desktop
2021-10-27 22:12:44.486 [main-83] INFO  com.framework.basepage.BaseBrowser.<init> - remotePort=4444
2021-10-27 22:12:44.486 [main-84] INFO  com.framework.basepage.BaseBrowser.<init> - remoteIP=
2021-10-27 22:12:44.487 [main-85] INFO  com.framework.basepage.BaseBrowser.<init> - browserVersion=
2021-10-27 22:12:46.380 [main-110] INFO  com.framework.basedriver.BaseDriver.startBrowser - 浏览器：chrome 成功启动！
2021-10-27 22:12:46.381 [main-89] INFO  com.framework.basepage.BaseBrowser.<init> - BBBrowser=ChromeDriver: chrome on MAC (34bd4a429d19825bfad9998da4805f34)
2021-10-27 22:12:46.381 [main-90] INFO  com.framework.basepage.BaseBrowser.<init> - BBBbaseDriver=com.framework.basedriver.BaseDriver@5769e7ae
2021-10-27 22:12:46.381 [main-91] INFO  com.framework.basepage.BaseBrowser.<init> - 加载配置信息结束
2021-10-27 22:12:46.382 [main-56] INFO  CeshirenPOCodeSearchPageTest.init - ceshi_driver=ChromeDriver: chrome on MAC (34bd4a429d19825bfad9998da4805f34)
2021-10-27 22:12:56.501 [main-89] INFO  CeshirenPOCodeSearchPageTest.tearDown - 项目模块{ CeshirenPOCodeSearchPageTest }共执行{ 0 }条用例，测试用例开始统一断言
2021-10-27 22:12:56.505 [main-91] INFO  CeshirenPOCodeSearchPageTest.tearDown - 统一断言结束
2021-10-27 22:12:56.506 [main-92] INFO  CeshirenPOCodeSearchPageTest.tearDown - 开始释放资源
2021-10-27 22:12:59.633 [main-146] INFO  com.framework.basedriver.BaseDriver.closeBrowser - chrome浏览器已成功关闭！
2021-10-27 22:12:59.634 [main-96] INFO  CeshirenPOCodeSearchPageTest.tearDown - 释放资源结束
2021-10-27 22:14:52.664 [main-71] INFO  com.framework.basepage.BaseBrowser.<init> - 开始加载浏览器配置信息
2021-10-27 22:14:52.678 [main-80] INFO  com.framework.basepage.BaseBrowser.<init> - browserName=chrome
2021-10-27 22:14:52.678 [main-81] INFO  com.framework.basepage.BaseBrowser.<init> - terminal=pc
2021-10-27 22:14:52.678 [main-82] INFO  com.framework.basepage.BaseBrowser.<init> - deviceName=desktop
2021-10-27 22:14:52.679 [main-83] INFO  com.framework.basepage.BaseBrowser.<init> - remotePort=4444
2021-10-27 22:14:52.679 [main-84] INFO  com.framework.basepage.BaseBrowser.<init> - remoteIP=
2021-10-27 22:14:52.679 [main-85] INFO  com.framework.basepage.BaseBrowser.<init> - browserVersion=
2021-10-27 22:14:54.394 [main-110] INFO  com.framework.basedriver.BaseDriver.startBrowser - 浏览器：chrome 成功启动！
2021-10-27 22:14:54.395 [main-89] INFO  com.framework.basepage.BaseBrowser.<init> - BBBrowser=ChromeDriver: chrome on MAC (425212d3aff6e67a7763d787c22cda49)
2021-10-27 22:14:54.396 [main-90] INFO  com.framework.basepage.BaseBrowser.<init> - BBBbaseDriver=com.framework.basedriver.BaseDriver@1b58ff9e
2021-10-27 22:14:54.396 [main-91] INFO  com.framework.basepage.BaseBrowser.<init> - 加载配置信息结束
2021-10-27 22:14:54.397 [main-56] INFO  CeshirenPOCodeSearchPageTest.init - ceshi_driver=ChromeDriver: chrome on MAC (425212d3aff6e67a7763d787c22cda49)
2021-10-27 22:15:56.279 [main-71] INFO  com.framework.basepage.BaseBrowser.<init> - 开始加载浏览器配置信息
2021-10-27 22:15:56.293 [main-80] INFO  com.framework.basepage.BaseBrowser.<init> - browserName=chrome
2021-10-27 22:15:56.293 [main-81] INFO  com.framework.basepage.BaseBrowser.<init> - terminal=pc
2021-10-27 22:15:56.293 [main-82] INFO  com.framework.basepage.BaseBrowser.<init> - deviceName=desktop
2021-10-27 22:15:56.293 [main-83] INFO  com.framework.basepage.BaseBrowser.<init> - remotePort=4444
2021-10-27 22:15:56.294 [main-84] INFO  com.framework.basepage.BaseBrowser.<init> - remoteIP=
2021-10-27 22:15:56.294 [main-85] INFO  com.framework.basepage.BaseBrowser.<init> - browserVersion=
2021-10-27 22:15:57.981 [main-110] INFO  com.framework.basedriver.BaseDriver.startBrowser - 浏览器：chrome 成功启动！
2021-10-27 22:15:57.981 [main-89] INFO  com.framework.basepage.BaseBrowser.<init> - BBBrowser=ChromeDriver: chrome on MAC (023477fba0c5b10cfdd35a8641bdbad8)
2021-10-27 22:15:57.982 [main-90] INFO  com.framework.basepage.BaseBrowser.<init> - BBBbaseDriver=com.framework.basedriver.BaseDriver@56b78e55
2021-10-27 22:15:57.982 [main-91] INFO  com.framework.basepage.BaseBrowser.<init> - 加载配置信息结束
2021-10-27 22:15:57.983 [main-56] INFO  CeshirenPOCodeSearchPageTest.init - ceshi_driver=ChromeDriver: chrome on MAC (023477fba0c5b10cfdd35a8641bdbad8)
2021-10-27 22:17:51.760 [main-51] INFO  CeshirenPOCodeSearchPageTest.init - 项目模块{ CeshirenPOCodeSearchPageTest }测试用例开始执行
2021-10-27 22:17:51.771 [main-71] INFO  com.framework.basepage.BaseBrowser.<init> - 开始加载浏览器配置信息
2021-10-27 22:17:51.772 [main-80] INFO  com.framework.basepage.BaseBrowser.<init> - browserName=chrome
2021-10-27 22:17:51.772 [main-81] INFO  com.framework.basepage.BaseBrowser.<init> - terminal=pc
2021-10-27 22:17:51.773 [main-82] INFO  com.framework.basepage.BaseBrowser.<init> - deviceName=desktop
2021-10-27 22:17:51.773 [main-83] INFO  com.framework.basepage.BaseBrowser.<init> - remotePort=4444
2021-10-27 22:17:51.773 [main-84] INFO  com.framework.basepage.BaseBrowser.<init> - remoteIP=
2021-10-27 22:17:51.773 [main-85] INFO  com.framework.basepage.BaseBrowser.<init> - browserVersion=
2021-10-27 22:17:53.970 [main-110] INFO  com.framework.basedriver.BaseDriver.startBrowser - 浏览器：chrome 成功启动！
2021-10-27 22:17:53.971 [main-89] INFO  com.framework.basepage.BaseBrowser.<init> - BBBrowser=ChromeDriver: chrome on MAC (ab9a27d94165c2984b6b0985175f11f4)
2021-10-27 22:17:53.971 [main-90] INFO  com.framework.basepage.BaseBrowser.<init> - BBBbaseDriver=com.framework.basedriver.BaseDriver@35038141
2021-10-27 22:17:53.971 [main-91] INFO  com.framework.basepage.BaseBrowser.<init> - 加载配置信息结束
2021-10-27 22:18:04.165 [main-126] INFO  CeshirenPOCodeSearchPageTest.startMethod - 当前用例测试执行方法为{ get_first_title }
2021-10-27 22:18:04.166 [main-132] INFO  CeshirenPOCodeSearchPageTest.lambda$null$0 - 第{ 1 }条测试用例开始执行
2021-10-27 22:18:06.506 [main-83] INFO  com.framework.basetest.BaseTestCaseExcutor.lambda$null$5 - 测试用例执行结果为{ 中高级测试开发「名企定向」培养计划，内推 BAT 大厂，还有万元奖学金等你拿！ }
2021-10-27 22:18:06.509 [main-110] INFO  com.framework.basetest.BaseTestCaseExcutor.lambda$null$4 - 用例开始添加断言内容
2021-10-27 22:18:06.510 [main-111] INFO  com.framework.basetest.BaseTestCaseExcutor.lambda$null$4 - 实际结果为{ 中高级测试开发「名企定向」培养计划，内推 BAT 大厂，还有万元奖学金等你拿！ }
2021-10-27 22:18:06.510 [main-112] INFO  com.framework.basetest.BaseTestCaseExcutor.lambda$null$4 - 期望结果包含字段{ 名企 }
2021-10-27 22:18:06.511 [main-114] INFO  com.framework.basetest.BaseTestCaseExcutor.lambda$null$4 - 添加断言结束
2021-10-27 22:18:06.512 [main-132] INFO  CeshirenPOCodeSearchPageTest.lambda$null$0 - 第{ 2 }条测试用例开始执行
2021-10-27 22:18:08.428 [main-83] INFO  com.framework.basetest.BaseTestCaseExcutor.lambda$null$5 - 测试用例执行结果为{ 中高级测试开发「名企定向」培养计划，内推 BAT 大厂，还有万元奖学金等你拿！ }
2021-10-27 22:18:08.437 [main-110] INFO  com.framework.basetest.BaseTestCaseExcutor.lambda$null$4 - 用例开始添加断言内容
2021-10-27 22:18:08.437 [main-111] INFO  com.framework.basetest.BaseTestCaseExcutor.lambda$null$4 - 实际结果为{ 中高级测试开发「名企定向」培养计划，内推 BAT 大厂，还有万元奖学金等你拿！ }
2021-10-27 22:18:08.450 [main-112] INFO  com.framework.basetest.BaseTestCaseExcutor.lambda$null$4 - 期望结果包含字段{ 名企 }
2021-10-27 22:18:08.450 [main-114] INFO  com.framework.basetest.BaseTestCaseExcutor.lambda$null$4 - 添加断言结束
2021-10-27 22:18:08.462 [main-137] INFO  CeshirenPOCodeSearchPageTest.startMethod - 方法{ get_first_title }测试用例执行结束
2021-10-27 22:18:08.566 [main-83] INFO  CeshirenPOCodeSearchPageTest.tearDown - 项目模块{ CeshirenPOCodeSearchPageTest }共执行{ 2 }条用例，测试用例开始统一断言
2021-10-27 22:18:08.588 [main-85] INFO  CeshirenPOCodeSearchPageTest.tearDown - 统一断言结束
2021-10-27 22:18:08.590 [main-86] INFO  CeshirenPOCodeSearchPageTest.tearDown - 开始释放资源
2021-10-27 22:18:11.768 [main-146] INFO  com.framework.basedriver.BaseDriver.closeBrowser - chrome浏览器已成功关闭！
2021-10-27 22:18:11.769 [main-90] INFO  CeshirenPOCodeSearchPageTest.tearDown - 释放资源结束
2021-10-27 22:19:58.804 [main-51] INFO  CeshirenPOCodeSearchPageTest.init - 项目模块{ CeshirenPOCodeSearchPageTest }测试用例开始执行
2021-10-27 22:19:58.808 [main-71] INFO  com.framework.basepage.BaseBrowser.<init> - 开始加载浏览器配置信息
2021-10-27 22:19:58.810 [main-80] INFO  com.framework.basepage.BaseBrowser.<init> - browserName=chrome
2021-10-27 22:19:58.810 [main-81] INFO  com.framework.basepage.BaseBrowser.<init> - terminal=pc
2021-10-27 22:19:58.810 [main-82] INFO  com.framework.basepage.BaseBrowser.<init> - deviceName=desktop
2021-10-27 22:19:58.810 [main-83] INFO  com.framework.basepage.BaseBrowser.<init> - remotePort=4444
2021-10-27 22:19:58.811 [main-84] INFO  com.framework.basepage.BaseBrowser.<init> - remoteIP=
2021-10-27 22:19:58.811 [main-85] INFO  com.framework.basepage.BaseBrowser.<init> - browserVersion=
2021-10-27 22:20:00.504 [main-110] INFO  com.framework.basedriver.BaseDriver.startBrowser - 浏览器：chrome 成功启动！
2021-10-27 22:20:00.504 [main-89] INFO  com.framework.basepage.BaseBrowser.<init> - BBBrowser=ChromeDriver: chrome on MAC (d793c2252508d0e21ae0d5143b5bb3a3)
2021-10-27 22:20:00.504 [main-90] INFO  com.framework.basepage.BaseBrowser.<init> - BBBbaseDriver=com.framework.basedriver.BaseDriver@5489c777
2021-10-27 22:20:00.505 [main-91] INFO  com.framework.basepage.BaseBrowser.<init> - 加载配置信息结束
2021-10-27 22:20:15.763 [main-126] INFO  CeshirenPOCodeSearchPageTest.startMethod - 当前用例测试执行方法为{ get_first_title }
2021-10-27 22:20:15.764 [main-132] INFO  CeshirenPOCodeSearchPageTest.lambda$null$0 - 第{ 1 }条测试用例开始执行
2021-10-27 22:20:18.161 [main-83] INFO  com.framework.basetest.BaseTestCaseExcutor.lambda$null$5 - 测试用例执行结果为{ 中高级测试开发「名企定向」培养计划，内推 BAT 大厂，还有万元奖学金等你拿！ }
2021-10-27 22:20:18.163 [main-110] INFO  com.framework.basetest.BaseTestCaseExcutor.lambda$null$4 - 用例开始添加断言内容
2021-10-27 22:20:18.163 [main-111] INFO  com.framework.basetest.BaseTestCaseExcutor.lambda$null$4 - 实际结果为{ 中高级测试开发「名企定向」培养计划，内推 BAT 大厂，还有万元奖学金等你拿！ }
2021-10-27 22:20:18.164 [main-112] INFO  com.framework.basetest.BaseTestCaseExcutor.lambda$null$4 - 期望结果包含字段{ 名企 }
2021-10-27 22:20:18.165 [main-114] INFO  com.framework.basetest.BaseTestCaseExcutor.lambda$null$4 - 添加断言结束
2021-10-27 22:20:18.166 [main-132] INFO  CeshirenPOCodeSearchPageTest.lambda$null$0 - 第{ 2 }条测试用例开始执行
2021-10-27 22:20:20.202 [main-83] INFO  com.framework.basetest.BaseTestCaseExcutor.lambda$null$5 - 测试用例执行结果为{ 中高级测试开发「名企定向」培养计划，内推 BAT 大厂，还有万元奖学金等你拿！ }
2021-10-27 22:20:20.208 [main-110] INFO  com.framework.basetest.BaseTestCaseExcutor.lambda$null$4 - 用例开始添加断言内容
2021-10-27 22:20:20.208 [main-111] INFO  com.framework.basetest.BaseTestCaseExcutor.lambda$null$4 - 实际结果为{ 中高级测试开发「名企定向」培养计划，内推 BAT 大厂，还有万元奖学金等你拿！ }
2021-10-27 22:20:20.221 [main-112] INFO  com.framework.basetest.BaseTestCaseExcutor.lambda$null$4 - 期望结果包含字段{ 名企 }
2021-10-27 22:20:20.222 [main-114] INFO  com.framework.basetest.BaseTestCaseExcutor.lambda$null$4 - 添加断言结束
2021-10-27 22:20:20.233 [main-137] INFO  CeshirenPOCodeSearchPageTest.startMethod - 方法{ get_first_title }测试用例执行结束
2021-10-27 22:20:25.308 [main-126] INFO  CeshirenPOCodeSearchPageTest.startMethod - 当前用例测试执行方法为{ get_title2 }
2021-10-27 22:20:25.309 [main-132] INFO  CeshirenPOCodeSearchPageTest.lambda$null$0 - 第{ 1 }条测试用例开始执行
2021-10-27 22:20:26.211 [main-83] INFO  com.framework.basetest.BaseTestCaseExcutor.lambda$null$5 - 测试用例执行结果为{ 新闻 }
2021-10-27 22:20:26.212 [main-116] INFO  com.framework.basetest.BaseTestCaseExcutor.lambda$null$4 - 用例开始添加断言内容
2021-10-27 22:20:26.212 [main-117] INFO  com.framework.basetest.BaseTestCaseExcutor.lambda$null$4 - 实际结果为{ 新闻 }
2021-10-27 22:20:26.213 [main-118] INFO  com.framework.basetest.BaseTestCaseExcutor.lambda$null$4 - 期望结果为{ 新闻 }
2021-10-27 22:20:26.214 [main-120] INFO  com.framework.basetest.BaseTestCaseExcutor.lambda$null$4 - 添加断言结束
2021-10-27 22:20:26.215 [main-137] INFO  CeshirenPOCodeSearchPageTest.startMethod - 方法{ get_title2 }测试用例执行结束
2021-10-27 22:20:31.234 [main-126] INFO  CeshirenPOCodeSearchPageTest.startMethod - 当前用例测试执行方法为{ get_title3 }
2021-10-27 22:20:31.235 [main-132] INFO  CeshirenPOCodeSearchPageTest.lambda$null$0 - 第{ 1 }条测试用例开始执行
2021-10-27 22:20:42.651 [main-83] INFO  CeshirenPOCodeSearchPageTest.tearDown - 项目模块{ CeshirenPOCodeSearchPageTest }共执行{ 4 }条用例，测试用例开始统一断言
2021-10-27 22:20:42.661 [main-85] INFO  CeshirenPOCodeSearchPageTest.tearDown - 统一断言结束
2021-10-27 22:20:42.661 [main-86] INFO  CeshirenPOCodeSearchPageTest.tearDown - 开始释放资源
2021-10-27 22:20:45.822 [main-146] INFO  com.framework.basedriver.BaseDriver.closeBrowser - chrome浏览器已成功关闭！
2021-10-27 22:20:45.822 [main-90] INFO  CeshirenPOCodeSearchPageTest.tearDown - 释放资源结束
2021-10-27 22:21:02.677 [main-51] INFO  CeshirenPOCodeSearchPageTest2.init - 项目模块{ CeshirenPOCodeSearchPageTest2 }测试用例开始执行
2021-10-27 22:21:02.684 [main-71] INFO  com.framework.basepage.BaseBrowser.<init> - 开始加载浏览器配置信息
2021-10-27 22:21:02.685 [main-80] INFO  com.framework.basepage.BaseBrowser.<init> - browserName=chrome
2021-10-27 22:21:02.686 [main-81] INFO  com.framework.basepage.BaseBrowser.<init> - terminal=pc
2021-10-27 22:21:02.686 [main-82] INFO  com.framework.basepage.BaseBrowser.<init> - deviceName=desktop
2021-10-27 22:21:02.687 [main-83] INFO  com.framework.basepage.BaseBrowser.<init> - remotePort=4444
2021-10-27 22:21:02.687 [main-84] INFO  com.framework.basepage.BaseBrowser.<init> - remoteIP=
2021-10-27 22:21:02.687 [main-85] INFO  com.framework.basepage.BaseBrowser.<init> - browserVersion=
2021-10-27 22:21:04.437 [main-110] INFO  com.framework.basedriver.BaseDriver.startBrowser - 浏览器：chrome 成功启动！
2021-10-27 22:21:04.438 [main-89] INFO  com.framework.basepage.BaseBrowser.<init> - BBBrowser=ChromeDriver: chrome on MAC (2d3ef7a1c882f6776a0a0f4b0a721ab5)
2021-10-27 22:21:04.438 [main-90] INFO  com.framework.basepage.BaseBrowser.<init> - BBBbaseDriver=com.framework.basedriver.BaseDriver@41394595
2021-10-27 22:21:04.438 [main-91] INFO  com.framework.basepage.BaseBrowser.<init> - 加载配置信息结束
2021-10-27 22:21:24.682 [main-77] INFO  CeshirenPOCodeSearchPageTest2.tearDown - 项目模块{ CeshirenPOCodeSearchPageTest2 }共执行{ 0 }条用例，测试用例开始统一断言
2021-10-27 22:21:24.688 [main-79] INFO  CeshirenPOCodeSearchPageTest2.tearDown - 统一断言结束
2021-10-27 22:21:24.689 [main-80] INFO  CeshirenPOCodeSearchPageTest2.tearDown - 开始释放资源
2021-10-27 22:21:27.830 [main-146] INFO  com.framework.basedriver.BaseDriver.closeBrowser - chrome浏览器已成功关闭！
2021-10-27 22:21:27.831 [main-84] INFO  CeshirenPOCodeSearchPageTest2.tearDown - 释放资源结束
2021-10-27 22:35:58.989 [main-51] INFO  CeshirenPOCodeSearchPageTest2.init - 项目模块{ CeshirenPOCodeSearchPageTest2 }测试用例开始执行
2021-10-27 22:35:58.994 [main-71] INFO  com.framework.basepage.BaseBrowser.<init> - 开始加载浏览器配置信息
2021-10-27 22:35:58.995 [main-80] INFO  com.framework.basepage.BaseBrowser.<init> - browserName=chrome
2021-10-27 22:35:58.996 [main-81] INFO  com.framework.basepage.BaseBrowser.<init> - terminal=pc
2021-10-27 22:35:58.996 [main-82] INFO  com.framework.basepage.BaseBrowser.<init> - deviceName=desktop
2021-10-27 22:35:58.996 [main-83] INFO  com.framework.basepage.BaseBrowser.<init> - remotePort=4444
2021-10-27 22:35:58.997 [main-84] INFO  com.framework.basepage.BaseBrowser.<init> - remoteIP=
2021-10-27 22:35:58.997 [main-85] INFO  com.framework.basepage.BaseBrowser.<init> - browserVersion=
2021-10-27 22:36:00.808 [main-110] INFO  com.framework.basedriver.BaseDriver.startBrowser - 浏览器：chrome 成功启动！
2021-10-27 22:36:00.809 [main-89] INFO  com.framework.basepage.BaseBrowser.<init> - BBBrowser=ChromeDriver: chrome on MAC (76fd189627f0b9c87719e25780cf79cc)
2021-10-27 22:36:00.809 [main-90] INFO  com.framework.basepage.BaseBrowser.<init> - BBBbaseDriver=com.framework.basedriver.BaseDriver@41394595
2021-10-27 22:36:00.809 [main-91] INFO  com.framework.basepage.BaseBrowser.<init> - 加载配置信息结束
2021-10-27 22:36:21.070 [main-77] INFO  CeshirenPOCodeSearchPageTest2.tearDown - 项目模块{ CeshirenPOCodeSearchPageTest2 }共执行{ 0 }条用例，测试用例开始统一断言
2021-10-27 22:36:21.076 [main-79] INFO  CeshirenPOCodeSearchPageTest2.tearDown - 统一断言结束
2021-10-27 22:36:21.076 [main-80] INFO  CeshirenPOCodeSearchPageTest2.tearDown - 开始释放资源
2021-10-27 22:36:24.187 [main-146] INFO  com.framework.basedriver.BaseDriver.closeBrowser - chrome浏览器已成功关闭！
2021-10-27 22:36:24.187 [main-84] INFO  CeshirenPOCodeSearchPageTest2.tearDown - 释放资源结束
2021-10-27 22:37:20.285 [main-51] INFO  CeshirenPOCodeSearchPageTest2.init - 项目模块{ CeshirenPOCodeSearchPageTest2 }测试用例开始执行
2021-10-27 22:37:20.290 [main-71] INFO  com.framework.basepage.BaseBrowser.<init> - 开始加载浏览器配置信息
2021-10-27 22:37:20.292 [main-80] INFO  com.framework.basepage.BaseBrowser.<init> - browserName=chrome
2021-10-27 22:37:20.292 [main-81] INFO  com.framework.basepage.BaseBrowser.<init> - terminal=pc
2021-10-27 22:37:20.293 [main-82] INFO  com.framework.basepage.BaseBrowser.<init> - deviceName=desktop
2021-10-27 22:37:20.293 [main-83] INFO  com.framework.basepage.BaseBrowser.<init> - remotePort=4444
2021-10-27 22:37:20.293 [main-84] INFO  com.framework.basepage.BaseBrowser.<init> - remoteIP=
2021-10-27 22:37:20.294 [main-85] INFO  com.framework.basepage.BaseBrowser.<init> - browserVersion=
2021-10-27 22:37:22.007 [main-110] INFO  com.framework.basedriver.BaseDriver.startBrowser - 浏览器：chrome 成功启动！
2021-10-27 22:37:22.007 [main-89] INFO  com.framework.basepage.BaseBrowser.<init> - BBBrowser=ChromeDriver: chrome on MAC (69a6e13386310ab45de0b4ff600fbb06)
2021-10-27 22:37:22.008 [main-90] INFO  com.framework.basepage.BaseBrowser.<init> - BBBbaseDriver=com.framework.basedriver.BaseDriver@41394595
2021-10-27 22:37:22.008 [main-91] INFO  com.framework.basepage.BaseBrowser.<init> - 加载配置信息结束
2021-10-27 22:37:42.264 [main-77] INFO  CeshirenPOCodeSearchPageTest2.tearDown - 项目模块{ CeshirenPOCodeSearchPageTest2 }共执行{ 0 }条用例，测试用例开始统一断言
2021-10-27 22:37:42.270 [main-79] INFO  CeshirenPOCodeSearchPageTest2.tearDown - 统一断言结束
2021-10-27 22:37:42.270 [main-80] INFO  CeshirenPOCodeSearchPageTest2.tearDown - 开始释放资源
2021-10-27 22:37:45.379 [main-146] INFO  com.framework.basedriver.BaseDriver.closeBrowser - chrome浏览器已成功关闭！
2021-10-27 22:37:45.379 [main-84] INFO  CeshirenPOCodeSearchPageTest2.tearDown - 释放资源结束
2021-10-27 22:39:41.845 [main-51] INFO  CeshirenPOCodeSearchPageTest2.init - 项目模块{ CeshirenPOCodeSearchPageTest2 }测试用例开始执行
2021-10-27 22:39:41.851 [main-71] INFO  com.framework.basepage.BaseBrowser.<init> - 开始加载浏览器配置信息
2021-10-27 22:39:41.852 [main-80] INFO  com.framework.basepage.BaseBrowser.<init> - browserName=chrome
2021-10-27 22:39:41.853 [main-81] INFO  com.framework.basepage.BaseBrowser.<init> - terminal=pc
2021-10-27 22:39:41.853 [main-82] INFO  com.framework.basepage.BaseBrowser.<init> - deviceName=desktop
2021-10-27 22:39:41.853 [main-83] INFO  com.framework.basepage.BaseBrowser.<init> - remotePort=4444
2021-10-27 22:39:41.854 [main-84] INFO  com.framework.basepage.BaseBrowser.<init> - remoteIP=
2021-10-27 22:39:41.854 [main-85] INFO  com.framework.basepage.BaseBrowser.<init> - browserVersion=
2021-10-27 22:39:43.599 [main-110] INFO  com.framework.basedriver.BaseDriver.startBrowser - 浏览器：chrome 成功启动！
2021-10-27 22:39:43.600 [main-89] INFO  com.framework.basepage.BaseBrowser.<init> - BBBrowser=ChromeDriver: chrome on MAC (8e1f81cd4bbfded623d47a7ca2fbf5f6)
2021-10-27 22:39:43.600 [main-90] INFO  com.framework.basepage.BaseBrowser.<init> - BBBbaseDriver=com.framework.basedriver.BaseDriver@2b5cb9b2
2021-10-27 22:39:43.601 [main-91] INFO  com.framework.basepage.BaseBrowser.<init> - 加载配置信息结束
2021-10-27 22:39:53.790 [main-120] INFO  CeshirenPOCodeSearchPageTest2.startMethod - 当前用例测试执行方法为{ get_first_title }
2021-10-27 22:39:53.791 [main-126] INFO  CeshirenPOCodeSearchPageTest2.lambda$null$0 - 第{ 1 }条测试用例开始执行
2021-10-27 22:39:56.714 [main-83] INFO  com.framework.basetest.BaseTestCaseExcutor.lambda$null$5 - 测试用例执行结果为{ 中高级测试开发「名企定向」培养计划，内推 BAT 大厂，还有万元奖学金等你拿！ }
2021-10-27 22:39:56.716 [main-110] INFO  com.framework.basetest.BaseTestCaseExcutor.lambda$null$4 - 用例开始添加断言内容
2021-10-27 22:39:56.717 [main-111] INFO  com.framework.basetest.BaseTestCaseExcutor.lambda$null$4 - 实际结果为{ 中高级测试开发「名企定向」培养计划，内推 BAT 大厂，还有万元奖学金等你拿！ }
2021-10-27 22:39:56.717 [main-112] INFO  com.framework.basetest.BaseTestCaseExcutor.lambda$null$4 - 期望结果包含字段{ 名企 }
2021-10-27 22:39:56.718 [main-114] INFO  com.framework.basetest.BaseTestCaseExcutor.lambda$null$4 - 添加断言结束
2021-10-27 22:39:56.718 [main-126] INFO  CeshirenPOCodeSearchPageTest2.lambda$null$0 - 第{ 2 }条测试用例开始执行
2021-10-27 22:39:58.779 [main-83] INFO  com.framework.basetest.BaseTestCaseExcutor.lambda$null$5 - 测试用例执行结果为{ 中高级测试开发「名企定向」培养计划，内推 BAT 大厂，还有万元奖学金等你拿！ }
2021-10-27 22:39:58.783 [main-110] INFO  com.framework.basetest.BaseTestCaseExcutor.lambda$null$4 - 用例开始添加断言内容
2021-10-27 22:39:58.786 [main-111] INFO  com.framework.basetest.BaseTestCaseExcutor.lambda$null$4 - 实际结果为{ 中高级测试开发「名企定向」培养计划，内推 BAT 大厂，还有万元奖学金等你拿！ }
2021-10-27 22:39:58.786 [main-112] INFO  com.framework.basetest.BaseTestCaseExcutor.lambda$null$4 - 期望结果包含字段{ 名企 }
2021-10-27 22:39:58.800 [main-114] INFO  com.framework.basetest.BaseTestCaseExcutor.lambda$null$4 - 添加断言结束
2021-10-27 22:39:58.802 [main-131] INFO  CeshirenPOCodeSearchPageTest2.startMethod - 方法{ get_first_title }测试用例执行结束
2021-10-27 22:39:58.923 [main-77] INFO  CeshirenPOCodeSearchPageTest2.tearDown - 项目模块{ CeshirenPOCodeSearchPageTest2 }共执行{ 2 }条用例，测试用例开始统一断言
2021-10-27 22:39:58.943 [main-79] INFO  CeshirenPOCodeSearchPageTest2.tearDown - 统一断言结束
2021-10-27 22:39:58.950 [main-80] INFO  CeshirenPOCodeSearchPageTest2.tearDown - 开始释放资源
2021-10-27 22:40:02.113 [main-146] INFO  com.framework.basedriver.BaseDriver.closeBrowser - chrome浏览器已成功关闭！
2021-10-27 22:40:02.114 [main-84] INFO  CeshirenPOCodeSearchPageTest2.tearDown - 释放资源结束
2021-10-27 22:40:55.947 [main-51] INFO  CeshirenPOCodeSearchPageTest2.init - 项目模块{ CeshirenPOCodeSearchPageTest2 }测试用例开始执行
2021-10-27 22:40:55.950 [main-71] INFO  com.framework.basepage.BaseBrowser.<init> - 开始加载浏览器配置信息
2021-10-27 22:40:55.952 [main-80] INFO  com.framework.basepage.BaseBrowser.<init> - browserName=chrome
2021-10-27 22:40:55.953 [main-81] INFO  com.framework.basepage.BaseBrowser.<init> - terminal=pc
2021-10-27 22:40:55.953 [main-82] INFO  com.framework.basepage.BaseBrowser.<init> - deviceName=desktop
2021-10-27 22:40:55.953 [main-83] INFO  com.framework.basepage.BaseBrowser.<init> - remotePort=4444
2021-10-27 22:40:55.953 [main-84] INFO  com.framework.basepage.BaseBrowser.<init> - remoteIP=
2021-10-27 22:40:55.954 [main-85] INFO  com.framework.basepage.BaseBrowser.<init> - browserVersion=
2021-10-27 22:40:58.030 [main-110] INFO  com.framework.basedriver.BaseDriver.startBrowser - 浏览器：chrome 成功启动！
2021-10-27 22:40:58.031 [main-89] INFO  com.framework.basepage.BaseBrowser.<init> - BBBrowser=ChromeDriver: chrome on MAC (6373fcd219e95c76312dca97a45891ec)
2021-10-27 22:40:58.031 [main-90] INFO  com.framework.basepage.BaseBrowser.<init> - BBBbaseDriver=com.framework.basedriver.BaseDriver@425357dd
2021-10-27 22:40:58.032 [main-91] INFO  com.framework.basepage.BaseBrowser.<init> - 加载配置信息结束
2021-10-27 22:41:08.408 [main-120] INFO  CeshirenPOCodeSearchPageTest2.startMethod - 当前用例测试执行方法为{ get_first_title }
2021-10-27 22:41:08.409 [main-126] INFO  CeshirenPOCodeSearchPageTest2.lambda$null$0 - 第{ 1 }条测试用例开始执行
2021-10-27 22:41:11.035 [main-83] INFO  com.framework.basetest.BaseTestCaseExcutor.lambda$null$5 - 测试用例执行结果为{ 中高级测试开发「名企定向」培养计划，内推 BAT 大厂，还有万元奖学金等你拿！ }
2021-10-27 22:41:11.036 [main-110] INFO  com.framework.basetest.BaseTestCaseExcutor.lambda$null$4 - 用例开始添加断言内容
2021-10-27 22:41:11.036 [main-111] INFO  com.framework.basetest.BaseTestCaseExcutor.lambda$null$4 - 实际结果为{ 中高级测试开发「名企定向」培养计划，内推 BAT 大厂，还有万元奖学金等你拿！ }
2021-10-27 22:41:11.037 [main-112] INFO  com.framework.basetest.BaseTestCaseExcutor.lambda$null$4 - 期望结果包含字段{ 名企 }
2021-10-27 22:41:11.038 [main-114] INFO  com.framework.basetest.BaseTestCaseExcutor.lambda$null$4 - 添加断言结束
2021-10-27 22:41:11.038 [main-126] INFO  CeshirenPOCodeSearchPageTest2.lambda$null$0 - 第{ 2 }条测试用例开始执行
2021-10-27 22:41:12.940 [main-83] INFO  com.framework.basetest.BaseTestCaseExcutor.lambda$null$5 - 测试用例执行结果为{ 中高级测试开发「名企定向」培养计划，内推 BAT 大厂，还有万元奖学金等你拿！ }
2021-10-27 22:41:12.955 [main-110] INFO  com.framework.basetest.BaseTestCaseExcutor.lambda$null$4 - 用例开始添加断言内容
2021-10-27 22:41:12.956 [main-111] INFO  com.framework.basetest.BaseTestCaseExcutor.lambda$null$4 - 实际结果为{ 中高级测试开发「名企定向」培养计划，内推 BAT 大厂，还有万元奖学金等你拿！ }
2021-10-27 22:41:12.957 [main-112] INFO  com.framework.basetest.BaseTestCaseExcutor.lambda$null$4 - 期望结果包含字段{ 名企 }
2021-10-27 22:41:12.970 [main-114] INFO  com.framework.basetest.BaseTestCaseExcutor.lambda$null$4 - 添加断言结束
2021-10-27 22:41:12.972 [main-131] INFO  CeshirenPOCodeSearchPageTest2.startMethod - 方法{ get_first_title }测试用例执行结束
2021-10-27 22:41:18.086 [main-120] INFO  CeshirenPOCodeSearchPageTest2.startMethod - 当前用例测试执行方法为{ get_title2 }
2021-10-27 22:41:18.087 [main-126] INFO  CeshirenPOCodeSearchPageTest2.lambda$null$0 - 第{ 1 }条测试用例开始执行
2021-10-27 22:41:19.012 [main-83] INFO  com.framework.basetest.BaseTestCaseExcutor.lambda$null$5 - 测试用例执行结果为{ 新闻 }
2021-10-27 22:41:19.013 [main-116] INFO  com.framework.basetest.BaseTestCaseExcutor.lambda$null$4 - 用例开始添加断言内容
2021-10-27 22:41:19.013 [main-117] INFO  com.framework.basetest.BaseTestCaseExcutor.lambda$null$4 - 实际结果为{ 新闻 }
2021-10-27 22:41:19.014 [main-118] INFO  com.framework.basetest.BaseTestCaseExcutor.lambda$null$4 - 期望结果为{ 新闻 }
2021-10-27 22:41:19.015 [main-120] INFO  com.framework.basetest.BaseTestCaseExcutor.lambda$null$4 - 添加断言结束
2021-10-27 22:41:19.015 [main-131] INFO  CeshirenPOCodeSearchPageTest2.startMethod - 方法{ get_title2 }测试用例执行结束
2021-10-27 22:41:19.023 [main-77] INFO  CeshirenPOCodeSearchPageTest2.tearDown - 项目模块{ CeshirenPOCodeSearchPageTest2 }共执行{ 3 }条用例，测试用例开始统一断言
2021-10-27 22:41:19.036 [main-79] INFO  CeshirenPOCodeSearchPageTest2.tearDown - 统一断言结束
2021-10-27 22:41:19.037 [main-80] INFO  CeshirenPOCodeSearchPageTest2.tearDown - 开始释放资源
2021-10-27 22:41:22.232 [main-146] INFO  com.framework.basedriver.BaseDriver.closeBrowser - chrome浏览器已成功关闭！
2021-10-27 22:41:22.232 [main-84] INFO  CeshirenPOCodeSearchPageTest2.tearDown - 释放资源结束
2021-10-27 22:41:22.239 [main-51] INFO  CeshirenPOCodeSearchPageTest.init - 项目模块{ CeshirenPOCodeSearchPageTest }测试用例开始执行
2021-10-27 22:41:22.239 [main-71] INFO  com.framework.basepage.BaseBrowser.<init> - 开始加载浏览器配置信息
2021-10-27 22:41:22.240 [main-80] INFO  com.framework.basepage.BaseBrowser.<init> - browserName=chrome
2021-10-27 22:41:22.240 [main-81] INFO  com.framework.basepage.BaseBrowser.<init> - terminal=pc
2021-10-27 22:41:22.240 [main-82] INFO  com.framework.basepage.BaseBrowser.<init> - deviceName=desktop
2021-10-27 22:41:22.241 [main-83] INFO  com.framework.basepage.BaseBrowser.<init> - remotePort=4444
2021-10-27 22:41:22.241 [main-84] INFO  com.framework.basepage.BaseBrowser.<init> - remoteIP=
2021-10-27 22:41:22.241 [main-85] INFO  com.framework.basepage.BaseBrowser.<init> - browserVersion=
2021-10-27 22:41:23.792 [main-110] INFO  com.framework.basedriver.BaseDriver.startBrowser - 浏览器：chrome 成功启动！
2021-10-27 22:41:23.793 [main-89] INFO  com.framework.basepage.BaseBrowser.<init> - BBBrowser=ChromeDriver: chrome on MAC (88a6ff60f71aff4ea8cb92775c3a2557)
2021-10-27 22:41:23.793 [main-90] INFO  com.framework.basepage.BaseBrowser.<init> - BBBbaseDriver=com.framework.basedriver.BaseDriver@6093d508
2021-10-27 22:41:23.794 [main-91] INFO  com.framework.basepage.BaseBrowser.<init> - 加载配置信息结束
2021-10-27 22:41:28.817 [main-126] INFO  CeshirenPOCodeSearchPageTest.startMethod - 当前用例测试执行方法为{ get_first_title }
2021-10-27 22:41:28.818 [main-132] INFO  CeshirenPOCodeSearchPageTest.lambda$null$0 - 第{ 1 }条测试用例开始执行
2021-10-27 22:41:31.268 [main-83] INFO  com.framework.basetest.BaseTestCaseExcutor.lambda$null$5 - 测试用例执行结果为{ 中高级测试开发「名企定向」培养计划，内推 BAT 大厂，还有万元奖学金等你拿！ }
2021-10-27 22:41:31.268 [main-110] INFO  com.framework.basetest.BaseTestCaseExcutor.lambda$null$4 - 用例开始添加断言内容
2021-10-27 22:41:31.269 [main-111] INFO  com.framework.basetest.BaseTestCaseExcutor.lambda$null$4 - 实际结果为{ 中高级测试开发「名企定向」培养计划，内推 BAT 大厂，还有万元奖学金等你拿！ }
2021-10-27 22:41:31.269 [main-112] INFO  com.framework.basetest.BaseTestCaseExcutor.lambda$null$4 - 期望结果包含字段{ 名企 }
2021-10-27 22:41:31.269 [main-114] INFO  com.framework.basetest.BaseTestCaseExcutor.lambda$null$4 - 添加断言结束
2021-10-27 22:41:31.270 [main-132] INFO  CeshirenPOCodeSearchPageTest.lambda$null$0 - 第{ 2 }条测试用例开始执行
2021-10-27 22:41:33.078 [main-83] INFO  com.framework.basetest.BaseTestCaseExcutor.lambda$null$5 - 测试用例执行结果为{ 中高级测试开发「名企定向」培养计划，内推 BAT 大厂，还有万元奖学金等你拿！ }
2021-10-27 22:41:33.087 [main-110] INFO  com.framework.basetest.BaseTestCaseExcutor.lambda$null$4 - 用例开始添加断言内容
2021-10-27 22:41:33.088 [main-111] INFO  com.framework.basetest.BaseTestCaseExcutor.lambda$null$4 - 实际结果为{ 中高级测试开发「名企定向」培养计划，内推 BAT 大厂，还有万元奖学金等你拿！ }
2021-10-27 22:41:33.089 [main-112] INFO  com.framework.basetest.BaseTestCaseExcutor.lambda$null$4 - 期望结果包含字段{ 名企 }
2021-10-27 22:41:33.100 [main-114] INFO  com.framework.basetest.BaseTestCaseExcutor.lambda$null$4 - 添加断言结束
2021-10-27 22:41:33.101 [main-137] INFO  CeshirenPOCodeSearchPageTest.startMethod - 方法{ get_first_title }测试用例执行结束
2021-10-27 22:41:38.119 [main-126] INFO  CeshirenPOCodeSearchPageTest.startMethod - 当前用例测试执行方法为{ get_title2 }
2021-10-27 22:41:38.120 [main-132] INFO  CeshirenPOCodeSearchPageTest.lambda$null$0 - 第{ 1 }条测试用例开始执行
2021-10-27 22:41:38.694 [main-83] INFO  com.framework.basetest.BaseTestCaseExcutor.lambda$null$5 - 测试用例执行结果为{ 新闻 }
2021-10-27 22:41:38.695 [main-116] INFO  com.framework.basetest.BaseTestCaseExcutor.lambda$null$4 - 用例开始添加断言内容
2021-10-27 22:41:38.695 [main-117] INFO  com.framework.basetest.BaseTestCaseExcutor.lambda$null$4 - 实际结果为{ 新闻 }
2021-10-27 22:41:38.696 [main-118] INFO  com.framework.basetest.BaseTestCaseExcutor.lambda$null$4 - 期望结果为{ 新闻 }
2021-10-27 22:41:38.696 [main-120] INFO  com.framework.basetest.BaseTestCaseExcutor.lambda$null$4 - 添加断言结束
2021-10-27 22:41:38.696 [main-137] INFO  CeshirenPOCodeSearchPageTest.startMethod - 方法{ get_title2 }测试用例执行结束
2021-10-27 22:41:38.700 [main-83] INFO  CeshirenPOCodeSearchPageTest.tearDown - 项目模块{ CeshirenPOCodeSearchPageTest }共执行{ 3 }条用例，测试用例开始统一断言
2021-10-27 22:41:38.700 [main-85] INFO  CeshirenPOCodeSearchPageTest.tearDown - 统一断言结束
2021-10-27 22:41:38.700 [main-86] INFO  CeshirenPOCodeSearchPageTest.tearDown - 开始释放资源
2021-10-27 22:41:41.891 [main-146] INFO  com.framework.basedriver.BaseDriver.closeBrowser - chrome浏览器已成功关闭！
2021-10-27 22:41:41.891 [main-90] INFO  CeshirenPOCodeSearchPageTest.tearDown - 释放资源结束
