2021-11-01 10:32:51.116 [main-53] INFO  com.wechat.pageobject.testcase.WeChatContactTest.init - 项目模块{ WeChatContactTest }开始启动执行
2021-11-01 10:32:51.119 [main-54] INFO  com.wechat.pageobject.testcase.WeChatContactTest.init - 开始初始化...
2021-11-01 10:32:51.120 [main-70] INFO  com.framework.basepage.BaseBrowser.<init> - 浏览器启动中...
2021-11-01 10:32:52.851 [main-103] INFO  com.framework.basedriver.BaseDriver.startBrowser - 浏览器：chrome 成功启动！
2021-11-01 10:32:52.852 [main-62] INFO  com.wechat.pageobject.testcase.WeChatContactTest.init - 项目基础配置加载中...
2021-11-01 10:32:52.987 [main-68] INFO  com.wechat.pageobject.testcase.WeChatContactTest.init - 项目基础配置加载成功
2021-11-01 10:32:52.987 [main-75] INFO  com.wechat.pageobject.testcase.WeChatContactTest.init - 开始数据清理
2021-11-01 10:32:52.988 [main-77] INFO  com.wechat.pageobject.testcase.WeChatContactTest.init - 清理数据完成
2021-11-01 10:33:06.477 [main-82] INFO  com.wechat.pageobject.testcase.WeChatContactTest.init - 初始化结束...
2021-11-01 10:33:16.570 [main-140] INFO  com.wechat.pageobject.testcase.WeChatContactTest.startMethod - 当前用例测试执行方法为{ addDepartment }
2021-11-01 10:33:16.571 [main-146] INFO  com.wechat.pageobject.testcase.WeChatContactTest.lambda$null$0 - 第{ 1 }条测试用例开始执行
2021-11-01 10:33:38.607 [main-140] INFO  com.wechat.pageobject.testcase.WeChatContactTest.startMethod - 当前用例测试执行方法为{ searchDepartment }
2021-11-01 10:33:38.607 [main-146] INFO  com.wechat.pageobject.testcase.WeChatContactTest.lambda$null$0 - 第{ 1 }条测试用例开始执行
2021-11-01 10:33:56.977 [main-83] INFO  com.framework.basetest.BaseTestCaseExcutor.lambda$null$5 - 测试用例执行结果为{ 集合元素列表大小为：0 }
2021-11-01 10:33:56.979 [main-116] INFO  com.framework.basetest.BaseTestCaseExcutor.lambda$null$4 - 用例开始添加断言内容
2021-11-01 10:33:56.979 [main-117] INFO  com.framework.basetest.BaseTestCaseExcutor.lambda$null$4 - 实际结果为{ 集合元素列表大小为：0 }
2021-11-01 10:33:56.979 [main-118] INFO  com.framework.basetest.BaseTestCaseExcutor.lambda$null$4 - 期望结果为{ 集合元素列表大小为：1 }
2021-11-01 10:33:56.980 [main-120] INFO  com.framework.basetest.BaseTestCaseExcutor.lambda$null$4 - 添加断言结束
2021-11-01 10:33:56.981 [main-146] INFO  com.wechat.pageobject.testcase.WeChatContactTest.lambda$null$0 - 第{ 2 }条测试用例开始执行
2021-11-01 10:34:15.329 [main-83] INFO  com.framework.basetest.BaseTestCaseExcutor.lambda$null$5 - 测试用例执行结果为{ 集合元素列表大小为：0 }
2021-11-01 10:34:15.329 [main-116] INFO  com.framework.basetest.BaseTestCaseExcutor.lambda$null$4 - 用例开始添加断言内容
2021-11-01 10:34:15.330 [main-117] INFO  com.framework.basetest.BaseTestCaseExcutor.lambda$null$4 - 实际结果为{ 集合元素列表大小为：0 }
2021-11-01 10:34:15.330 [main-118] INFO  com.framework.basetest.BaseTestCaseExcutor.lambda$null$4 - 期望结果为{ 集合元素列表大小为：0 }
2021-11-01 10:34:15.330 [main-120] INFO  com.framework.basetest.BaseTestCaseExcutor.lambda$null$4 - 添加断言结束
2021-11-01 10:34:15.331 [main-151] INFO  com.wechat.pageobject.testcase.WeChatContactTest.startMethod - 方法{ searchDepartment }测试用例执行结束
2021-11-01 10:34:20.343 [main-140] INFO  com.wechat.pageobject.testcase.WeChatContactTest.startMethod - 当前用例测试执行方法为{ updateDepartment }
2021-11-01 10:34:20.344 [main-146] INFO  com.wechat.pageobject.testcase.WeChatContactTest.lambda$null$0 - 第{ 1 }条测试用例开始执行
2021-11-01 10:34:42.484 [main-140] INFO  com.wechat.pageobject.testcase.WeChatContactTest.startMethod - 当前用例测试执行方法为{ deleteDepartment }
2021-11-01 10:34:42.484 [main-146] INFO  com.wechat.pageobject.testcase.WeChatContactTest.lambda$null$0 - 第{ 1 }条测试用例开始执行
2021-11-01 10:35:04.624 [main-140] INFO  com.wechat.pageobject.testcase.WeChatContactTest.startMethod - 当前用例测试执行方法为{ addDepartmentMember }
2021-11-01 10:35:04.624 [main-146] INFO  com.wechat.pageobject.testcase.WeChatContactTest.lambda$null$0 - 第{ 1 }条测试用例开始执行
2021-11-01 10:35:16.690 [main-83] INFO  com.framework.basetest.BaseTestCaseExcutor.lambda$null$5 - 测试用例执行结果为{ 结果包含断言字段：Dereck }
2021-11-01 10:35:16.691 [main-116] INFO  com.framework.basetest.BaseTestCaseExcutor.lambda$null$4 - 用例开始添加断言内容
2021-11-01 10:35:16.691 [main-117] INFO  com.framework.basetest.BaseTestCaseExcutor.lambda$null$4 - 实际结果为{ 结果包含断言字段：Dereck }
2021-11-01 10:35:16.691 [main-118] INFO  com.framework.basetest.BaseTestCaseExcutor.lambda$null$4 - 期望结果为{ 结果包含断言字段：Dereck }
2021-11-01 10:35:16.692 [main-120] INFO  com.framework.basetest.BaseTestCaseExcutor.lambda$null$4 - 添加断言结束
2021-11-01 10:35:16.692 [main-151] INFO  com.wechat.pageobject.testcase.WeChatContactTest.startMethod - 方法{ addDepartmentMember }测试用例执行结束
2021-11-01 10:35:21.708 [main-90] INFO  com.wechat.pageobject.testcase.WeChatContactTest.tearDown - 项目模块{ WeChatContactTest }共执行{ 6 }条用例，测试用例开始统一断言
